2025-12-31 22:55:11,516 [INFO] [main_controller] Power Trading System controller starting...
2025-12-31 22:55:11,614 [INFO] [LiveTrader] LiveTrader initialized in SIMULATION mode.
2025-12-31 22:55:11,646 [INFO] [LiveTrader] Kill switch path: C:\Users\dennis\external_memory\KILL_SWITCH
2025-12-31 22:55:17,418 [INFO] [main_controller] Power Trading System controller starting...
2025-12-31 22:55:17,425 [INFO] [LiveTrader] LiveTrader initialized in SIMULATION mode.
2025-12-31 22:55:17,426 [INFO] [LiveTrader] Kill switch path: C:\Users\dennis\external_memory\KILL_SWITCH
2025-12-31 22:57:38,277 [INFO] [main_controller] Power Trading System controller starting...
2025-12-31 22:57:38,284 [INFO] [LiveTrader] LiveTrader initialized in SIMULATION mode.
2025-12-31 22:57:38,285 [INFO] [LiveTrader] Kill switch path: C:\Users\dennis\external_memory\KILL_SWITCH
2025-12-31 22:57:38,415 [INFO] [LiveTrader] [SIMULATION] HOLD | Size=1.0 Price=100.0496605687892
2025-12-31 22:57:38,734 [WARNING] [LiveTrader] LearningEngine reinforce failed: LearningEngine.reinforce() got an unexpected keyword argument 'key'
2025-12-31 22:57:38,736 [INFO] [LiveTrader] [SIMULATION] SELL | Size=1.0 Price=99.6770113242999
2025-12-31 22:57:39,053 [WARNING] [LiveTrader] LearningEngine reinforce failed: LearningEngine.reinforce() got an unexpected keyword argument 'key'
2025-12-31 22:57:39,054 [INFO] [LiveTrader] [SIMULATION] BUY | Size=1.0 Price=100.83409276414844
2025-12-31 22:57:39,358 [WARNING] [LiveTrader] LearningEngine reinforce failed: LearningEngine.reinforce() got an unexpected keyword argument 'key'
2025-12-31 22:57:39,361 [INFO] [LiveTrader] [SIMULATION] SELL | Size=1.0 Price=99.52651267754908
2025-12-31 22:57:39,668 [WARNING] [LiveTrader] LearningEngine reinforce failed: LearningEngine.reinforce() got an unexpected keyword argument 'key'
2025-12-31 22:57:39,670 [INFO] [LiveTrader] [SIMULATION] BUY | Size=1.0 Price=100.50034245811352
2025-12-31 22:57:39,974 [WARNING] [LiveTrader] LearningEngine reinforce failed: LearningEngine.reinforce() got an unexpected keyword argument 'key'
2025-12-31 22:57:39,975 [INFO] [LiveTrader] [SIMULATION] SELL | Size=1.0 Price=100.12584650146293
2025-12-31 22:57:40,280 [WARNING] [LiveTrader] LearningEngine reinforce failed: LearningEngine.reinforce() got an unexpected keyword argument 'key'
2025-12-31 22:57:40,282 [INFO] [LiveTrader] [SIMULATION] SELL | Size=1.0 Price=99.8627583627795
2025-12-31 22:57:40,585 [WARNING] [LiveTrader] LearningEngine reinforce failed: LearningEngine.reinforce() got an unexpected keyword argument 'key'
2025-12-31 22:57:40,587 [INFO] [LiveTrader] [SIMULATION] SELL | Size=1.0 Price=99.2937637008049
2025-12-31 22:57:40,891 [WARNING] [LiveTrader] LearningEngine reinforce failed: LearningEngine.reinforce() got an unexpected keyword argument 'key'
2025-12-31 22:57:40,894 [INFO] [LiveTrader] [SIMULATION] SELL | Size=1.0 Price=99.13319938537971
2025-12-31 22:57:41,198 [WARNING] [LiveTrader] LearningEngine reinforce failed: LearningEngine.reinforce() got an unexpected keyword argument 'key'
2025-12-31 22:57:41,200 [INFO] [LiveTrader] [SIMULATION] BUY | Size=1.0 Price=100.28501322786931
2025-12-31 22:57:41,506 [WARNING] [LiveTrader] LearningEngine reinforce failed: LearningEngine.reinforce() got an unexpected keyword argument 'key'
2025-12-31 22:57:41,508 [INFO] [LiveTrader] [SIMULATION] BUY | Size=1.0 Price=100.67555313045209
2025-12-31 22:57:41,814 [WARNING] [LiveTrader] LearningEngine reinforce failed: LearningEngine.reinforce() got an unexpected keyword argument 'key'
2025-12-31 22:57:41,815 [INFO] [LiveTrader] [SIMULATION] BUY | Size=1.0 Price=100.93351604699623
2025-12-31 22:57:42,119 [WARNING] [LiveTrader] LearningEngine reinforce failed: LearningEngine.reinforce() got an unexpected keyword argument 'key'
2025-12-31 22:57:42,121 [INFO] [LiveTrader] [SIMULATION] SELL | Size=1.0 Price=100.41607371284137
2025-12-31 22:57:42,424 [WARNING] [LiveTrader] LearningEngine reinforce failed: LearningEngine.reinforce() got an unexpected keyword argument 'key'
2025-12-31 22:57:42,426 [INFO] [LiveTrader] [SIMULATION] SELL | Size=1.0 Price=99.02367712254636
2025-12-31 22:57:42,730 [WARNING] [LiveTrader] LearningEngine reinforce failed: LearningEngine.reinforce() got an unexpected keyword argument 'key'
2025-12-31 22:57:42,733 [INFO] [LiveTrader] [SIMULATION] BUY | Size=1.0 Price=100.82196333581048
2025-12-31 22:57:43,036 [WARNING] [LiveTrader] LearningEngine reinforce failed: LearningEngine.reinforce() got an unexpected keyword argument 'key'
2025-12-31 22:57:43,038 [INFO] [LiveTrader] [SIMULATION] SELL | Size=1.0 Price=100.20257227089616
2025-12-31 22:57:43,342 [WARNING] [LiveTrader] LearningEngine reinforce failed: LearningEngine.reinforce() got an unexpected keyword argument 'key'
2025-12-31 22:57:43,345 [INFO] [LiveTrader] [SIMULATION] BUY | Size=1.0 Price=100.84910236521138
2025-12-31 22:57:43,650 [WARNING] [LiveTrader] LearningEngine reinforce failed: LearningEngine.reinforce() got an unexpected keyword argument 'key'
2025-12-31 22:57:43,652 [INFO] [LiveTrader] [SIMULATION] SELL | Size=1.0 Price=100.71567990217072
2025-12-31 22:57:43,956 [WARNING] [LiveTrader] LearningEngine reinforce failed: LearningEngine.reinforce() got an unexpected keyword argument 'key'
2025-12-31 22:57:43,957 [INFO] [LiveTrader] [SIMULATION] SELL | Size=1.0 Price=99.3450317262265
2025-12-31 22:57:44,261 [WARNING] [LiveTrader] LearningEngine reinforce failed: LearningEngine.reinforce() got an unexpected keyword argument 'key'
2025-12-31 22:57:44,262 [INFO] [LiveTrader] [SIMULATION] HOLD | Size=1.0 Price=99.36415505750307
2025-12-31 22:57:44,636 [WARNING] [LiveTrader] LearningEngine reinforce failed: LearningEngine.reinforce() got an unexpected keyword argument 'key'
2025-12-31 22:57:44,638 [INFO] [LiveTrader] [SIMULATION] BUY | Size=1.0 Price=99.70929507016109
2025-12-31 22:57:44,942 [WARNING] [LiveTrader] LearningEngine reinforce failed: LearningEngine.reinforce() got an unexpected keyword argument 'key'
2025-12-31 22:57:44,945 [INFO] [LiveTrader] [SIMULATION] BUY | Size=1.0 Price=100.16098658857457
2025-12-31 22:57:45,250 [WARNING] [LiveTrader] LearningEngine reinforce failed: LearningEngine.reinforce() got an unexpected keyword argument 'key'
2025-12-31 22:57:45,251 [INFO] [LiveTrader] [SIMULATION] BUY | Size=1.0 Price=100.57183116122829
2025-12-31 22:57:45,555 [WARNING] [LiveTrader] LearningEngine reinforce failed: LearningEngine.reinforce() got an unexpected keyword argument 'key'
2025-12-31 22:57:45,556 [INFO] [LiveTrader] [SIMULATION] HOLD | Size=1.0 Price=100.65381345263914
2025-12-31 22:57:45,860 [WARNING] [LiveTrader] LearningEngine reinforce failed: LearningEngine.reinforce() got an unexpected keyword argument 'key'
2025-12-31 22:57:45,864 [INFO] [LiveTrader] [SIMULATION] SELL | Size=1.0 Price=100.02648062374621
2025-12-31 22:57:46,168 [WARNING] [LiveTrader] LearningEngine reinforce failed: LearningEngine.reinforce() got an unexpected keyword argument 'key'
2025-12-31 22:57:46,170 [INFO] [LiveTrader] [SIMULATION] SELL | Size=1.0 Price=99.25177796365712
2025-12-31 22:57:46,474 [WARNING] [LiveTrader] LearningEngine reinforce failed: LearningEngine.reinforce() got an unexpected keyword argument 'key'
2025-12-31 22:57:46,476 [INFO] [LiveTrader] [SIMULATION] BUY | Size=1.0 Price=99.98314638094246
2025-12-31 22:57:46,780 [WARNING] [LiveTrader] LearningEngine reinforce failed: LearningEngine.reinforce() got an unexpected keyword argument 'key'
2025-12-31 22:57:46,783 [INFO] [LiveTrader] [SIMULATION] BUY | Size=1.0 Price=100.9912955984935
2025-12-31 22:57:47,089 [WARNING] [LiveTrader] LearningEngine reinforce failed: LearningEngine.reinforce() got an unexpected keyword argument 'key'
2025-12-31 22:57:47,090 [INFO] [LiveTrader] [SIMULATION] SELL | Size=1.0 Price=100.43764594487807
2025-12-31 22:57:47,394 [WARNING] [LiveTrader] LearningEngine reinforce failed: LearningEngine.reinforce() got an unexpected keyword argument 'key'
2025-12-31 22:57:47,397 [INFO] [LiveTrader] [SIMULATION] SELL | Size=1.0 Price=100.17793782039774
2025-12-31 22:57:47,602 [INFO] [main_controller] Controller finished.
2025-12-31 23:07:30,334 [INFO] [main_controller] Power Trading System controller starting...
2025-12-31 23:07:30,344 [INFO] [LiveTrader] LiveTrader initialized in SIMULATION mode.
2025-12-31 23:07:30,345 [INFO] [LiveTrader] Kill switch path: C:\Users\dennis\external_memory\KILL_SWITCH
2025-12-31 23:07:30,463 [INFO] [LiveTrader] [SIMULATION] HOLD | Size=1.0 Price=100.66086643089913
2025-12-31 23:07:30,833 [INFO] [LiveTrader] [SIMULATION] SELL | Size=1.0 Price=99.44062870167467
2025-12-31 23:07:31,381 [INFO] [LiveTrader] [SIMULATION] SELL | Size=1.0 Price=99.0567660383137
2025-12-31 23:07:31,740 [INFO] [LiveTrader] [SIMULATION] BUY | Size=1.0 Price=100.08468239354264
2025-12-31 23:07:32,058 [INFO] [LiveTrader] [SIMULATION] HOLD | Size=1.0 Price=100.05990560551487
2025-12-31 23:07:32,368 [INFO] [LiveTrader] [SIMULATION] SELL | Size=1.0 Price=99.53655995119
2025-12-31 23:07:32,677 [INFO] [LiveTrader] [SIMULATION] BUY | Size=1.0 Price=100.55190695832736
2025-12-31 23:07:32,983 [INFO] [LiveTrader] [SIMULATION] HOLD | Size=1.0 Price=100.58440140384222
2025-12-31 23:07:33,289 [INFO] [LiveTrader] [SIMULATION] BUY | Size=1.0 Price=100.72141972356266
2025-12-31 23:07:33,595 [INFO] [LiveTrader] [SIMULATION] SELL | Size=1.0 Price=99.48468031995839
2025-12-31 23:07:33,919 [INFO] [LiveTrader] [SIMULATION] SELL | Size=1.0 Price=99.34517743768424
2025-12-31 23:07:34,252 [INFO] [LiveTrader] [SIMULATION] BUY | Size=1.0 Price=99.69168792218538
2025-12-31 23:07:34,568 [INFO] [LiveTrader] [SIMULATION] SELL | Size=1.0 Price=99.48792170709702
2025-12-31 23:07:34,879 [INFO] [LiveTrader] [SIMULATION] BUY | Size=1.0 Price=100.44315975964
2025-12-31 23:07:35,187 [INFO] [LiveTrader] [SIMULATION] SELL | Size=1.0 Price=100.07833360203838
2025-12-31 23:07:35,497 [INFO] [LiveTrader] [SIMULATION] HOLD | Size=1.0 Price=100.03651446461579
2025-12-31 23:07:35,833 [INFO] [LiveTrader] [SIMULATION] BUY | Size=1.0 Price=100.8949939036196
2025-12-31 23:07:36,156 [INFO] [LiveTrader] [SIMULATION] SELL | Size=1.0 Price=100.24683151179744
2025-12-31 23:07:36,531 [INFO] [LiveTrader] [SIMULATION] HOLD | Size=1.0 Price=100.20416483394104
2025-12-31 23:07:36,859 [INFO] [LiveTrader] [SIMULATION] BUY | Size=1.0 Price=100.67592425003177
2025-12-31 23:07:37,199 [INFO] [LiveTrader] [SIMULATION] SELL | Size=1.0 Price=100.29311066071831
2025-12-31 23:07:37,504 [INFO] [LiveTrader] [SIMULATION] SELL | Size=1.0 Price=99.9710954697381
2025-12-31 23:07:37,813 [INFO] [LiveTrader] [SIMULATION] HOLD | Size=1.0 Price=99.95573284741914
2025-12-31 23:07:38,121 [INFO] [LiveTrader] [SIMULATION] BUY | Size=1.0 Price=100.86462965233041
2025-12-31 23:07:38,429 [INFO] [LiveTrader] [SIMULATION] SELL | Size=1.0 Price=100.44266924131355
2025-12-31 23:07:38,736 [INFO] [LiveTrader] [SIMULATION] SELL | Size=1.0 Price=100.1846276970075
2025-12-31 23:07:39,042 [INFO] [LiveTrader] [SIMULATION] SELL | Size=1.0 Price=99.0871045719801
2025-12-31 23:07:39,348 [INFO] [LiveTrader] [SIMULATION] BUY | Size=1.0 Price=99.96042409972202
2025-12-31 23:07:39,666 [INFO] [LiveTrader] [SIMULATION] SELL | Size=1.0 Price=99.18089112966153
2025-12-31 23:07:39,997 [INFO] [LiveTrader] [SIMULATION] BUY | Size=1.0 Price=100.54110024997873
2025-12-31 23:07:40,207 [INFO] [main_controller] Controller finished.
2025-12-31 23:14:44,611 [INFO] [main_controller] Power Trading System controller starting...
2025-12-31 23:14:44,688 [INFO] [LiveTrader] LiveTrader initialized in SIMULATION mode.
2025-12-31 23:14:44,689 [INFO] [LiveTrader] Kill switch path: C:\Users\dennis\external_memory\KILL_SWITCH
2025-12-31 23:14:44,807 [INFO] [LiveTrader] [SIMULATION] HOLD | Size=1.0 Price=100.49790466886742
2025-12-31 23:14:45,116 [INFO] [LiveTrader] [SIMULATION] BUY | Size=1.0 Price=100.86181708595763
2025-12-31 23:14:45,423 [INFO] [LiveTrader] [SIMULATION] SELL | Size=1.0 Price=100.06400419983385
2025-12-31 23:14:45,736 [INFO] [LiveTrader] [SIMULATION] SELL | Size=1.0 Price=99.3617963219806
2025-12-31 23:14:46,059 [INFO] [LiveTrader] [SIMULATION] BUY | Size=1.0 Price=100.14836289700985
2025-12-31 23:14:46,421 [INFO] [LiveTrader] [SIMULATION] SELL | Size=1.0 Price=99.92566078541465
2025-12-31 23:14:46,728 [INFO] [LiveTrader] [SIMULATION] SELL | Size=1.0 Price=99.1447756115588
2025-12-31 23:14:47,035 [INFO] [LiveTrader] [SIMULATION] BUY | Size=1.0 Price=99.9952213819994
2025-12-31 23:14:47,342 [INFO] [LiveTrader] [SIMULATION] SELL | Size=1.0 Price=99.78604057578794
2025-12-31 23:14:47,649 [INFO] [LiveTrader] [SIMULATION] BUY | Size=1.0 Price=100.73722993801475
2025-12-31 23:14:47,954 [INFO] [LiveTrader] [SIMULATION] SELL | Size=1.0 Price=100.25414246592688
2025-12-31 23:14:48,260 [INFO] [LiveTrader] [SIMULATION] SELL | Size=1.0 Price=99.16052435958537
2025-12-31 23:14:48,566 [INFO] [LiveTrader] [SIMULATION] BUY | Size=1.0 Price=99.69373853925444
2025-12-31 23:14:48,876 [INFO] [LiveTrader] [SIMULATION] SELL | Size=1.0 Price=99.23830297480482
2025-12-31 23:14:49,225 [INFO] [LiveTrader] [SIMULATION] BUY | Size=1.0 Price=99.46271590056675
2025-12-31 23:14:49,531 [INFO] [LiveTrader] [SIMULATION] BUY | Size=1.0 Price=99.82238748169215
2025-12-31 23:14:49,838 [INFO] [LiveTrader] [SIMULATION] BUY | Size=1.0 Price=100.10238588617393
2025-12-31 23:14:50,146 [INFO] [LiveTrader] [SIMULATION] BUY | Size=1.0 Price=100.82301128910646
2025-12-31 23:14:50,451 [INFO] [LiveTrader] [SIMULATION] BUY | Size=1.0 Price=100.99773678620431
2025-12-31 23:14:50,759 [INFO] [LiveTrader] [SIMULATION] SELL | Size=1.0 Price=100.13633467974933
2025-12-31 23:14:51,096 [INFO] [LiveTrader] [SIMULATION] BUY | Size=1.0 Price=100.27000876707206
2025-12-31 23:14:51,402 [INFO] [LiveTrader] [SIMULATION] HOLD | Size=1.0 Price=100.36023129701312
2025-12-31 23:14:51,709 [INFO] [LiveTrader] [SIMULATION] BUY | Size=1.0 Price=100.79277434351432
2025-12-31 23:14:52,016 [INFO] [LiveTrader] [SIMULATION] SELL | Size=1.0 Price=99.36710444850524
2025-12-31 23:14:52,322 [INFO] [LiveTrader] [SIMULATION] HOLD | Size=1.0 Price=99.30578272051687
2025-12-31 23:14:52,628 [INFO] [LiveTrader] [SIMULATION] SELL | Size=1.0 Price=99.16897027836335
2025-12-31 23:14:52,934 [INFO] [LiveTrader] [SIMULATION] BUY | Size=1.0 Price=99.84616875518884
2025-12-31 23:14:53,242 [INFO] [LiveTrader] [SIMULATION] BUY | Size=1.0 Price=100.52407975254233
2025-12-31 23:14:53,551 [INFO] [LiveTrader] [SIMULATION] SELL | Size=1.0 Price=99.08927696975049
2025-12-31 23:14:53,857 [INFO] [LiveTrader] [SIMULATION] BUY | Size=1.0 Price=100.21716303950217
2025-12-31 23:14:54,061 [INFO] [main_controller] Controller finished.
2025-12-31 23:19:11,916 [INFO] [main_controller] Power Trading System controller starting...
2025-12-31 23:19:11,957 [INFO] [LiveTrader] LiveTrader initialized in SIMULATION mode.
2025-12-31 23:19:11,958 [INFO] [LiveTrader] Kill switch path: C:\Users\dennis\external_memory\KILL_SWITCH
2025-12-31 23:19:12,088 [INFO] [LiveTrader] [SIMULATION] HOLD | Size=1.0 Price=99.85947606228154
2025-12-31 23:19:12,397 [INFO] [LiveTrader] [SIMULATION] SELL | Size=1.0 Price=99.54832724366257
2025-12-31 23:19:12,707 [INFO] [LiveTrader] [SIMULATION] SELL | Size=1.0 Price=99.34655276154521
2025-12-31 23:19:13,017 [INFO] [LiveTrader] [SIMULATION] BUY | Size=1.0 Price=100.3574940170662
2025-12-31 23:19:13,326 [INFO] [LiveTrader] [SIMULATION] BUY | Size=1.0 Price=100.84009189078212
2025-12-31 23:19:13,635 [INFO] [LiveTrader] [SIMULATION] SELL | Size=1.0 Price=99.78015502790126
2025-12-31 23:19:13,945 [INFO] [LiveTrader] [SIMULATION] HOLD | Size=1.0 Price=99.8026750734939
2025-12-31 23:19:14,312 [INFO] [LiveTrader] [SIMULATION] SELL | Size=1.0 Price=99.23578457638932
2025-12-31 23:19:14,621 [INFO] [LiveTrader] [SIMULATION] BUY | Size=1.0 Price=100.65775036052513
2025-12-31 23:19:14,929 [INFO] [LiveTrader] [SIMULATION] SELL | Size=1.0 Price=99.41243338188339
2025-12-31 23:19:15,238 [INFO] [LiveTrader] [SIMULATION] BUY | Size=1.0 Price=100.76211662668382
2025-12-31 23:19:15,547 [INFO] [LiveTrader] [SIMULATION] SELL | Size=1.0 Price=99.92775058661952
2025-12-31 23:19:15,865 [INFO] [LiveTrader] [SIMULATION] SELL | Size=1.0 Price=99.50401201550615
2025-12-31 23:19:16,175 [INFO] [LiveTrader] [SIMULATION] BUY | Size=1.0 Price=100.34314494416944
2025-12-31 23:19:16,486 [INFO] [LiveTrader] [SIMULATION] SELL | Size=1.0 Price=99.49189811976929
2025-12-31 23:19:16,794 [INFO] [LiveTrader] [SIMULATION] SELL | Size=1.0 Price=99.25335027664693
2025-12-31 23:19:17,103 [INFO] [LiveTrader] [SIMULATION] BUY | Size=1.0 Price=100.31799511009058
2025-12-31 23:19:17,411 [INFO] [LiveTrader] [SIMULATION] SELL | Size=1.0 Price=99.63017917316377
2025-12-31 23:19:17,720 [INFO] [LiveTrader] [SIMULATION] SELL | Size=1.0 Price=99.48132771666421
2025-12-31 23:19:18,039 [INFO] [LiveTrader] [SIMULATION] BUY | Size=1.0 Price=100.01797373467515
2025-12-31 23:19:18,433 [INFO] [LiveTrader] [SIMULATION] BUY | Size=1.0 Price=100.16161862460228
2025-12-31 23:19:18,758 [INFO] [LiveTrader] [SIMULATION] SELL | Size=1.0 Price=99.2315411129969
2025-12-31 23:19:19,073 [INFO] [LiveTrader] [SIMULATION] BUY | Size=1.0 Price=99.51385732151059
2025-12-31 23:19:19,386 [INFO] [LiveTrader] [SIMULATION] BUY | Size=1.0 Price=100.74910176025047
2025-12-31 23:19:19,694 [INFO] [LiveTrader] [SIMULATION] SELL | Size=1.0 Price=99.15137900530604
2025-12-31 23:19:20,001 [INFO] [LiveTrader] [SIMULATION] BUY | Size=1.0 Price=100.89843976459285
2025-12-31 23:19:20,308 [INFO] [LiveTrader] [SIMULATION] SELL | Size=1.0 Price=99.39990106001605
2025-12-31 23:19:20,619 [INFO] [LiveTrader] [SIMULATION] SELL | Size=1.0 Price=99.0968873347946
2025-12-31 23:19:20,928 [INFO] [LiveTrader] [SIMULATION] BUY | Size=1.0 Price=99.40460969385575
2025-12-31 23:19:21,237 [INFO] [LiveTrader] [SIMULATION] SELL | Size=1.0 Price=99.03331554976347
2025-12-31 23:19:21,442 [INFO] [main_controller] Controller finished.
2025-12-31 23:25:20,289 [INFO] [main_controller] Power Trading System controller starting...
2025-12-31 23:25:20,368 [INFO] [LiveTrader] LiveTrader initialized in SIMULATION mode.
2025-12-31 23:25:20,368 [INFO] [LiveTrader] Kill switch path: C:\Users\dennis\external_memory\KILL_SWITCH
2025-12-31 23:25:20,488 [INFO] [LiveTrader] [SIMULATION] HOLD | Size=1.0 Price=99.45190382482903
2025-12-31 23:25:20,802 [INFO] [LiveTrader] [SIMULATION] BUY | Size=1.0 Price=100.06364440587582
2025-12-31 23:25:21,121 [INFO] [LiveTrader] [SIMULATION] SELL | Size=1.0 Price=99.2019644494311
2025-12-31 23:25:21,439 [INFO] [LiveTrader] [SIMULATION] BUY | Size=1.0 Price=99.72246937215493
2025-12-31 23:25:21,751 [INFO] [LiveTrader] [SIMULATION] BUY | Size=1.0 Price=100.77612799595349
2025-12-31 23:25:22,062 [INFO] [LiveTrader] [SIMULATION] SELL | Size=1.0 Price=99.26698803128981
2025-12-31 23:25:22,370 [INFO] [LiveTrader] [SIMULATION] SELL | Size=1.0 Price=99.09857103715497
2025-12-31 23:25:22,679 [INFO] [LiveTrader] [SIMULATION] BUY | Size=1.0 Price=100.61921318888676
2025-12-31 23:25:22,989 [INFO] [LiveTrader] [SIMULATION] SELL | Size=1.0 Price=99.65032487466812
2025-12-31 23:25:23,298 [INFO] [LiveTrader] [SIMULATION] SELL | Size=1.0 Price=99.51655952364409
2025-12-31 23:25:23,607 [INFO] [LiveTrader] [SIMULATION] BUY | Size=1.0 Price=100.91760535832387
2025-12-31 23:25:23,918 [INFO] [LiveTrader] [SIMULATION] SELL | Size=1.0 Price=100.25988168422222
2025-12-31 23:25:24,228 [INFO] [LiveTrader] [SIMULATION] SELL | Size=1.0 Price=99.10751937755802
2025-12-31 23:25:24,536 [INFO] [LiveTrader] [SIMULATION] BUY | Size=1.0 Price=99.38688846781989
2025-12-31 23:25:24,845 [INFO] [LiveTrader] [SIMULATION] BUY | Size=1.0 Price=100.21851422271014
2025-12-31 23:25:25,154 [INFO] [LiveTrader] [SIMULATION] SELL | Size=1.0 Price=99.26439284798485
2025-12-31 23:25:25,463 [INFO] [LiveTrader] [SIMULATION] HOLD | Size=1.0 Price=99.27818367179292
2025-12-31 23:25:25,771 [INFO] [LiveTrader] [SIMULATION] BUY | Size=1.0 Price=100.3583914009042
2025-12-31 23:25:26,080 [INFO] [LiveTrader] [SIMULATION] BUY | Size=1.0 Price=100.67506137779668
2025-12-31 23:25:26,389 [INFO] [LiveTrader] [SIMULATION] SELL | Size=1.0 Price=99.63239461040845
2025-12-31 23:25:26,740 [INFO] [LiveTrader] [SIMULATION] SELL | Size=1.0 Price=99.29730860161757
2025-12-31 23:25:27,050 [INFO] [LiveTrader] [SIMULATION] BUY | Size=1.0 Price=99.7455012187069
2025-12-31 23:25:27,361 [INFO] [LiveTrader] [SIMULATION] BUY | Size=1.0 Price=100.28234216339634
2025-12-31 23:25:27,671 [INFO] [LiveTrader] [SIMULATION] SELL | Size=1.0 Price=99.54578283451173
2025-12-31 23:25:27,981 [INFO] [LiveTrader] [SIMULATION] HOLD | Size=1.0 Price=99.58696909981596
2025-12-31 23:25:28,290 [INFO] [LiveTrader] [SIMULATION] SELL | Size=1.0 Price=99.30495546678246
2025-12-31 23:25:28,601 [INFO] [LiveTrader] [SIMULATION] BUY | Size=1.0 Price=100.20640674601135
2025-12-31 23:25:28,936 [INFO] [LiveTrader] [SIMULATION] SELL | Size=1.0 Price=100.04694281036959
2025-12-31 23:25:29,323 [INFO] [LiveTrader] [SIMULATION] BUY | Size=1.0 Price=100.53279807708559
2025-12-31 23:25:29,685 [INFO] [LiveTrader] [SIMULATION] BUY | Size=1.0 Price=100.87300733635541
2025-12-31 23:25:29,995 [INFO] [LiveTrader] [SIMULATION] SELL | Size=1.0 Price=100.10728837046558
2025-12-31 23:25:30,304 [INFO] [LiveTrader] [SIMULATION] SELL | Size=1.0 Price=99.37079711779917
2025-12-31 23:25:30,628 [INFO] [LiveTrader] [SIMULATION] HOLD | Size=1.0 Price=99.43893565553455
2025-12-31 23:25:30,937 [INFO] [LiveTrader] [SIMULATION] HOLD | Size=1.0 Price=99.3588568062514
2025-12-31 23:25:31,245 [INFO] [LiveTrader] [SIMULATION] SELL | Size=1.0 Price=99.25847206528074
2025-12-31 23:25:31,552 [INFO] [LiveTrader] [SIMULATION] HOLD | Size=1.0 Price=99.19858541962856
2025-12-31 23:25:31,861 [INFO] [LiveTrader] [SIMULATION] BUY | Size=1.0 Price=99.39284605645467
2025-12-31 23:25:32,169 [INFO] [LiveTrader] [SIMULATION] BUY | Size=1.0 Price=99.70807935698704
2025-12-31 23:25:32,478 [INFO] [LiveTrader] [SIMULATION] BUY | Size=1.0 Price=100.50972635900646
2025-12-31 23:25:32,786 [INFO] [LiveTrader] [SIMULATION] HOLD | Size=1.0 Price=100.54965085407711
2025-12-31 23:25:33,158 [INFO] [LiveTrader] [SIMULATION] SELL | Size=1.0 Price=99.09771098012698
2025-12-31 23:25:33,467 [INFO] [LiveTrader] [SIMULATION] BUY | Size=1.0 Price=100.19902652897385
2025-12-31 23:25:33,775 [INFO] [LiveTrader] [SIMULATION] SELL | Size=1.0 Price=99.6552285663113
2025-12-31 23:25:34,082 [INFO] [LiveTrader] [SIMULATION] BUY | Size=1.0 Price=100.54401434343691
2025-12-31 23:25:34,390 [INFO] [LiveTrader] [SIMULATION] BUY | Size=1.0 Price=100.86775154818451
2025-12-31 23:25:34,698 [INFO] [LiveTrader] [SIMULATION] SELL | Size=1.0 Price=99.70920211855962
2025-12-31 23:25:35,005 [INFO] [LiveTrader] [SIMULATION] BUY | Size=1.0 Price=100.60037467766854
2025-12-31 23:25:35,312 [INFO] [LiveTrader] [SIMULATION] SELL | Size=1.0 Price=99.09552667311675
2025-12-31 23:25:35,621 [INFO] [LiveTrader] [SIMULATION] BUY | Size=1.0 Price=100.98769143475445
2025-12-31 23:25:35,930 [INFO] [LiveTrader] [SIMULATION] SELL | Size=1.0 Price=100.00038760019909
2025-12-31 23:25:36,239 [INFO] [LiveTrader] [SIMULATION] HOLD | Size=1.0 Price=100.02419496125619
2025-12-31 23:25:36,547 [INFO] [LiveTrader] [SIMULATION] SELL | Size=1.0 Price=99.16249720279663
2025-12-31 23:25:36,877 [INFO] [LiveTrader] [SIMULATION] BUY | Size=1.0 Price=100.8601101418136
2025-12-31 23:25:37,184 [INFO] [LiveTrader] [SIMULATION] SELL | Size=1.0 Price=100.69612997733
2025-12-31 23:25:37,494 [INFO] [LiveTrader] [SIMULATION] SELL | Size=1.0 Price=99.35559619293863
2025-12-31 23:25:37,802 [INFO] [LiveTrader] [SIMULATION] BUY | Size=1.0 Price=100.56612113693086
2025-12-31 23:25:38,112 [INFO] [LiveTrader] [SIMULATION] BUY | Size=1.0 Price=100.733817057482
2025-12-31 23:25:38,420 [INFO] [LiveTrader] [SIMULATION] SELL | Size=1.0 Price=100.10062861026196
2025-12-31 23:25:38,728 [INFO] [LiveTrader] [SIMULATION] BUY | Size=1.0 Price=100.72235647643565
2025-12-31 23:25:39,036 [INFO] [LiveTrader] [SIMULATION] HOLD | Size=1.0 Price=100.77248483651653
2025-12-31 23:25:39,411 [INFO] [LiveTrader] [SIMULATION] SELL | Size=1.0 Price=99.21092076625031
2025-12-31 23:25:39,722 [INFO] [LiveTrader] [SIMULATION] BUY | Size=1.0 Price=100.16495905558256
2025-12-31 23:25:40,030 [INFO] [LiveTrader] [SIMULATION] SELL | Size=1.0 Price=99.87466531064288
2025-12-31 23:25:40,339 [INFO] [LiveTrader] [SIMULATION] HOLD | Size=1.0 Price=99.79796932476634
2025-12-31 23:25:40,648 [INFO] [LiveTrader] [SIMULATION] BUY | Size=1.0 Price=100.59970000658898
2025-12-31 23:25:40,957 [INFO] [LiveTrader] [SIMULATION] SELL | Size=1.0 Price=99.1161831552631
2025-12-31 23:25:41,266 [INFO] [LiveTrader] [SIMULATION] BUY | Size=1.0 Price=99.96275191506243
2025-12-31 23:25:41,611 [INFO] [LiveTrader] [SIMULATION] HOLD | Size=1.0 Price=99.99737675860234
2025-12-31 23:25:41,965 [INFO] [LiveTrader] [SIMULATION] BUY | Size=1.0 Price=100.14827925081258
2025-12-31 23:25:42,279 [INFO] [LiveTrader] [SIMULATION] BUY | Size=1.0 Price=100.98491725988936
2025-12-31 23:25:42,607 [INFO] [LiveTrader] [SIMULATION] HOLD | Size=1.0 Price=100.97394127925509
2025-12-31 23:25:42,919 [INFO] [LiveTrader] [SIMULATION] SELL | Size=1.0 Price=99.25197274595915
2025-12-31 23:25:43,228 [INFO] [LiveTrader] [SIMULATION] BUY | Size=1.0 Price=100.54854863750246
2025-12-31 23:25:43,537 [INFO] [LiveTrader] [SIMULATION] BUY | Size=1.0 Price=100.70665020077578
2025-12-31 23:25:43,846 [INFO] [LiveTrader] [SIMULATION] SELL | Size=1.0 Price=99.65751339453944
2025-12-31 23:25:44,155 [INFO] [LiveTrader] [SIMULATION] BUY | Size=1.0 Price=100.32724839150264
2025-12-31 23:25:44,464 [INFO] [LiveTrader] [SIMULATION] BUY | Size=1.0 Price=100.97383545641415
2025-12-31 23:25:44,811 [INFO] [LiveTrader] [SIMULATION] SELL | Size=1.0 Price=100.34558773860842
2025-12-31 23:25:45,120 [INFO] [LiveTrader] [SIMULATION] SELL | Size=1.0 Price=99.59162910160907
2025-12-31 23:25:45,428 [INFO] [LiveTrader] [SIMULATION] BUY | Size=1.0 Price=100.45117649385091
2025-12-31 23:25:45,772 [INFO] [LiveTrader] [SIMULATION] BUY | Size=1.0 Price=100.76511277499384
2025-12-31 23:25:46,079 [INFO] [LiveTrader] [SIMULATION] SELL | Size=1.0 Price=99.75637892230164
2025-12-31 23:25:46,389 [INFO] [LiveTrader] [SIMULATION] BUY | Size=1.0 Price=100.8053749614014
2025-12-31 23:25:46,697 [INFO] [LiveTrader] [SIMULATION] SELL | Size=1.0 Price=99.63684058738542
2025-12-31 23:25:47,006 [INFO] [LiveTrader] [SIMULATION] BUY | Size=1.0 Price=99.95486053861423
2025-12-31 23:25:47,314 [INFO] [LiveTrader] [SIMULATION] SELL | Size=1.0 Price=99.72652323382574
2025-12-31 23:25:47,622 [INFO] [LiveTrader] [SIMULATION] SELL | Size=1.0 Price=99.20164522804147
2025-12-31 23:25:47,931 [INFO] [LiveTrader] [SIMULATION] SELL | Size=1.0 Price=99.05071705437032
2025-12-31 23:25:48,240 [INFO] [LiveTrader] [SIMULATION] BUY | Size=1.0 Price=100.46971156518217
2025-12-31 23:25:48,549 [INFO] [LiveTrader] [SIMULATION] BUY | Size=1.0 Price=100.79867792901642
2025-12-31 23:25:48,857 [INFO] [LiveTrader] [SIMULATION] SELL | Size=1.0 Price=99.67977056232442
2025-12-31 23:25:49,166 [INFO] [LiveTrader] [SIMULATION] HOLD | Size=1.0 Price=99.73775393100539
2025-12-31 23:25:49,475 [INFO] [LiveTrader] [SIMULATION] BUY | Size=1.0 Price=100.01197583806399
2025-12-31 23:25:49,785 [INFO] [LiveTrader] [SIMULATION] SELL | Size=1.0 Price=99.82871983663733
2025-12-31 23:25:50,093 [INFO] [LiveTrader] [SIMULATION] BUY | Size=1.0 Price=100.89857270497254
2025-12-31 23:25:50,401 [INFO] [LiveTrader] [SIMULATION] SELL | Size=1.0 Price=99.01224737915999
2025-12-31 23:25:50,714 [INFO] [LiveTrader] [SIMULATION] BUY | Size=1.0 Price=100.4152680537603
2025-12-31 23:25:51,021 [INFO] [LiveTrader] [SIMULATION] BUY | Size=1.0 Price=100.95130974852904
2025-12-31 23:25:51,330 [INFO] [LiveTrader] [SIMULATION] SELL | Size=1.0 Price=100.19282381568395
2025-12-31 23:25:51,637 [INFO] [LiveTrader] [SIMULATION] BUY | Size=1.0 Price=100.45221569715594
2025-12-31 23:25:52,035 [INFO] [LiveTrader] [SIMULATION] SELL | Size=1.0 Price=99.85818889108384
2025-12-31 23:25:52,345 [INFO] [LiveTrader] [SIMULATION] BUY | Size=1.0 Price=100.32133172380102
2025-12-31 23:25:52,653 [INFO] [LiveTrader] [SIMULATION] SELL | Size=1.0 Price=99.89804238318402
2025-12-31 23:25:52,961 [INFO] [LiveTrader] [SIMULATION] BUY | Size=1.0 Price=100.72596088256364
2025-12-31 23:25:53,270 [INFO] [LiveTrader] [SIMULATION] SELL | Size=1.0 Price=99.87452496298921
2025-12-31 23:25:53,577 [INFO] [LiveTrader] [SIMULATION] SELL | Size=1.0 Price=99.4802733752694
2025-12-31 23:25:53,886 [INFO] [LiveTrader] [SIMULATION] BUY | Size=1.0 Price=100.08831577195896
2025-12-31 23:25:54,195 [INFO] [LiveTrader] [SIMULATION] BUY | Size=1.0 Price=100.25017012098918
2025-12-31 23:25:54,505 [INFO] [LiveTrader] [SIMULATION] SELL | Size=1.0 Price=99.12002441591869
2025-12-31 23:25:54,813 [INFO] [LiveTrader] [SIMULATION] BUY | Size=1.0 Price=99.40566601274948
2025-12-31 23:25:55,122 [INFO] [LiveTrader] [SIMULATION] BUY | Size=1.0 Price=100.88200330315394
2025-12-31 23:25:55,431 [INFO] [LiveTrader] [SIMULATION] SELL | Size=1.0 Price=100.55243280466132
2025-12-31 23:25:55,739 [INFO] [LiveTrader] [SIMULATION] HOLD | Size=1.0 Price=100.54838937079805
2025-12-31 23:25:56,047 [INFO] [LiveTrader] [SIMULATION] SELL | Size=1.0 Price=100.4041616274999
2025-12-31 23:25:56,356 [INFO] [LiveTrader] [SIMULATION] SELL | Size=1.0 Price=99.32940784330917
2025-12-31 23:25:56,666 [INFO] [LiveTrader] [SIMULATION] BUY | Size=1.0 Price=100.42899636468347
2025-12-31 23:25:56,976 [INFO] [LiveTrader] [SIMULATION] SELL | Size=1.0 Price=99.31135873422119
2025-12-31 23:25:57,284 [INFO] [LiveTrader] [SIMULATION] BUY | Size=1.0 Price=100.19669184352107
2025-12-31 23:25:57,593 [INFO] [LiveTrader] [SIMULATION] BUY | Size=1.0 Price=100.40957553336858
2025-12-31 23:25:57,902 [INFO] [LiveTrader] [SIMULATION] SELL | Size=1.0 Price=100.0152934408472
2025-12-31 23:25:58,287 [INFO] [LiveTrader] [SIMULATION] SELL | Size=1.0 Price=99.27707609854019
2025-12-31 23:25:58,597 [INFO] [LiveTrader] [SIMULATION] BUY | Size=1.0 Price=100.72213847914719
2025-12-31 23:25:58,906 [INFO] [LiveTrader] [SIMULATION] HOLD | Size=1.0 Price=100.6899565812202
2025-12-31 23:25:59,214 [INFO] [LiveTrader] [SIMULATION] HOLD | Size=1.0 Price=100.68865743216816
2025-12-31 23:25:59,522 [INFO] [LiveTrader] [SIMULATION] SELL | Size=1.0 Price=99.0033519606952
2025-12-31 23:25:59,831 [INFO] [LiveTrader] [SIMULATION] BUY | Size=1.0 Price=99.53031156413336
2025-12-31 23:26:00,141 [INFO] [LiveTrader] [SIMULATION] BUY | Size=1.0 Price=100.19228406412205
2025-12-31 23:26:00,449 [INFO] [LiveTrader] [SIMULATION] SELL | Size=1.0 Price=99.89157502280571
2025-12-31 23:26:00,759 [INFO] [LiveTrader] [SIMULATION] BUY | Size=1.0 Price=100.8544494871408
2025-12-31 23:26:01,069 [INFO] [LiveTrader] [SIMULATION] SELL | Size=1.0 Price=100.17985594694078
2025-12-31 23:26:01,379 [INFO] [LiveTrader] [SIMULATION] SELL | Size=1.0 Price=99.80056967403017
2025-12-31 23:26:01,690 [INFO] [LiveTrader] [SIMULATION] HOLD | Size=1.0 Price=99.71268873285749
2025-12-31 23:26:02,000 [INFO] [LiveTrader] [SIMULATION] BUY | Size=1.0 Price=100.01886780951133
2025-12-31 23:26:02,309 [INFO] [LiveTrader] [SIMULATION] SELL | Size=1.0 Price=99.05725316402948
2025-12-31 23:26:02,621 [INFO] [LiveTrader] [SIMULATION] BUY | Size=1.0 Price=99.91198571571948
2025-12-31 23:26:02,931 [INFO] [LiveTrader] [SIMULATION] SELL | Size=1.0 Price=99.62435181262676
2025-12-31 23:26:03,245 [INFO] [LiveTrader] [SIMULATION] BUY | Size=1.0 Price=100.05439185903928
2025-12-31 23:26:03,556 [INFO] [LiveTrader] [SIMULATION] BUY | Size=1.0 Price=100.59983996763424
2025-12-31 23:26:03,893 [INFO] [LiveTrader] [SIMULATION] SELL | Size=1.0 Price=99.00784989146432
2025-12-31 23:26:04,218 [INFO] [LiveTrader] [SIMULATION] BUY | Size=1.0 Price=100.52042955009328
2025-12-31 23:26:04,563 [INFO] [LiveTrader] [SIMULATION] SELL | Size=1.0 Price=99.13241434865898
2025-12-31 23:26:04,870 [INFO] [LiveTrader] [SIMULATION] BUY | Size=1.0 Price=100.13363649594204
2025-12-31 23:26:05,179 [INFO] [LiveTrader] [SIMULATION] BUY | Size=1.0 Price=100.5346043427621
2025-12-31 23:26:05,488 [INFO] [LiveTrader] [SIMULATION] HOLD | Size=1.0 Price=100.53794178157214
2025-12-31 23:26:05,800 [INFO] [LiveTrader] [SIMULATION] BUY | Size=1.0 Price=100.90600320560958
2025-12-31 23:26:06,112 [INFO] [LiveTrader] [SIMULATION] SELL | Size=1.0 Price=99.72558868899702
2025-12-31 23:26:06,422 [INFO] [LiveTrader] [SIMULATION] HOLD | Size=1.0 Price=99.65733483927319
2025-12-31 23:26:06,734 [INFO] [LiveTrader] [SIMULATION] SELL | Size=1.0 Price=99.37767150466651
2025-12-31 23:26:07,043 [INFO] [LiveTrader] [SIMULATION] SELL | Size=1.0 Price=99.08978543851154
2025-12-31 23:26:07,354 [INFO] [LiveTrader] [SIMULATION] BUY | Size=1.0 Price=100.51537822790819
2025-12-31 23:26:07,664 [INFO] [LiveTrader] [SIMULATION] SELL | Size=1.0 Price=100.2137045172986
2025-12-31 23:26:07,975 [INFO] [LiveTrader] [SIMULATION] BUY | Size=1.0 Price=100.48718047109948
2025-12-31 23:26:08,285 [INFO] [LiveTrader] [SIMULATION] SELL | Size=1.0 Price=99.05906247699843
2025-12-31 23:26:08,594 [INFO] [LiveTrader] [SIMULATION] BUY | Size=1.0 Price=100.97718268332714
2025-12-31 23:26:08,906 [INFO] [LiveTrader] [SIMULATION] SELL | Size=1.0 Price=99.30425466015969
2025-12-31 23:26:09,216 [INFO] [LiveTrader] [SIMULATION] BUY | Size=1.0 Price=99.8274413987584
2025-12-31 23:26:09,525 [INFO] [LiveTrader] [SIMULATION] SELL | Size=1.0 Price=99.14135146128169
2025-12-31 23:26:09,834 [INFO] [LiveTrader] [SIMULATION] BUY | Size=1.0 Price=99.59537196506524
2025-12-31 23:26:10,386 [INFO] [LiveTrader] [SIMULATION] SELL | Size=1.0 Price=99.23945979394323
2025-12-31 23:26:11,167 [INFO] [LiveTrader] [SIMULATION] BUY | Size=1.0 Price=100.34905533236342
2025-12-31 23:26:12,218 [INFO] [LiveTrader] [SIMULATION] HOLD | Size=1.0 Price=100.2626539185581
2025-12-31 23:26:12,589 [INFO] [LiveTrader] [SIMULATION] SELL | Size=1.0 Price=99.41431997850943
2025-12-31 23:26:13,051 [INFO] [LiveTrader] [SIMULATION] BUY | Size=1.0 Price=99.91493252468028
2025-12-31 23:26:13,402 [INFO] [LiveTrader] [SIMULATION] BUY | Size=1.0 Price=100.58088479798893
2025-12-31 23:26:13,714 [INFO] [LiveTrader] [SIMULATION] SELL | Size=1.0 Price=99.91057020507718
2025-12-31 23:26:14,028 [INFO] [LiveTrader] [SIMULATION] SELL | Size=1.0 Price=99.13613359497063
2025-12-31 23:26:14,341 [INFO] [LiveTrader] [SIMULATION] BUY | Size=1.0 Price=100.22886261377687
2025-12-31 23:26:14,652 [INFO] [LiveTrader] [SIMULATION] SELL | Size=1.0 Price=99.83716397097726
2025-12-31 23:26:14,964 [INFO] [LiveTrader] [SIMULATION] BUY | Size=1.0 Price=100.5271857333859
2025-12-31 23:26:15,275 [INFO] [LiveTrader] [SIMULATION] SELL | Size=1.0 Price=99.99009319809903
2025-12-31 23:26:15,585 [INFO] [LiveTrader] [SIMULATION] BUY | Size=1.0 Price=100.44494194119287
2025-12-31 23:26:15,894 [INFO] [LiveTrader] [SIMULATION] SELL | Size=1.0 Price=100.08607856609699
2025-12-31 23:26:16,205 [INFO] [LiveTrader] [SIMULATION] SELL | Size=1.0 Price=99.94035059244958
2025-12-31 23:26:16,514 [INFO] [LiveTrader] [SIMULATION] BUY | Size=1.0 Price=100.87227776160178
2025-12-31 23:26:16,824 [INFO] [LiveTrader] [SIMULATION] SELL | Size=1.0 Price=99.95474462698354
2025-12-31 23:26:17,136 [INFO] [LiveTrader] [SIMULATION] BUY | Size=1.0 Price=100.7862503911767
2025-12-31 23:26:17,456 [INFO] [LiveTrader] [SIMULATION] SELL | Size=1.0 Price=99.64150723694908
2025-12-31 23:26:17,766 [INFO] [LiveTrader] [SIMULATION] SELL | Size=1.0 Price=99.0508702446977
2025-12-31 23:26:18,076 [INFO] [LiveTrader] [SIMULATION] BUY | Size=1.0 Price=99.79669615697638
2025-12-31 23:26:18,388 [INFO] [LiveTrader] [SIMULATION] BUY | Size=1.0 Price=100.06304797391796
2025-12-31 23:26:18,755 [INFO] [LiveTrader] [SIMULATION] SELL | Size=1.0 Price=99.13277397347893
2025-12-31 23:26:19,076 [INFO] [LiveTrader] [SIMULATION] BUY | Size=1.0 Price=100.97206358065291
2025-12-31 23:26:19,392 [INFO] [LiveTrader] [SIMULATION] SELL | Size=1.0 Price=99.96046786044158
2025-12-31 23:26:19,702 [INFO] [LiveTrader] [SIMULATION] BUY | Size=1.0 Price=100.58508620444792
2025-12-31 23:26:20,795 [INFO] [LiveTrader] [SIMULATION] SELL | Size=1.0 Price=99.23852053483775
2025-12-31 23:26:21,174 [INFO] [LiveTrader] [SIMULATION] HOLD | Size=1.0 Price=99.21624887967022
2025-12-31 23:26:21,496 [INFO] [LiveTrader] [SIMULATION] SELL | Size=1.0 Price=99.0052976234181
2025-12-31 23:26:21,852 [INFO] [LiveTrader] [SIMULATION] BUY | Size=1.0 Price=100.25975381136121
2025-12-31 23:26:22,188 [INFO] [LiveTrader] [SIMULATION] SELL | Size=1.0 Price=100.12482937170125
2025-12-31 23:26:22,514 [INFO] [LiveTrader] [SIMULATION] SELL | Size=1.0 Price=99.5761477433486
2025-12-31 23:26:22,837 [INFO] [LiveTrader] [SIMULATION] HOLD | Size=1.0 Price=99.57732110294907
2025-12-31 23:26:23,150 [INFO] [LiveTrader] [SIMULATION] BUY | Size=1.0 Price=100.70683547620345
2025-12-31 23:26:23,469 [INFO] [LiveTrader] [SIMULATION] SELL | Size=1.0 Price=100.13687065663463
2025-12-31 23:26:23,796 [INFO] [LiveTrader] [SIMULATION] SELL | Size=1.0 Price=99.79723815416763
2025-12-31 23:26:24,110 [INFO] [LiveTrader] [SIMULATION] BUY | Size=1.0 Price=100.58824345397957
2025-12-31 23:26:24,424 [INFO] [LiveTrader] [SIMULATION] SELL | Size=1.0 Price=100.20735152957454
2025-12-31 23:26:24,745 [INFO] [LiveTrader] [SIMULATION] BUY | Size=1.0 Price=100.8080562820298
2025-12-31 23:26:25,068 [INFO] [LiveTrader] [SIMULATION] SELL | Size=1.0 Price=99.70594027637648
2025-12-31 23:26:25,429 [INFO] [LiveTrader] [SIMULATION] SELL | Size=1.0 Price=99.15013501023446
2025-12-31 23:26:25,899 [INFO] [LiveTrader] [SIMULATION] BUY | Size=1.0 Price=100.5931478434793
2025-12-31 23:26:26,307 [INFO] [main_controller] Controller finished.
2025-12-31 23:35:41,128 [INFO] [main_controller] Power Trading System controller starting...
2025-12-31 23:35:41,150 [INFO] [LiveTrader] LiveTrader initialized in SIMULATION mode.
2025-12-31 23:35:41,151 [INFO] [LiveTrader] Kill switch path: C:\Users\dennis\external_memory\KILL_SWITCH
2025-12-31 23:35:41,270 [INFO] [LiveTrader] [SIMULATION] HOLD | Size=0.8 Price=99.61111257585894
2025-12-31 23:53:49,371 [INFO] [main_controller] Power Trading System controller starting...
2025-12-31 23:53:49,399 [INFO] [LiveTrader] LiveTrader initialized in SIMULATION mode.
2025-12-31 23:53:49,400 [INFO] [LiveTrader] Kill switch path: C:\Users\dennis\external_memory\KILL_SWITCH
2025-12-31 23:53:49,711 [INFO] [LiveTrader] [SIMULATION] HOLD | Size=0.8 Price=100.75991030204565
2025-12-31 23:53:49,921 [INFO] [LiveTrader] [SIMULATION] SELL | Size=0.8 Price=100.3007188203535
2025-12-31 23:53:50,128 [INFO] [LiveTrader] [SIMULATION] SELL | Size=0.8 Price=99.8457744605107
2025-12-31 23:53:50,338 [INFO] [LiveTrader] [SIMULATION] SELL | Size=0.8 Price=99.5374858764619
2025-12-31 23:53:50,545 [INFO] [LiveTrader] [SIMULATION] BUY | Size=0.8 Price=100.53346160846353
2025-12-31 23:53:50,756 [INFO] [LiveTrader] [SIMULATION] SELL | Size=0.8 Price=99.63799259614076
2025-12-31 23:53:50,964 [INFO] [LiveTrader] [SIMULATION] SELL | Size=0.8 Price=99.0141722922775
2025-12-31 23:53:51,171 [INFO] [LiveTrader] [SIMULATION] BUY | Size=0.8 Price=99.74605556937321
2025-12-31 23:53:51,378 [INFO] [LiveTrader] [SIMULATION] BUY | Size=0.8 Price=100.42474591960226
2025-12-31 23:53:51,585 [INFO] [LiveTrader] [SIMULATION] BUY | Size=0.8 Price=100.82918362623606
2025-12-31 23:53:51,792 [INFO] [LiveTrader] [SIMULATION] SELL | Size=0.8 Price=100.41444815911174
2025-12-31 23:53:52,001 [INFO] [LiveTrader] [SIMULATION] SELL | Size=0.8 Price=100.30150491459408
2025-12-31 23:53:52,207 [INFO] [LiveTrader] [SIMULATION] BUY | Size=0.8 Price=100.5547165636691
2025-12-31 23:53:52,416 [INFO] [LiveTrader] [SIMULATION] SELL | Size=0.8 Price=100.15710905719766
2025-12-31 23:53:52,623 [INFO] [LiveTrader] [SIMULATION] BUY | Size=0.8 Price=100.87467277377532
2025-12-31 23:53:52,832 [INFO] [LiveTrader] [SIMULATION] SELL | Size=0.8 Price=99.93220942339019
2025-12-31 23:53:53,039 [INFO] [LiveTrader] [SIMULATION] SELL | Size=0.8 Price=99.50690528036816
2025-12-31 23:53:53,291 [INFO] [LiveTrader] [SIMULATION] HOLD | Size=0.8 Price=99.4700700501413
2025-12-31 23:53:53,499 [INFO] [LiveTrader] [SIMULATION] BUY | Size=0.8 Price=100.32089993142414
2025-12-31 23:53:53,707 [INFO] [LiveTrader] [SIMULATION] SELL | Size=0.8 Price=99.63219614318427
2025-12-31 23:53:54,123 [INFO] [LiveTrader] [SIMULATION] BUY | Size=0.8 Price=100.89195668531906
2025-12-31 23:53:54,331 [INFO] [LiveTrader] [SIMULATION] SELL | Size=0.8 Price=99.08109923116477
2025-12-31 23:53:54,539 [INFO] [LiveTrader] [SIMULATION] BUY | Size=0.8 Price=99.5900854755715
2025-12-31 23:53:54,747 [INFO] [LiveTrader] [SIMULATION] SELL | Size=0.8 Price=99.45330778771299
2025-12-31 23:53:54,954 [INFO] [LiveTrader] [SIMULATION] SELL | Size=0.8 Price=99.05614721507479
2025-12-31 23:53:55,162 [INFO] [LiveTrader] [SIMULATION] BUY | Size=0.8 Price=99.3822470035026
2025-12-31 23:53:55,373 [INFO] [LiveTrader] [SIMULATION] SELL | Size=0.8 Price=99.03159307428929
2025-12-31 23:53:55,581 [INFO] [LiveTrader] [SIMULATION] BUY | Size=0.8 Price=99.19351594296022
2025-12-31 23:53:55,790 [INFO] [LiveTrader] [SIMULATION] BUY | Size=0.8 Price=100.77711623243988
2025-12-31 23:53:55,998 [INFO] [LiveTrader] [SIMULATION] SELL | Size=0.8 Price=99.78556565798783
2025-12-31 23:53:56,205 [INFO] [LiveTrader] [SIMULATION] BUY | Size=0.8 Price=100.77451447837979
2025-12-31 23:53:56,412 [INFO] [LiveTrader] [SIMULATION] SELL | Size=0.8 Price=99.70808823638535
2025-12-31 23:53:56,619 [INFO] [LiveTrader] [SIMULATION] SELL | Size=0.8 Price=99.39885712237933
2025-12-31 23:53:56,826 [INFO] [LiveTrader] [SIMULATION] HOLD | Size=0.8 Price=99.4571012837606
2025-12-31 23:53:57,034 [INFO] [LiveTrader] [SIMULATION] BUY | Size=0.8 Price=99.8357698136513
2025-12-31 23:53:57,242 [INFO] [LiveTrader] [SIMULATION] BUY | Size=0.8 Price=100.29063542523733
2025-12-31 23:53:57,449 [INFO] [LiveTrader] [SIMULATION] SELL | Size=0.8 Price=99.56007377983744
2025-12-31 23:53:57,659 [INFO] [LiveTrader] [SIMULATION] BUY | Size=0.8 Price=100.8808621146206
2025-12-31 23:53:57,869 [INFO] [LiveTrader] [SIMULATION] SELL | Size=0.8 Price=100.14631715687362
2025-12-31 23:53:58,078 [INFO] [LiveTrader] [SIMULATION] SELL | Size=0.8 Price=99.81992783539246
2025-12-31 23:53:58,329 [INFO] [LiveTrader] [SIMULATION] BUY | Size=0.8 Price=100.84391078695603
2025-12-31 23:53:58,536 [INFO] [LiveTrader] [SIMULATION] SELL | Size=0.8 Price=100.39472852338642
2025-12-31 23:53:58,743 [INFO] [LiveTrader] [SIMULATION] SELL | Size=0.8 Price=99.90061590110746
2025-12-31 23:53:58,955 [INFO] [LiveTrader] [SIMULATION] BUY | Size=0.8 Price=100.63585740721663
2025-12-31 23:53:59,168 [INFO] [LiveTrader] [SIMULATION] BUY | Size=0.8 Price=100.90033069285637
2025-12-31 23:53:59,375 [INFO] [LiveTrader] [SIMULATION] SELL | Size=0.8 Price=99.87942178430052
2025-12-31 23:53:59,582 [INFO] [LiveTrader] [SIMULATION] BUY | Size=0.8 Price=100.13438587475413
2025-12-31 23:53:59,792 [INFO] [LiveTrader] [SIMULATION] SELL | Size=0.8 Price=99.83190695468451
2025-12-31 23:54:00,003 [INFO] [LiveTrader] [SIMULATION] SELL | Size=0.8 Price=99.67465777573095
2025-12-31 23:54:00,215 [INFO] [LiveTrader] [SIMULATION] BUY | Size=0.8 Price=100.72378898549108
2025-12-31 23:54:00,423 [INFO] [LiveTrader] [SIMULATION] SELL | Size=0.8 Price=99.52834269923025
2025-12-31 23:54:00,632 [INFO] [LiveTrader] [SIMULATION] SELL | Size=0.8 Price=99.18015547107952
2025-12-31 23:54:00,839 [INFO] [LiveTrader] [SIMULATION] BUY | Size=0.8 Price=100.08761651989259
2025-12-31 23:54:01,046 [INFO] [LiveTrader] [SIMULATION] BUY | Size=0.8 Price=100.53866081691697
2025-12-31 23:54:01,253 [INFO] [LiveTrader] [SIMULATION] BUY | Size=0.8 Price=100.76906333447597
2025-12-31 23:54:01,461 [INFO] [LiveTrader] [SIMULATION] SELL | Size=0.8 Price=100.26475091408606
2025-12-31 23:54:01,668 [INFO] [LiveTrader] [SIMULATION] SELL | Size=0.8 Price=99.27512289466905
2025-12-31 23:54:01,876 [INFO] [LiveTrader] [SIMULATION] BUY | Size=0.8 Price=99.53720493775076
2025-12-31 23:54:02,083 [INFO] [LiveTrader] [SIMULATION] SELL | Size=0.8 Price=99.20611636765788
2025-12-31 23:54:02,290 [INFO] [LiveTrader] [SIMULATION] BUY | Size=0.8 Price=100.57902487364579
2025-12-31 23:54:02,442 [INFO] [main_controller] Controller finished.
