2026-04-06 00:02:03,710 [INFO] [KnowledgeGraph] KnowledgeGraph initialized (runtime-safe).
2026-04-06 00:02:03,711 [INFO] [LearningEngine] KnowledgeGraph loaded.
2026-04-06 00:02:03,717 [INFO] [MemoryManager] MemoryManager initialized (runtime-safe).
2026-04-06 00:02:03,718 [INFO] [LearningEngine] MemoryManager loaded.
2026-04-06 00:02:03,964 [INFO] [LearningEngine] LearningEngine ready. ai_state_dir=C:\Users\dennis\Power_Trading_System\external_memory\ai_state read_only=True
2026-04-06 00:03:26,713 [INFO] [RegimeClassifier] [REGIME] UNKNOWN → CHOP
2026-04-06 00:07:27,721 [INFO] [KnowledgeGraph] KnowledgeGraph initialized (runtime-safe).
2026-04-06 00:07:27,722 [INFO] [LearningEngine] KnowledgeGraph loaded.
2026-04-06 00:07:27,728 [INFO] [MemoryManager] MemoryManager initialized (runtime-safe).
2026-04-06 00:07:27,729 [INFO] [LearningEngine] MemoryManager loaded.
2026-04-06 00:07:27,787 [INFO] [LearningEngine] LearningEngine ready. ai_state_dir=C:\Users\dennis\Power_Trading_System\external_memory\ai_state read_only=True
2026-04-06 00:07:56,137 [INFO] [KnowledgeGraph] KnowledgeGraph initialized (runtime-safe).
2026-04-06 00:07:56,138 [INFO] [LearningEngine] KnowledgeGraph loaded.
2026-04-06 00:07:56,142 [INFO] [MemoryManager] MemoryManager initialized (runtime-safe).
2026-04-06 00:07:56,142 [INFO] [LearningEngine] MemoryManager loaded.
2026-04-06 00:07:56,237 [INFO] [LearningEngine] LearningEngine ready. ai_state_dir=C:\Users\dennis\Power_Trading_System\external_memory\ai_state read_only=True
2026-04-06 00:08:19,703 [INFO] [KnowledgeGraph] KnowledgeGraph initialized (runtime-safe).
2026-04-06 00:08:19,704 [INFO] [LearningEngine] KnowledgeGraph loaded.
2026-04-06 00:08:19,709 [INFO] [MemoryManager] MemoryManager initialized (runtime-safe).
2026-04-06 00:08:19,710 [INFO] [LearningEngine] MemoryManager loaded.
2026-04-06 00:08:19,799 [INFO] [LearningEngine] LearningEngine ready. ai_state_dir=C:\Users\dennis\Power_Trading_System\external_memory\ai_state read_only=True
2026-04-06 00:09:56,202 [INFO] [RegimeClassifier] [REGIME] UNKNOWN → CHOP
2026-04-06 00:12:37,950 [INFO] [KnowledgeGraph] KnowledgeGraph initialized (runtime-safe).
2026-04-06 00:12:37,951 [INFO] [LearningEngine] KnowledgeGraph loaded.
2026-04-06 00:12:37,956 [INFO] [MemoryManager] MemoryManager initialized (runtime-safe).
2026-04-06 00:12:37,958 [INFO] [LearningEngine] MemoryManager loaded.
2026-04-06 00:12:38,071 [INFO] [LearningEngine] LearningEngine ready. ai_state_dir=C:\Users\dennis\Power_Trading_System\external_memory\ai_state read_only=True
2026-04-06 00:14:05,999 [INFO] [RegimeClassifier] [REGIME] UNKNOWN → CHOP
2026-04-06 00:16:26,369 [INFO] [KnowledgeGraph] KnowledgeGraph initialized (runtime-safe).
2026-04-06 00:16:26,369 [INFO] [LearningEngine] KnowledgeGraph loaded.
2026-04-06 00:16:26,375 [INFO] [MemoryManager] MemoryManager initialized (runtime-safe).
2026-04-06 00:16:26,376 [INFO] [LearningEngine] MemoryManager loaded.
2026-04-06 00:16:26,443 [INFO] [LearningEngine] LearningEngine ready. ai_state_dir=C:\Users\dennis\Power_Trading_System\external_memory\ai_state read_only=True
2026-04-06 00:17:30,667 [INFO] [KnowledgeGraph] KnowledgeGraph initialized (runtime-safe).
2026-04-06 00:17:30,669 [INFO] [LearningEngine] KnowledgeGraph loaded.
2026-04-06 00:17:30,677 [INFO] [MemoryManager] MemoryManager initialized (runtime-safe).
2026-04-06 00:17:30,677 [INFO] [LearningEngine] MemoryManager loaded.
2026-04-06 00:17:30,771 [INFO] [LearningEngine] LearningEngine ready. ai_state_dir=C:\Users\dennis\Power_Trading_System\external_memory\ai_state read_only=True
2026-04-06 00:18:59,770 [INFO] [RegimeClassifier] [REGIME] UNKNOWN → CHOP
2026-04-06 00:21:01,164 [INFO] [KnowledgeGraph] KnowledgeGraph initialized (runtime-safe).
2026-04-06 00:21:01,166 [INFO] [LearningEngine] KnowledgeGraph loaded.
2026-04-06 00:21:01,173 [INFO] [MemoryManager] MemoryManager initialized (runtime-safe).
2026-04-06 00:21:01,174 [INFO] [LearningEngine] MemoryManager loaded.
2026-04-06 00:21:01,314 [INFO] [LearningEngine] LearningEngine ready. ai_state_dir=C:\Users\dennis\Power_Trading_System\external_memory\ai_state read_only=True
2026-04-06 00:22:30,395 [INFO] [RegimeClassifier] [REGIME] UNKNOWN → CHOP
2026-04-06 00:28:08,929 [INFO] [KnowledgeGraph] KnowledgeGraph initialized (runtime-safe).
2026-04-06 00:28:08,930 [INFO] [LearningEngine] KnowledgeGraph loaded.
2026-04-06 00:28:08,941 [INFO] [MemoryManager] MemoryManager initialized (runtime-safe).
2026-04-06 00:28:08,942 [INFO] [LearningEngine] MemoryManager loaded.
2026-04-06 00:28:09,212 [INFO] [LearningEngine] LearningEngine ready. ai_state_dir=C:\Users\dennis\Power_Trading_System\external_memory\ai_state read_only=True
2026-04-06 00:29:32,983 [INFO] [RegimeClassifier] [REGIME] UNKNOWN → CHOP
2026-04-06 00:32:44,091 [INFO] [KnowledgeGraph] KnowledgeGraph initialized (runtime-safe).
2026-04-06 00:32:44,092 [INFO] [LearningEngine] KnowledgeGraph loaded.
2026-04-06 00:32:44,096 [INFO] [MemoryManager] MemoryManager initialized (runtime-safe).
2026-04-06 00:32:44,097 [INFO] [LearningEngine] MemoryManager loaded.
2026-04-06 00:32:44,246 [INFO] [LearningEngine] LearningEngine ready. ai_state_dir=C:\Users\dennis\Power_Trading_System\external_memory\ai_state read_only=True
2026-04-06 07:04:53,694 [INFO] [KnowledgeGraph] KnowledgeGraph initialized (runtime-safe).
2026-04-06 07:04:53,703 [INFO] [LearningEngine] KnowledgeGraph loaded.
2026-04-06 07:04:53,726 [INFO] [MemoryManager] MemoryManager initialized (runtime-safe).
2026-04-06 07:04:53,731 [INFO] [LearningEngine] MemoryManager loaded.
2026-04-06 07:04:53,828 [INFO] [LearningEngine] LearningEngine ready. ai_state_dir=C:\Users\dennis\Power_Trading_System\external_memory\ai_state read_only=True
2026-04-06 07:05:40,047 [INFO] [KnowledgeGraph] KnowledgeGraph initialized (runtime-safe).
2026-04-06 07:05:40,047 [INFO] [LearningEngine] KnowledgeGraph loaded.
2026-04-06 07:05:40,055 [INFO] [MemoryManager] MemoryManager initialized (runtime-safe).
2026-04-06 07:05:40,055 [INFO] [LearningEngine] MemoryManager loaded.
2026-04-06 07:05:40,143 [INFO] [LearningEngine] LearningEngine ready. ai_state_dir=C:\Users\dennis\Power_Trading_System\external_memory\ai_state read_only=True
2026-04-06 07:07:32,299 [INFO] [RegimeClassifier] [REGIME] UNKNOWN → CHOP
2026-04-06 07:12:29,049 [INFO] [KnowledgeGraph] KnowledgeGraph initialized (runtime-safe).
2026-04-06 07:12:29,050 [INFO] [LearningEngine] KnowledgeGraph loaded.
2026-04-06 07:12:29,058 [INFO] [MemoryManager] MemoryManager initialized (runtime-safe).
2026-04-06 07:12:29,062 [INFO] [LearningEngine] MemoryManager loaded.
2026-04-06 07:12:29,165 [INFO] [LearningEngine] LearningEngine ready. ai_state_dir=C:\Users\dennis\Power_Trading_System\external_memory\ai_state read_only=True
2026-04-06 07:13:33,282 [INFO] [RegimeClassifier] [REGIME] UNKNOWN → CHOP
2026-04-06 07:23:00,796 [INFO] [KnowledgeGraph] KnowledgeGraph initialized (runtime-safe).
2026-04-06 07:23:00,797 [INFO] [LearningEngine] KnowledgeGraph loaded.
2026-04-06 07:23:00,803 [INFO] [MemoryManager] MemoryManager initialized (runtime-safe).
2026-04-06 07:23:00,803 [INFO] [LearningEngine] MemoryManager loaded.
2026-04-06 07:23:00,860 [INFO] [LearningEngine] LearningEngine ready. ai_state_dir=C:\Users\dennis\Power_Trading_System\external_memory\ai_state read_only=True
2026-04-06 07:24:16,112 [INFO] [KnowledgeGraph] KnowledgeGraph initialized (runtime-safe).
2026-04-06 07:24:16,113 [INFO] [LearningEngine] KnowledgeGraph loaded.
2026-04-06 07:24:16,120 [INFO] [MemoryManager] MemoryManager initialized (runtime-safe).
2026-04-06 07:24:16,121 [INFO] [LearningEngine] MemoryManager loaded.
2026-04-06 07:24:16,210 [INFO] [LearningEngine] LearningEngine ready. ai_state_dir=C:\Users\dennis\Power_Trading_System\external_memory\ai_state read_only=True
2026-04-06 07:25:31,350 [INFO] [RegimeClassifier] [REGIME] UNKNOWN → CHOP
2026-04-06 07:36:14,714 [INFO] [KnowledgeGraph] KnowledgeGraph initialized (runtime-safe).
2026-04-06 07:36:14,715 [INFO] [LearningEngine] KnowledgeGraph loaded.
2026-04-06 07:36:14,718 [INFO] [MemoryManager] MemoryManager initialized (runtime-safe).
2026-04-06 07:36:14,719 [INFO] [LearningEngine] MemoryManager loaded.
2026-04-06 07:36:14,821 [INFO] [LearningEngine] LearningEngine ready. ai_state_dir=C:\Users\dennis\Power_Trading_System\external_memory\ai_state read_only=True
2026-04-06 07:37:22,392 [INFO] [RegimeClassifier] [REGIME] UNKNOWN → CHOP
2026-04-06 07:44:10,279 [INFO] [KnowledgeGraph] KnowledgeGraph initialized (runtime-safe).
2026-04-06 07:44:10,281 [INFO] [LearningEngine] KnowledgeGraph loaded.
2026-04-06 07:44:10,288 [INFO] [MemoryManager] MemoryManager initialized (runtime-safe).
2026-04-06 07:44:10,290 [INFO] [LearningEngine] MemoryManager loaded.
2026-04-06 07:44:10,365 [INFO] [LearningEngine] LearningEngine ready. ai_state_dir=C:\Users\dennis\Power_Trading_System\external_memory\ai_state read_only=True
2026-04-06 07:45:18,714 [INFO] [RegimeClassifier] [REGIME] UNKNOWN → CHOP
2026-04-06 07:54:16,054 [INFO] [KnowledgeGraph] KnowledgeGraph initialized (runtime-safe).
2026-04-06 07:54:16,059 [INFO] [LearningEngine] KnowledgeGraph loaded.
2026-04-06 07:54:16,066 [INFO] [MemoryManager] MemoryManager initialized (runtime-safe).
2026-04-06 07:54:16,066 [INFO] [LearningEngine] MemoryManager loaded.
2026-04-06 07:54:16,380 [INFO] [LearningEngine] LearningEngine ready. ai_state_dir=C:\Users\dennis\Power_Trading_System\external_memory\ai_state read_only=True
2026-04-06 07:54:40,550 [INFO] [KnowledgeGraph] KnowledgeGraph initialized (runtime-safe).
2026-04-06 07:54:40,551 [INFO] [LearningEngine] KnowledgeGraph loaded.
2026-04-06 07:54:40,556 [INFO] [MemoryManager] MemoryManager initialized (runtime-safe).
2026-04-06 07:54:40,556 [INFO] [LearningEngine] MemoryManager loaded.
2026-04-06 07:54:40,623 [INFO] [LearningEngine] LearningEngine ready. ai_state_dir=C:\Users\dennis\Power_Trading_System\external_memory\ai_state read_only=True
2026-04-06 07:55:06,035 [INFO] [KnowledgeGraph] KnowledgeGraph initialized (runtime-safe).
2026-04-06 07:55:06,036 [INFO] [LearningEngine] KnowledgeGraph loaded.
2026-04-06 07:55:06,043 [INFO] [MemoryManager] MemoryManager initialized (runtime-safe).
2026-04-06 07:55:06,045 [INFO] [LearningEngine] MemoryManager loaded.
2026-04-06 07:55:06,157 [INFO] [LearningEngine] LearningEngine ready. ai_state_dir=C:\Users\dennis\Power_Trading_System\external_memory\ai_state read_only=True
2026-04-06 07:56:25,114 [INFO] [KnowledgeGraph] KnowledgeGraph initialized (runtime-safe).
2026-04-06 07:56:25,114 [INFO] [LearningEngine] KnowledgeGraph loaded.
2026-04-06 07:56:25,122 [INFO] [MemoryManager] MemoryManager initialized (runtime-safe).
2026-04-06 07:56:25,123 [INFO] [LearningEngine] MemoryManager loaded.
2026-04-06 07:56:25,291 [INFO] [LearningEngine] LearningEngine ready. ai_state_dir=C:\Users\dennis\Power_Trading_System\external_memory\ai_state read_only=True
2026-04-06 07:57:38,825 [INFO] [RegimeClassifier] [REGIME] UNKNOWN → CHOP
2026-04-06 08:00:45,618 [INFO] [KnowledgeGraph] KnowledgeGraph initialized (runtime-safe).
2026-04-06 08:00:45,619 [INFO] [LearningEngine] KnowledgeGraph loaded.
2026-04-06 08:00:45,624 [INFO] [MemoryManager] MemoryManager initialized (runtime-safe).
2026-04-06 08:00:45,624 [INFO] [LearningEngine] MemoryManager loaded.
2026-04-06 08:00:45,727 [INFO] [LearningEngine] LearningEngine ready. ai_state_dir=C:\Users\dennis\Power_Trading_System\external_memory\ai_state read_only=True
2026-04-06 08:02:07,116 [INFO] [RegimeClassifier] [REGIME] UNKNOWN → CHOP
2026-04-06 08:13:19,410 [INFO] [KnowledgeGraph] KnowledgeGraph initialized (runtime-safe).
2026-04-06 08:13:19,411 [INFO] [LearningEngine] KnowledgeGraph loaded.
2026-04-06 08:13:19,416 [INFO] [MemoryManager] MemoryManager initialized (runtime-safe).
2026-04-06 08:13:19,416 [INFO] [LearningEngine] MemoryManager loaded.
2026-04-06 08:13:19,503 [INFO] [LearningEngine] LearningEngine ready. ai_state_dir=C:\Users\dennis\Power_Trading_System\external_memory\ai_state read_only=True
2026-04-06 08:13:45,089 [INFO] [KnowledgeGraph] KnowledgeGraph initialized (runtime-safe).
2026-04-06 08:13:45,091 [INFO] [LearningEngine] KnowledgeGraph loaded.
2026-04-06 08:13:45,097 [INFO] [MemoryManager] MemoryManager initialized (runtime-safe).
2026-04-06 08:13:45,097 [INFO] [LearningEngine] MemoryManager loaded.
2026-04-06 08:13:45,217 [INFO] [LearningEngine] LearningEngine ready. ai_state_dir=C:\Users\dennis\Power_Trading_System\external_memory\ai_state read_only=True
2026-04-06 08:15:04,691 [INFO] [RegimeClassifier] [REGIME] UNKNOWN → CHOP
2026-04-06 08:16:47,559 [INFO] [KnowledgeGraph] KnowledgeGraph initialized (runtime-safe).
2026-04-06 08:16:47,560 [INFO] [LearningEngine] KnowledgeGraph loaded.
2026-04-06 08:16:47,566 [INFO] [MemoryManager] MemoryManager initialized (runtime-safe).
2026-04-06 08:16:47,569 [INFO] [LearningEngine] MemoryManager loaded.
2026-04-06 08:16:47,708 [INFO] [LearningEngine] LearningEngine ready. ai_state_dir=C:\Users\dennis\Power_Trading_System\external_memory\ai_state read_only=True
2026-04-06 08:17:10,674 [INFO] [KnowledgeGraph] KnowledgeGraph initialized (runtime-safe).
2026-04-06 08:17:10,675 [INFO] [LearningEngine] KnowledgeGraph loaded.
2026-04-06 08:17:10,686 [INFO] [MemoryManager] MemoryManager initialized (runtime-safe).
2026-04-06 08:17:10,687 [INFO] [LearningEngine] MemoryManager loaded.
2026-04-06 08:17:10,782 [INFO] [LearningEngine] LearningEngine ready. ai_state_dir=C:\Users\dennis\Power_Trading_System\external_memory\ai_state read_only=True
2026-04-06 08:17:26,287 [INFO] [KnowledgeGraph] KnowledgeGraph initialized (runtime-safe).
2026-04-06 08:17:26,287 [INFO] [LearningEngine] KnowledgeGraph loaded.
2026-04-06 08:17:26,294 [INFO] [MemoryManager] MemoryManager initialized (runtime-safe).
2026-04-06 08:17:26,296 [INFO] [LearningEngine] MemoryManager loaded.
2026-04-06 08:17:26,396 [INFO] [LearningEngine] LearningEngine ready. ai_state_dir=C:\Users\dennis\Power_Trading_System\external_memory\ai_state read_only=True
2026-04-06 08:18:32,198 [INFO] [RegimeClassifier] [REGIME] UNKNOWN → CHOP
2026-04-06 08:28:14,370 [INFO] [KnowledgeGraph] KnowledgeGraph initialized (runtime-safe).
2026-04-06 08:28:14,379 [INFO] [LearningEngine] KnowledgeGraph loaded.
2026-04-06 08:28:14,385 [INFO] [MemoryManager] MemoryManager initialized (runtime-safe).
2026-04-06 08:28:14,389 [INFO] [LearningEngine] MemoryManager loaded.
2026-04-06 08:28:14,488 [INFO] [LearningEngine] LearningEngine ready. ai_state_dir=C:\Users\dennis\Power_Trading_System\external_memory\ai_state read_only=True
2026-04-06 08:28:57,085 [INFO] [KnowledgeGraph] KnowledgeGraph initialized (runtime-safe).
2026-04-06 08:28:57,086 [INFO] [LearningEngine] KnowledgeGraph loaded.
2026-04-06 08:28:57,091 [INFO] [MemoryManager] MemoryManager initialized (runtime-safe).
2026-04-06 08:28:57,091 [INFO] [LearningEngine] MemoryManager loaded.
2026-04-06 08:28:57,207 [INFO] [LearningEngine] LearningEngine ready. ai_state_dir=C:\Users\dennis\Power_Trading_System\external_memory\ai_state read_only=True
2026-04-06 08:30:15,386 [INFO] [RegimeClassifier] [REGIME] UNKNOWN → CHOP
