2026-01-16 10:15:24,198 [INFO] [KnowledgeGraph] KnowledgeGraph initialized (runtime-safe).
2026-01-16 10:15:24,209 [INFO] [LearningEngine] KnowledgeGraph loaded.
2026-01-16 10:15:24,212 [INFO] [MemoryManager] MemoryManager initialized (runtime-safe).
2026-01-16 10:15:24,213 [INFO] [LearningEngine] MemoryManager loaded.
2026-01-16 10:15:25,030 [INFO] [LearningEngine] LearningEngine ready. ai_state_dir=C:\Users\dennis\Power_Trading_System\external_memory\ai_state read_only=True
2026-01-16 10:15:25,034 [INFO] [MemoryManager] MemoryManager initialized (runtime-safe).
2026-01-16 10:15:25,037 [INFO] [LiveTrader] LiveTrader initialized in SIMULATION mode.
2026-01-16 10:15:25,038 [INFO] [LiveTrader] Kill switch path: C:\Users\dennis\external_memory\KILL_SWITCH
2026-01-16 10:15:25,064 [INFO] [DataFeed] DataFeed init symbol=POWER start=100.0 drift=0.0 vol=0.6 seed=None
2026-01-16 10:15:25,424 [INFO] [LiveTrader] [SIMULATION] HOLD | Size=0.8 Price=99.617
2026-01-16 10:15:27,108 [INFO] [LiveTrader] [SIMULATION] BUY | Size=0.8 Price=99.8694
2026-01-16 10:15:27,310 [INFO] [LiveTrader] [SIMULATION] HOLD | Size=0.8 Price=99.8633
2026-01-16 10:15:27,513 [INFO] [LiveTrader] [SIMULATION] BUY | Size=0.8 Price=100.7223
2026-01-16 10:15:27,715 [INFO] [LiveTrader] [SIMULATION] BUY | Size=0.8 Price=101.2481
2026-01-16 10:15:27,917 [INFO] [LiveTrader] [SIMULATION] HOLD | Size=0.8 Price=101.3009
2026-01-16 10:15:28,119 [INFO] [LiveTrader] [SIMULATION] BUY | Size=0.8 Price=102.3215
2026-01-16 10:15:28,321 [INFO] [LiveTrader] [SIMULATION] BUY | Size=0.8 Price=103.0291
2026-01-16 10:15:28,524 [INFO] [LiveTrader] [SIMULATION] SELL | Size=0.8 Price=102.8713
2026-01-16 10:15:28,726 [INFO] [LiveTrader] [SIMULATION] BUY | Size=0.8 Price=103.7869
2026-01-16 10:15:28,947 [INFO] [LiveTrader] [SIMULATION] SELL | Size=0.8 Price=103.6332
2026-01-16 10:15:29,208 [INFO] [LiveTrader] [SIMULATION] SELL | Size=0.8 Price=103.069
2026-01-16 10:15:29,412 [INFO] [LiveTrader] [SIMULATION] BUY | Size=0.8 Price=103.3915
2026-01-16 10:15:29,615 [INFO] [LiveTrader] [SIMULATION] SELL | Size=0.8 Price=103.2653
2026-01-16 10:15:29,818 [INFO] [LiveTrader] [SIMULATION] SELL | Size=0.8 Price=102.8856
2026-01-16 10:15:30,068 [INFO] [LiveTrader] [SIMULATION] SELL | Size=0.8 Price=102.0536
2026-01-16 10:15:30,315 [INFO] [LiveTrader] [SIMULATION] BUY | Size=0.8 Price=102.4644
2026-01-16 10:15:30,517 [INFO] [LiveTrader] [SIMULATION] SELL | Size=0.8 Price=101.3334
2026-01-16 10:15:30,720 [INFO] [LiveTrader] [SIMULATION] SELL | Size=0.8 Price=100.4917
2026-01-16 10:15:30,925 [INFO] [LiveTrader] [SIMULATION] SELL | Size=0.8 Price=100.2483
2026-01-16 10:19:07,149 [INFO] [LiveTrader] [SIMULATION] SELL | Size=0.8 Price=99.7959
2026-01-16 10:19:07,352 [INFO] [LiveTrader] [SIMULATION] SELL | Size=0.8 Price=99.4834
2026-01-16 10:19:07,554 [INFO] [LiveTrader] [SIMULATION] SELL | Size=0.8 Price=98.3296
2026-01-16 10:19:07,756 [INFO] [LiveTrader] [SIMULATION] BUY | Size=0.8 Price=98.6859
2026-01-16 10:19:07,958 [INFO] [LiveTrader] [SIMULATION] BUY | Size=0.8 Price=98.8434
2026-01-16 10:19:08,161 [INFO] [LiveTrader] [SIMULATION] SELL | Size=0.8 Price=98.0923
2026-01-16 10:19:08,364 [INFO] [LiveTrader] [SIMULATION] BUY | Size=0.8 Price=98.2142
2026-01-16 10:19:08,566 [INFO] [LiveTrader] [SIMULATION] HOLD | Size=0.8 Price=98.289
2026-01-16 10:19:08,769 [INFO] [LiveTrader] [SIMULATION] SELL | Size=0.8 Price=97.8917
2026-01-16 10:19:08,974 [INFO] [LiveTrader] [SIMULATION] SELL | Size=0.8 Price=97.4229
2026-01-16 10:19:09,179 [INFO] [LiveTrader] [SIMULATION] BUY | Size=0.8 Price=97.922
2026-01-16 10:19:09,381 [INFO] [LiveTrader] [SIMULATION] BUY | Size=0.8 Price=98.8952
2026-01-16 10:19:09,583 [INFO] [LiveTrader] [SIMULATION] BUY | Size=0.8 Price=99.3613
2026-01-16 10:19:09,785 [INFO] [LiveTrader] [SIMULATION] HOLD | Size=0.8 Price=99.4329
2026-01-16 10:19:09,987 [INFO] [LiveTrader] [SIMULATION] SELL | Size=0.8 Price=99.021
2026-01-16 10:19:10,190 [INFO] [LiveTrader] [SIMULATION] BUY | Size=0.8 Price=99.298
2026-01-16 10:19:10,394 [INFO] [LiveTrader] [SIMULATION] HOLD | Size=0.8 Price=99.3137
2026-01-16 10:19:10,598 [INFO] [LiveTrader] [SIMULATION] BUY | Size=0.8 Price=99.415
2026-01-16 10:19:10,801 [INFO] [LiveTrader] [SIMULATION] HOLD | Size=0.8 Price=99.4297
2026-01-16 10:19:11,005 [INFO] [LiveTrader] [SIMULATION] BUY | Size=0.8 Price=99.7448
2026-01-16 10:19:13,737 [INFO] [LiveTrader] [SIMULATION] SELL | Size=0.8 Price=99.2149
2026-01-16 10:19:13,939 [INFO] [LiveTrader] [SIMULATION] SELL | Size=0.8 Price=98.8447
2026-01-16 10:19:14,141 [INFO] [LiveTrader] [SIMULATION] BUY | Size=0.8 Price=99.6896
2026-01-16 10:19:14,344 [INFO] [LiveTrader] [SIMULATION] SELL | Size=0.8 Price=98.5436
2026-01-16 10:19:14,546 [INFO] [LiveTrader] [SIMULATION] HOLD | Size=0.8 Price=98.6309
2026-01-16 10:19:14,748 [INFO] [LiveTrader] [SIMULATION] SELL | Size=0.8 Price=98.1035
2026-01-16 10:19:14,951 [INFO] [LiveTrader] [SIMULATION] BUY | Size=0.8 Price=98.6594
2026-01-16 10:19:15,156 [INFO] [LiveTrader] [SIMULATION] SELL | Size=0.8 Price=97.5382
2026-01-16 10:19:15,358 [INFO] [LiveTrader] [SIMULATION] BUY | Size=0.8 Price=98.5268
2026-01-16 10:19:15,560 [INFO] [LiveTrader] [SIMULATION] SELL | Size=0.8 Price=98.2923
2026-01-16 10:19:15,763 [INFO] [LiveTrader] [SIMULATION] BUY | Size=0.8 Price=98.4973
2026-01-16 10:19:15,966 [INFO] [LiveTrader] [SIMULATION] BUY | Size=0.8 Price=98.635
2026-01-16 10:19:16,169 [INFO] [LiveTrader] [SIMULATION] SELL | Size=0.8 Price=97.3219
2026-01-16 10:19:16,373 [INFO] [LiveTrader] [SIMULATION] SELL | Size=0.8 Price=97.1936
2026-01-16 10:19:16,584 [INFO] [LiveTrader] [SIMULATION] BUY | Size=0.8 Price=97.6873
2026-01-16 10:19:16,823 [INFO] [LiveTrader] [SIMULATION] SELL | Size=0.8 Price=97.584
2026-01-16 10:19:17,038 [INFO] [LiveTrader] [SIMULATION] BUY | Size=0.8 Price=98.246
2026-01-16 10:19:17,249 [INFO] [LiveTrader] [SIMULATION] SELL | Size=0.8 Price=98.0659
2026-01-16 10:19:17,454 [INFO] [LiveTrader] [SIMULATION] SELL | Size=0.8 Price=97.7161
2026-01-16 10:19:17,657 [INFO] [LiveTrader] [SIMULATION] BUY | Size=0.8 Price=98.8993
2026-01-16 10:19:20,223 [INFO] [LiveTrader] [SIMULATION] BUY | Size=0.8 Price=100.6579
2026-01-16 10:19:20,425 [INFO] [LiveTrader] [SIMULATION] BUY | Size=0.8 Price=100.8928
2026-01-16 10:19:20,627 [INFO] [LiveTrader] [SIMULATION] HOLD | Size=0.8 Price=100.8854
2026-01-16 10:19:20,832 [INFO] [LiveTrader] [SIMULATION] SELL | Size=0.8 Price=100.0009
2026-01-16 10:19:21,035 [INFO] [LiveTrader] [SIMULATION] BUY | Size=0.8 Price=101.2981
2026-01-16 10:19:21,238 [INFO] [LiveTrader] [SIMULATION] SELL | Size=0.8 Price=100.6242
2026-01-16 10:19:21,440 [INFO] [LiveTrader] [SIMULATION] SELL | Size=0.8 Price=100.3548
2026-01-16 10:19:21,643 [INFO] [LiveTrader] [SIMULATION] BUY | Size=0.8 Price=100.7357
2026-01-16 10:19:21,846 [INFO] [LiveTrader] [SIMULATION] BUY | Size=0.8 Price=101.5116
2026-01-16 10:19:22,048 [INFO] [LiveTrader] [SIMULATION] SELL | Size=0.8 Price=100.5598
2026-01-16 10:19:22,251 [INFO] [LiveTrader] [SIMULATION] SELL | Size=0.8 Price=100.4258
2026-01-16 10:19:22,454 [INFO] [LiveTrader] [SIMULATION] SELL | Size=0.8 Price=99.7187
2026-01-16 10:19:22,685 [INFO] [LiveTrader] [SIMULATION] SELL | Size=0.8 Price=99.2989
2026-01-16 10:19:22,932 [INFO] [LiveTrader] [SIMULATION] BUY | Size=0.8 Price=99.5712
2026-01-16 10:19:23,135 [INFO] [LiveTrader] [SIMULATION] BUY | Size=0.8 Price=100.0067
2026-01-16 10:19:23,338 [INFO] [LiveTrader] [SIMULATION] BUY | Size=0.8 Price=100.6299
2026-01-16 10:19:23,540 [INFO] [LiveTrader] [SIMULATION] BUY | Size=0.8 Price=101.1307
2026-01-16 10:19:23,743 [INFO] [LiveTrader] [SIMULATION] HOLD | Size=0.8 Price=101.0706
2026-01-16 10:19:23,945 [INFO] [LiveTrader] [SIMULATION] SELL | Size=0.8 Price=100.7379
2026-01-16 10:19:24,147 [INFO] [LiveTrader] [SIMULATION] BUY | Size=0.8 Price=101.0104
2026-01-16 10:19:31,093 [INFO] [LiveTrader] [SIMULATION] BUY | Size=0.8 Price=101.5469
2026-01-16 10:19:31,297 [INFO] [LiveTrader] [SIMULATION] SELL | Size=0.8 Price=101.4361
2026-01-16 10:19:31,503 [INFO] [LiveTrader] [SIMULATION] SELL | Size=0.8 Price=100.6053
2026-01-16 10:19:31,706 [INFO] [LiveTrader] [SIMULATION] BUY | Size=0.8 Price=101.6206
2026-01-16 10:19:31,908 [INFO] [LiveTrader] [SIMULATION] BUY | Size=0.8 Price=102.9533
2026-01-16 10:19:32,110 [INFO] [LiveTrader] [SIMULATION] SELL | Size=0.8 Price=102.7096
2026-01-16 10:19:32,313 [INFO] [LiveTrader] [SIMULATION] SELL | Size=0.8 Price=102.3541
2026-01-16 10:19:32,516 [INFO] [LiveTrader] [SIMULATION] BUY | Size=0.8 Price=103.4709
2026-01-16 10:19:32,720 [INFO] [LiveTrader] [SIMULATION] BUY | Size=0.8 Price=104.8612
2026-01-16 10:19:32,922 [INFO] [LiveTrader] [SIMULATION] BUY | Size=0.8 Price=105.665
2026-01-16 10:19:33,129 [INFO] [LiveTrader] [SIMULATION] BUY | Size=0.8 Price=106.0691
2026-01-16 10:19:33,335 [INFO] [LiveTrader] [SIMULATION] BUY | Size=0.8 Price=106.61
2026-01-16 10:19:33,537 [INFO] [LiveTrader] [SIMULATION] SELL | Size=0.8 Price=106.1519
2026-01-16 10:19:33,739 [INFO] [LiveTrader] [SIMULATION] BUY | Size=0.8 Price=106.3858
2026-01-16 10:19:33,942 [INFO] [LiveTrader] [SIMULATION] BUY | Size=0.8 Price=106.5064
2026-01-16 10:19:34,144 [INFO] [LiveTrader] [SIMULATION] BUY | Size=0.8 Price=107.0605
2026-01-16 10:19:34,347 [INFO] [LiveTrader] [SIMULATION] BUY | Size=0.8 Price=107.313
2026-01-16 10:19:34,549 [INFO] [LiveTrader] [SIMULATION] BUY | Size=0.8 Price=107.7658
2026-01-16 10:19:34,751 [INFO] [LiveTrader] [SIMULATION] SELL | Size=0.8 Price=106.7523
2026-01-16 10:19:34,954 [INFO] [LiveTrader] [SIMULATION] SELL | Size=0.8 Price=106.1771
2026-01-16 10:19:38,319 [INFO] [LiveTrader] [SIMULATION] BUY | Size=0.8 Price=106.9167
2026-01-16 10:19:38,588 [INFO] [LiveTrader] [SIMULATION] SELL | Size=0.8 Price=106.6926
2026-01-16 10:19:38,790 [INFO] [LiveTrader] [SIMULATION] BUY | Size=0.8 Price=106.9149
2026-01-16 10:19:38,992 [INFO] [LiveTrader] [SIMULATION] BUY | Size=0.8 Price=107.5956
2026-01-16 10:19:39,195 [INFO] [LiveTrader] [SIMULATION] BUY | Size=0.8 Price=108.0216
2026-01-16 10:19:39,398 [INFO] [LiveTrader] [SIMULATION] BUY | Size=0.8 Price=108.27
2026-01-16 10:19:40,096 [INFO] [LiveTrader] [SIMULATION] SELL | Size=0.8 Price=107.7039
2026-01-16 10:19:40,297 [INFO] [LiveTrader] [SIMULATION] HOLD | Size=0.8 Price=107.7208
2026-01-16 10:19:40,500 [INFO] [LiveTrader] [SIMULATION] BUY | Size=0.8 Price=108.0188
2026-01-16 10:19:40,704 [INFO] [LiveTrader] [SIMULATION] BUY | Size=0.8 Price=108.3645
2026-01-16 10:19:40,917 [INFO] [LiveTrader] [SIMULATION] SELL | Size=0.8 Price=108.1085
2026-01-16 10:19:41,119 [INFO] [LiveTrader] [SIMULATION] SELL | Size=0.8 Price=107.8234
2026-01-16 10:19:41,322 [INFO] [LiveTrader] [SIMULATION] SELL | Size=0.8 Price=107.589
2026-01-16 10:19:41,524 [INFO] [LiveTrader] [SIMULATION] BUY | Size=0.8 Price=108.29
2026-01-16 10:19:41,727 [INFO] [LiveTrader] [SIMULATION] BUY | Size=0.8 Price=108.7074
2026-01-16 10:19:41,930 [INFO] [LiveTrader] [SIMULATION] SELL | Size=0.8 Price=108.5911
2026-01-16 10:19:42,133 [INFO] [LiveTrader] [SIMULATION] BUY | Size=0.8 Price=109.1099
2026-01-16 10:19:42,335 [INFO] [LiveTrader] [SIMULATION] BUY | Size=0.8 Price=110.044
2026-01-16 10:19:42,537 [INFO] [LiveTrader] [SIMULATION] BUY | Size=0.8 Price=110.5604
2026-01-16 10:19:42,742 [INFO] [LiveTrader] [SIMULATION] SELL | Size=0.8 Price=109.0493
2026-01-16 10:19:46,452 [INFO] [LiveTrader] [SIMULATION] SELL | Size=0.8 Price=108.1234
2026-01-16 10:19:46,654 [INFO] [LiveTrader] [SIMULATION] SELL | Size=0.8 Price=107.6745
2026-01-16 10:19:46,857 [INFO] [LiveTrader] [SIMULATION] BUY | Size=0.8 Price=108.6737
2026-01-16 10:19:47,061 [INFO] [LiveTrader] [SIMULATION] BUY | Size=0.8 Price=109.1442
2026-01-16 10:19:47,266 [INFO] [LiveTrader] [SIMULATION] BUY | Size=0.8 Price=110.2032
2026-01-16 10:19:47,468 [INFO] [LiveTrader] [SIMULATION] SELL | Size=0.8 Price=109.5569
2026-01-16 10:19:47,761 [INFO] [LiveTrader] [SIMULATION] SELL | Size=0.8 Price=109.1434
2026-01-16 10:19:47,964 [INFO] [LiveTrader] [SIMULATION] BUY | Size=0.8 Price=109.6139
2026-01-16 10:19:48,168 [INFO] [LiveTrader] [SIMULATION] SELL | Size=0.8 Price=109.4358
2026-01-16 10:19:48,541 [INFO] [LiveTrader] [SIMULATION] SELL | Size=0.8 Price=108.7879
2026-01-16 10:19:48,743 [INFO] [LiveTrader] [SIMULATION] SELL | Size=0.8 Price=107.4597
2026-01-16 10:19:48,945 [INFO] [LiveTrader] [SIMULATION] SELL | Size=0.8 Price=106.8969
2026-01-16 10:19:49,148 [INFO] [LiveTrader] [SIMULATION] BUY | Size=0.8 Price=107.3034
2026-01-16 10:19:49,351 [INFO] [LiveTrader] [SIMULATION] BUY | Size=0.8 Price=108.0343
2026-01-16 10:19:49,553 [INFO] [LiveTrader] [SIMULATION] HOLD | Size=0.8 Price=108.1076
2026-01-16 10:19:49,757 [INFO] [LiveTrader] [SIMULATION] SELL | Size=0.8 Price=107.7611
2026-01-16 10:19:49,961 [INFO] [LiveTrader] [SIMULATION] HOLD | Size=0.8 Price=107.8202
2026-01-16 10:19:50,173 [INFO] [LiveTrader] [SIMULATION] HOLD | Size=0.8 Price=107.8523
2026-01-16 10:19:50,377 [INFO] [LiveTrader] [SIMULATION] BUY | Size=0.8 Price=109.1537
2026-01-16 10:19:50,579 [INFO] [LiveTrader] [SIMULATION] SELL | Size=0.8 Price=108.7935
2026-01-16 10:19:53,428 [INFO] [LiveTrader] [SIMULATION] BUY | Size=0.8 Price=109.4197
2026-01-16 10:19:53,630 [INFO] [LiveTrader] [SIMULATION] BUY | Size=0.8 Price=110.444
2026-01-16 10:19:53,832 [INFO] [LiveTrader] [SIMULATION] SELL | Size=0.8 Price=110.1913
2026-01-16 10:19:54,034 [INFO] [LiveTrader] [SIMULATION] BUY | Size=0.8 Price=110.2986
2026-01-16 10:19:54,236 [INFO] [LiveTrader] [SIMULATION] SELL | Size=0.8 Price=109.9908
2026-01-16 10:19:54,439 [INFO] [LiveTrader] [SIMULATION] HOLD | Size=0.8 Price=109.9752
2026-01-16 10:19:54,642 [INFO] [LiveTrader] [SIMULATION] BUY | Size=0.8 Price=111.1796
2026-01-16 10:19:54,844 [INFO] [LiveTrader] [SIMULATION] SELL | Size=0.8 Price=110.5169
2026-01-16 10:19:55,047 [INFO] [LiveTrader] [SIMULATION] SELL | Size=0.8 Price=109.7632
2026-01-16 10:19:55,249 [INFO] [LiveTrader] [SIMULATION] SELL | Size=0.8 Price=109.5577
2026-01-16 10:19:55,452 [INFO] [LiveTrader] [SIMULATION] SELL | Size=0.8 Price=108.8551
2026-01-16 10:19:55,657 [INFO] [LiveTrader] [SIMULATION] SELL | Size=0.8 Price=108.6708
2026-01-16 10:19:56,140 [INFO] [LiveTrader] [SIMULATION] SELL | Size=0.8 Price=108.3081
2026-01-16 10:19:56,349 [INFO] [LiveTrader] [SIMULATION] SELL | Size=0.8 Price=107.9641
2026-01-16 10:19:56,554 [INFO] [LiveTrader] [SIMULATION] SELL | Size=0.8 Price=107.8185
2026-01-16 10:19:56,757 [INFO] [LiveTrader] [SIMULATION] BUY | Size=0.8 Price=108.4858
2026-01-16 10:19:56,961 [INFO] [LiveTrader] [SIMULATION] HOLD | Size=0.8 Price=108.4837
2026-01-16 10:19:57,178 [INFO] [LiveTrader] [SIMULATION] HOLD | Size=0.8 Price=108.5281
2026-01-16 10:19:57,438 [INFO] [LiveTrader] [SIMULATION] SELL | Size=0.8 Price=107.7531
2026-01-16 10:19:57,664 [INFO] [LiveTrader] [SIMULATION] SELL | Size=0.8 Price=107.1968
2026-01-16 10:20:02,490 [INFO] [LiveTrader] [SIMULATION] HOLD | Size=0.8 Price=107.1216
2026-01-16 10:20:02,731 [INFO] [LiveTrader] [SIMULATION] BUY | Size=0.8 Price=107.2843
2026-01-16 10:20:02,935 [INFO] [LiveTrader] [SIMULATION] SELL | Size=0.8 Price=106.8892
2026-01-16 10:20:03,138 [INFO] [LiveTrader] [SIMULATION] BUY | Size=0.8 Price=107.1752
2026-01-16 10:20:03,341 [INFO] [LiveTrader] [SIMULATION] BUY | Size=0.8 Price=107.9011
2026-01-16 10:20:03,545 [INFO] [LiveTrader] [SIMULATION] SELL | Size=0.8 Price=107.3863
2026-01-16 10:20:03,751 [INFO] [LiveTrader] [SIMULATION] SELL | Size=0.8 Price=107.0173
2026-01-16 10:20:03,954 [INFO] [LiveTrader] [SIMULATION] SELL | Size=0.8 Price=106.3312
2026-01-16 10:20:04,172 [INFO] [LiveTrader] [SIMULATION] SELL | Size=0.8 Price=105.2265
2026-01-16 10:20:04,384 [INFO] [LiveTrader] [SIMULATION] SELL | Size=0.8 Price=104.4806
2026-01-16 10:20:04,588 [INFO] [LiveTrader] [SIMULATION] BUY | Size=0.8 Price=105.6296
2026-01-16 10:20:04,791 [INFO] [LiveTrader] [SIMULATION] SELL | Size=0.8 Price=105.3037
2026-01-16 10:20:05,028 [INFO] [LiveTrader] [SIMULATION] SELL | Size=0.8 Price=104.687
2026-01-16 10:20:05,230 [INFO] [LiveTrader] [SIMULATION] SELL | Size=0.8 Price=104.1424
2026-01-16 10:20:05,432 [INFO] [LiveTrader] [SIMULATION] BUY | Size=0.8 Price=104.2731
2026-01-16 10:20:05,637 [INFO] [LiveTrader] [SIMULATION] SELL | Size=0.8 Price=104.1286
2026-01-16 10:20:06,203 [INFO] [LiveTrader] [SIMULATION] BUY | Size=0.8 Price=104.2581
2026-01-16 10:20:06,407 [INFO] [LiveTrader] [SIMULATION] BUY | Size=0.8 Price=105.9645
2026-01-16 10:20:06,609 [INFO] [LiveTrader] [SIMULATION] SELL | Size=0.8 Price=105.3019
2026-01-16 10:20:06,832 [INFO] [LiveTrader] [SIMULATION] SELL | Size=0.8 Price=104.9128
2026-01-16 10:20:10,159 [INFO] [LiveTrader] [SIMULATION] SELL | Size=0.8 Price=104.7021
2026-01-16 10:20:10,361 [INFO] [LiveTrader] [SIMULATION] HOLD | Size=0.8 Price=104.6142
2026-01-16 10:20:10,564 [INFO] [LiveTrader] [SIMULATION] HOLD | Size=0.8 Price=104.5914
2026-01-16 10:20:10,795 [INFO] [LiveTrader] [SIMULATION] SELL | Size=0.8 Price=104.0778
2026-01-16 10:20:12,361 [INFO] [LiveTrader] [SIMULATION] BUY | Size=0.8 Price=104.3876
2026-01-16 10:20:12,605 [INFO] [LiveTrader] [SIMULATION] HOLD | Size=0.8 Price=104.464
2026-01-16 10:20:12,849 [INFO] [LiveTrader] [SIMULATION] SELL | Size=0.8 Price=103.9787
2026-01-16 10:20:13,063 [INFO] [LiveTrader] [SIMULATION] BUY | Size=0.8 Price=104.672
2026-01-16 10:20:13,266 [INFO] [LiveTrader] [SIMULATION] BUY | Size=0.8 Price=104.9661
2026-01-16 10:20:14,016 [INFO] [LiveTrader] [SIMULATION] SELL | Size=0.8 Price=104.8097
2026-01-16 10:20:14,218 [INFO] [LiveTrader] [SIMULATION] HOLD | Size=0.8 Price=104.7835
2026-01-16 10:20:14,421 [INFO] [LiveTrader] [SIMULATION] SELL | Size=0.8 Price=103.613
2026-01-16 10:20:14,624 [INFO] [LiveTrader] [SIMULATION] SELL | Size=0.8 Price=103.1413
2026-01-16 10:20:14,912 [INFO] [LiveTrader] [SIMULATION] SELL | Size=0.8 Price=102.7419
2026-01-16 10:20:15,114 [INFO] [LiveTrader] [SIMULATION] SELL | Size=0.8 Price=102.2709
2026-01-16 10:20:15,351 [INFO] [LiveTrader] [SIMULATION] BUY | Size=0.8 Price=103.2945
2026-01-16 10:20:15,596 [INFO] [LiveTrader] [SIMULATION] SELL | Size=0.8 Price=103.0575
2026-01-16 10:20:15,800 [INFO] [LiveTrader] [SIMULATION] BUY | Size=0.8 Price=103.3493
2026-01-16 10:20:16,005 [INFO] [LiveTrader] [SIMULATION] SELL | Size=0.8 Price=102.228
2026-01-16 10:20:16,236 [INFO] [LiveTrader] [SIMULATION] BUY | Size=0.8 Price=102.6811
2026-01-16 10:20:21,029 [INFO] [LiveTrader] [SIMULATION] BUY | Size=0.8 Price=102.8312
2026-01-16 10:20:21,235 [INFO] [LiveTrader] [SIMULATION] HOLD | Size=0.8 Price=102.7466
2026-01-16 10:20:21,445 [INFO] [LiveTrader] [SIMULATION] SELL | Size=0.8 Price=102.3645
2026-01-16 10:20:21,649 [INFO] [LiveTrader] [SIMULATION] SELL | Size=0.8 Price=101.7341
2026-01-16 10:20:21,851 [INFO] [LiveTrader] [SIMULATION] SELL | Size=0.8 Price=100.5536
2026-01-16 10:20:22,061 [INFO] [LiveTrader] [SIMULATION] BUY | Size=0.8 Price=101.4675
2026-01-16 10:20:22,316 [INFO] [LiveTrader] [SIMULATION] BUY | Size=0.8 Price=102.2345
2026-01-16 10:20:22,558 [INFO] [LiveTrader] [SIMULATION] BUY | Size=0.8 Price=102.3626
2026-01-16 10:20:22,770 [INFO] [LiveTrader] [SIMULATION] HOLD | Size=0.8 Price=102.4356
2026-01-16 10:20:22,975 [INFO] [LiveTrader] [SIMULATION] SELL | Size=0.8 Price=102.1713
2026-01-16 10:20:23,178 [INFO] [LiveTrader] [SIMULATION] BUY | Size=0.8 Price=103.0531
2026-01-16 10:20:23,381 [INFO] [LiveTrader] [SIMULATION] BUY | Size=0.8 Price=103.284
2026-01-16 10:20:23,583 [INFO] [LiveTrader] [SIMULATION] SELL | Size=0.8 Price=102.7941
2026-01-16 10:20:23,787 [INFO] [LiveTrader] [SIMULATION] BUY | Size=0.8 Price=103.615
2026-01-16 10:20:23,995 [INFO] [LiveTrader] [SIMULATION] BUY | Size=0.8 Price=105.2395
2026-01-16 10:20:24,199 [INFO] [LiveTrader] [SIMULATION] SELL | Size=0.8 Price=104.904
2026-01-16 10:20:24,401 [INFO] [LiveTrader] [SIMULATION] BUY | Size=0.8 Price=105.4458
2026-01-16 10:20:24,604 [INFO] [LiveTrader] [SIMULATION] HOLD | Size=0.8 Price=105.4347
2026-01-16 10:20:24,809 [INFO] [LiveTrader] [SIMULATION] BUY | Size=0.8 Price=106.634
2026-01-16 10:20:25,021 [INFO] [LiveTrader] [SIMULATION] BUY | Size=0.8 Price=106.8395
2026-01-16 10:20:28,682 [INFO] [LiveTrader] [SIMULATION] SELL | Size=0.8 Price=106.5335
2026-01-16 10:20:28,886 [INFO] [LiveTrader] [SIMULATION] SELL | Size=0.8 Price=106.282
2026-01-16 10:20:29,092 [INFO] [LiveTrader] [SIMULATION] SELL | Size=0.8 Price=105.5696
2026-01-16 10:20:29,296 [INFO] [LiveTrader] [SIMULATION] HOLD | Size=0.8 Price=105.521
2026-01-16 10:20:29,498 [INFO] [LiveTrader] [SIMULATION] SELL | Size=0.8 Price=104.7839
2026-01-16 10:20:29,701 [INFO] [LiveTrader] [SIMULATION] SELL | Size=0.8 Price=104.1698
2026-01-16 10:20:29,905 [INFO] [LiveTrader] [SIMULATION] BUY | Size=0.8 Price=104.5642
2026-01-16 10:20:30,110 [INFO] [LiveTrader] [SIMULATION] SELL | Size=0.8 Price=104.0138
2026-01-16 10:20:30,313 [INFO] [LiveTrader] [SIMULATION] BUY | Size=0.8 Price=105.5227
2026-01-16 10:20:30,516 [INFO] [LiveTrader] [SIMULATION] BUY | Size=0.8 Price=106.1348
2026-01-16 10:20:30,719 [INFO] [LiveTrader] [SIMULATION] SELL | Size=0.8 Price=105.5341
2026-01-16 10:20:30,923 [INFO] [LiveTrader] [SIMULATION] BUY | Size=0.8 Price=106.0288
2026-01-16 10:20:31,126 [INFO] [LiveTrader] [SIMULATION] BUY | Size=0.8 Price=106.9157
2026-01-16 10:20:31,328 [INFO] [LiveTrader] [SIMULATION] SELL | Size=0.8 Price=106.0934
2026-01-16 10:20:31,533 [INFO] [LiveTrader] [SIMULATION] SELL | Size=0.8 Price=105.4385
2026-01-16 10:20:31,736 [INFO] [LiveTrader] [SIMULATION] SELL | Size=0.8 Price=104.9753
2026-01-16 10:20:31,940 [INFO] [LiveTrader] [SIMULATION] SELL | Size=0.8 Price=104.6295
2026-01-16 10:20:32,142 [INFO] [LiveTrader] [SIMULATION] BUY | Size=0.8 Price=105.3339
2026-01-16 10:20:32,344 [INFO] [LiveTrader] [SIMULATION] BUY | Size=0.8 Price=105.5877
2026-01-16 10:20:32,546 [INFO] [LiveTrader] [SIMULATION] SELL | Size=0.8 Price=105.0462
2026-01-16 10:20:36,551 [INFO] [LiveTrader] [SIMULATION] BUY | Size=0.8 Price=105.89
2026-01-16 10:20:36,755 [INFO] [LiveTrader] [SIMULATION] SELL | Size=0.8 Price=104.8965
2026-01-16 10:20:36,958 [INFO] [LiveTrader] [SIMULATION] BUY | Size=0.8 Price=106.1208
2026-01-16 10:20:37,161 [INFO] [LiveTrader] [SIMULATION] BUY | Size=0.8 Price=107.0186
2026-01-16 10:20:37,364 [INFO] [LiveTrader] [SIMULATION] BUY | Size=0.8 Price=107.3766
2026-01-16 10:20:37,567 [INFO] [LiveTrader] [SIMULATION] HOLD | Size=0.8 Price=107.3512
2026-01-16 10:20:37,770 [INFO] [LiveTrader] [SIMULATION] BUY | Size=0.8 Price=107.7045
2026-01-16 10:20:37,973 [INFO] [LiveTrader] [SIMULATION] SELL | Size=0.8 Price=106.9252
2026-01-16 10:20:38,176 [INFO] [LiveTrader] [SIMULATION] SELL | Size=0.8 Price=106.6748
2026-01-16 10:20:38,381 [INFO] [LiveTrader] [SIMULATION] SELL | Size=0.8 Price=106.2785
2026-01-16 10:20:38,593 [INFO] [LiveTrader] [SIMULATION] BUY | Size=0.8 Price=106.6245
2026-01-16 10:20:38,798 [INFO] [LiveTrader] [SIMULATION] SELL | Size=0.8 Price=105.6137
2026-01-16 10:20:39,030 [INFO] [LiveTrader] [SIMULATION] SELL | Size=0.8 Price=104.7231
2026-01-16 10:20:39,275 [INFO] [LiveTrader] [SIMULATION] BUY | Size=0.8 Price=105.0726
2026-01-16 10:20:39,477 [INFO] [LiveTrader] [SIMULATION] BUY | Size=0.8 Price=105.8223
2026-01-16 10:20:39,679 [INFO] [LiveTrader] [SIMULATION] BUY | Size=0.8 Price=106.3749
2026-01-16 10:20:39,958 [INFO] [LiveTrader] [SIMULATION] BUY | Size=0.8 Price=107.2676
2026-01-16 10:20:40,160 [INFO] [LiveTrader] [SIMULATION] SELL | Size=0.8 Price=106.481
2026-01-16 10:20:40,364 [INFO] [LiveTrader] [SIMULATION] BUY | Size=0.8 Price=107.0997
2026-01-16 10:20:40,568 [INFO] [LiveTrader] [SIMULATION] BUY | Size=0.8 Price=108.1553
2026-01-16 10:20:43,280 [INFO] [LiveTrader] [SIMULATION] BUY | Size=0.8 Price=109.45
2026-01-16 10:20:43,485 [INFO] [LiveTrader] [SIMULATION] SELL | Size=0.8 Price=109.1207
2026-01-16 10:20:43,688 [INFO] [LiveTrader] [SIMULATION] BUY | Size=0.8 Price=109.6462
2026-01-16 10:20:43,892 [INFO] [LiveTrader] [SIMULATION] BUY | Size=0.8 Price=110.7535
2026-01-16 10:20:44,094 [INFO] [LiveTrader] [SIMULATION] BUY | Size=0.8 Price=111.3673
2026-01-16 10:20:44,296 [INFO] [LiveTrader] [SIMULATION] BUY | Size=0.8 Price=112.26
2026-01-16 10:20:44,499 [INFO] [LiveTrader] [SIMULATION] SELL | Size=0.8 Price=111.0897
2026-01-16 10:20:44,701 [INFO] [LiveTrader] [SIMULATION] SELL | Size=0.8 Price=110.9447
2026-01-16 10:20:44,915 [INFO] [LiveTrader] [SIMULATION] SELL | Size=0.8 Price=109.9503
2026-01-16 10:20:45,122 [INFO] [LiveTrader] [SIMULATION] SELL | Size=0.8 Price=109.726
2026-01-16 10:20:45,324 [INFO] [LiveTrader] [SIMULATION] BUY | Size=0.8 Price=110.3022
2026-01-16 10:20:45,526 [INFO] [LiveTrader] [SIMULATION] BUY | Size=0.8 Price=110.7775
2026-01-16 10:20:45,729 [INFO] [LiveTrader] [SIMULATION] BUY | Size=0.8 Price=111.2181
2026-01-16 10:20:45,932 [INFO] [LiveTrader] [SIMULATION] SELL | Size=0.8 Price=110.2659
2026-01-16 10:20:46,135 [INFO] [LiveTrader] [SIMULATION] SELL | Size=0.8 Price=109.9563
2026-01-16 10:20:46,339 [INFO] [LiveTrader] [SIMULATION] SELL | Size=0.8 Price=109.0883
2026-01-16 10:20:46,541 [INFO] [LiveTrader] [SIMULATION] BUY | Size=0.8 Price=109.8352
2026-01-16 10:20:46,763 [INFO] [LiveTrader] [SIMULATION] BUY | Size=0.8 Price=110.3174
2026-01-16 10:20:46,966 [INFO] [LiveTrader] [SIMULATION] BUY | Size=0.8 Price=110.5653
2026-01-16 10:20:47,171 [INFO] [LiveTrader] [SIMULATION] SELL | Size=0.8 Price=109.5753
2026-01-16 10:20:50,168 [INFO] [LiveTrader] [SIMULATION] SELL | Size=0.8 Price=109.2019
2026-01-16 10:20:50,370 [INFO] [LiveTrader] [SIMULATION] SELL | Size=0.8 Price=108.8415
2026-01-16 10:20:50,574 [INFO] [LiveTrader] [SIMULATION] BUY | Size=0.8 Price=109.0035
2026-01-16 10:20:50,777 [INFO] [LiveTrader] [SIMULATION] BUY | Size=0.8 Price=109.2063
2026-01-16 10:20:50,990 [INFO] [LiveTrader] [SIMULATION] BUY | Size=0.8 Price=109.3892
2026-01-16 10:20:51,200 [INFO] [LiveTrader] [SIMULATION] SELL | Size=0.8 Price=108.9365
2026-01-16 10:20:51,403 [INFO] [LiveTrader] [SIMULATION] SELL | Size=0.8 Price=108.473
2026-01-16 10:20:51,605 [INFO] [LiveTrader] [SIMULATION] BUY | Size=0.8 Price=109.7221
2026-01-16 10:20:51,826 [INFO] [LiveTrader] [SIMULATION] SELL | Size=0.8 Price=108.5157
2026-01-16 10:20:52,046 [INFO] [LiveTrader] [SIMULATION] BUY | Size=0.8 Price=108.7251
2026-01-16 10:20:52,253 [INFO] [LiveTrader] [SIMULATION] BUY | Size=0.8 Price=110.0857
2026-01-16 10:20:52,462 [INFO] [LiveTrader] [SIMULATION] SELL | Size=0.8 Price=109.6166
2026-01-16 10:20:52,672 [INFO] [LiveTrader] [SIMULATION] SELL | Size=0.8 Price=109.2459
2026-01-16 10:20:52,874 [INFO] [LiveTrader] [SIMULATION] BUY | Size=0.8 Price=110.4096
2026-01-16 10:20:53,078 [INFO] [LiveTrader] [SIMULATION] SELL | Size=0.8 Price=110.3008
2026-01-16 10:20:53,282 [INFO] [LiveTrader] [SIMULATION] SELL | Size=0.8 Price=109.6838
2026-01-16 10:20:53,485 [INFO] [LiveTrader] [SIMULATION] HOLD | Size=0.8 Price=109.6754
2026-01-16 10:20:53,687 [INFO] [LiveTrader] [SIMULATION] BUY | Size=0.8 Price=110.1975
2026-01-16 10:20:53,890 [INFO] [LiveTrader] [SIMULATION] BUY | Size=0.8 Price=111.2485
2026-01-16 10:20:54,093 [INFO] [LiveTrader] [SIMULATION] BUY | Size=0.8 Price=111.6278
2026-01-16 10:20:58,774 [INFO] [LiveTrader] [SIMULATION] BUY | Size=0.8 Price=112.1958
2026-01-16 10:20:58,979 [INFO] [LiveTrader] [SIMULATION] SELL | Size=0.8 Price=111.2151
2026-01-16 10:20:59,187 [INFO] [LiveTrader] [SIMULATION] BUY | Size=0.8 Price=111.8738
2026-01-16 10:20:59,391 [INFO] [LiveTrader] [SIMULATION] SELL | Size=0.8 Price=110.9825
2026-01-16 10:20:59,595 [INFO] [LiveTrader] [SIMULATION] SELL | Size=0.8 Price=110.6873
2026-01-16 10:20:59,877 [INFO] [LiveTrader] [SIMULATION] SELL | Size=0.8 Price=110.4363
2026-01-16 10:21:00,193 [INFO] [LiveTrader] [SIMULATION] HOLD | Size=0.8 Price=110.5281
2026-01-16 10:21:00,499 [INFO] [LiveTrader] [SIMULATION] BUY | Size=0.8 Price=110.7757
2026-01-16 10:21:00,707 [INFO] [LiveTrader] [SIMULATION] SELL | Size=0.8 Price=109.9596
2026-01-16 10:21:00,914 [INFO] [LiveTrader] [SIMULATION] SELL | Size=0.8 Price=108.7436
2026-01-16 10:21:01,121 [INFO] [LiveTrader] [SIMULATION] BUY | Size=0.8 Price=109.7337
2026-01-16 10:21:01,324 [INFO] [LiveTrader] [SIMULATION] SELL | Size=0.8 Price=109.4701
2026-01-16 10:21:01,528 [INFO] [LiveTrader] [SIMULATION] BUY | Size=0.8 Price=109.8481
2026-01-16 10:21:01,731 [INFO] [LiveTrader] [SIMULATION] HOLD | Size=0.8 Price=109.8104
2026-01-16 10:21:01,934 [INFO] [LiveTrader] [SIMULATION] BUY | Size=0.8 Price=110.3597
2026-01-16 10:21:02,138 [INFO] [LiveTrader] [SIMULATION] BUY | Size=0.8 Price=110.5202
2026-01-16 10:21:02,341 [INFO] [LiveTrader] [SIMULATION] BUY | Size=0.8 Price=110.8787
2026-01-16 10:21:02,544 [INFO] [LiveTrader] [SIMULATION] HOLD | Size=0.8 Price=110.959
2026-01-16 10:21:02,746 [INFO] [LiveTrader] [SIMULATION] HOLD | Size=0.8 Price=110.9861
2026-01-16 10:21:02,952 [INFO] [LiveTrader] [SIMULATION] BUY | Size=0.8 Price=112.8503
2026-01-16 10:21:06,738 [INFO] [LiveTrader] [SIMULATION] BUY | Size=0.8 Price=113.2423
2026-01-16 10:21:06,941 [INFO] [LiveTrader] [SIMULATION] SELL | Size=0.8 Price=112.708
2026-01-16 10:21:07,144 [INFO] [LiveTrader] [SIMULATION] SELL | Size=0.8 Price=111.9519
2026-01-16 10:21:07,347 [INFO] [LiveTrader] [SIMULATION] BUY | Size=0.8 Price=112.8347
2026-01-16 10:21:07,569 [INFO] [LiveTrader] [SIMULATION] SELL | Size=0.8 Price=112.6952
2026-01-16 10:21:07,828 [INFO] [LiveTrader] [SIMULATION] HOLD | Size=0.8 Price=112.7672
2026-01-16 10:21:08,102 [INFO] [LiveTrader] [SIMULATION] SELL | Size=0.8 Price=111.6301
2026-01-16 10:21:08,321 [INFO] [LiveTrader] [SIMULATION] BUY | Size=0.8 Price=112.0342
2026-01-16 10:21:08,524 [INFO] [LiveTrader] [SIMULATION] SELL | Size=0.8 Price=111.5605
2026-01-16 10:21:08,727 [INFO] [LiveTrader] [SIMULATION] BUY | Size=0.8 Price=112.1868
2026-01-16 10:21:08,931 [INFO] [LiveTrader] [SIMULATION] SELL | Size=0.8 Price=111.7674
2026-01-16 10:21:09,133 [INFO] [LiveTrader] [SIMULATION] BUY | Size=0.8 Price=111.9744
2026-01-16 10:21:09,336 [INFO] [LiveTrader] [SIMULATION] HOLD | Size=0.8 Price=111.914
2026-01-16 10:21:09,538 [INFO] [LiveTrader] [SIMULATION] BUY | Size=0.8 Price=112.7421
2026-01-16 10:21:09,740 [INFO] [LiveTrader] [SIMULATION] BUY | Size=0.8 Price=112.8534
2026-01-16 10:21:09,942 [INFO] [LiveTrader] [SIMULATION] BUY | Size=0.8 Price=113.5695
2026-01-16 10:21:10,146 [INFO] [LiveTrader] [SIMULATION] BUY | Size=0.8 Price=113.8097
2026-01-16 10:21:10,351 [INFO] [LiveTrader] [SIMULATION] BUY | Size=0.8 Price=114.2194
2026-01-16 10:21:10,560 [INFO] [LiveTrader] [SIMULATION] SELL | Size=0.8 Price=114.0499
2026-01-16 10:21:10,764 [INFO] [LiveTrader] [SIMULATION] SELL | Size=0.8 Price=113.2322
2026-01-16 10:21:15,472 [INFO] [LiveTrader] [SIMULATION] SELL | Size=0.8 Price=112.8967
2026-01-16 10:21:15,683 [INFO] [LiveTrader] [SIMULATION] BUY | Size=0.8 Price=113.6156
2026-01-16 10:21:15,921 [INFO] [LiveTrader] [SIMULATION] BUY | Size=0.8 Price=113.9877
2026-01-16 10:21:16,207 [INFO] [LiveTrader] [SIMULATION] SELL | Size=0.8 Price=113.1015
2026-01-16 10:21:16,433 [INFO] [LiveTrader] [SIMULATION] SELL | Size=0.8 Price=112.6303
2026-01-16 10:21:16,638 [INFO] [LiveTrader] [SIMULATION] SELL | Size=0.8 Price=111.5156
2026-01-16 10:21:16,848 [INFO] [LiveTrader] [SIMULATION] BUY | Size=0.8 Price=111.8519
2026-01-16 10:21:17,054 [INFO] [LiveTrader] [SIMULATION] BUY | Size=0.8 Price=112.6325
2026-01-16 10:21:17,275 [INFO] [LiveTrader] [SIMULATION] SELL | Size=0.8 Price=112.0131
2026-01-16 10:21:17,488 [INFO] [LiveTrader] [SIMULATION] SELL | Size=0.8 Price=111.3871
2026-01-16 10:21:17,693 [INFO] [LiveTrader] [SIMULATION] SELL | Size=0.8 Price=110.8945
2026-01-16 10:21:17,902 [INFO] [LiveTrader] [SIMULATION] SELL | Size=0.8 Price=110.0598
2026-01-16 10:21:18,132 [INFO] [LiveTrader] [SIMULATION] SELL | Size=0.8 Price=109.0764
2026-01-16 10:21:18,335 [INFO] [LiveTrader] [SIMULATION] BUY | Size=0.8 Price=110.1325
2026-01-16 10:21:18,538 [INFO] [LiveTrader] [SIMULATION] BUY | Size=0.8 Price=110.3606
2026-01-16 10:21:18,743 [INFO] [LiveTrader] [SIMULATION] SELL | Size=0.8 Price=110.0716
2026-01-16 10:21:18,946 [INFO] [LiveTrader] [SIMULATION] BUY | Size=0.8 Price=110.6726
2026-01-16 10:21:19,151 [INFO] [LiveTrader] [SIMULATION] BUY | Size=0.8 Price=111.3116
2026-01-16 10:21:19,356 [INFO] [LiveTrader] [SIMULATION] BUY | Size=0.8 Price=111.9223
2026-01-16 10:21:19,582 [INFO] [LiveTrader] [SIMULATION] BUY | Size=0.8 Price=112.1029
2026-01-16 10:21:23,747 [INFO] [LiveTrader] [SIMULATION] HOLD | Size=0.8 Price=112.0404
2026-01-16 10:21:23,950 [INFO] [LiveTrader] [SIMULATION] SELL | Size=0.8 Price=111.8998
2026-01-16 10:21:24,153 [INFO] [LiveTrader] [SIMULATION] SELL | Size=0.8 Price=111.6118
2026-01-16 10:21:24,356 [INFO] [LiveTrader] [SIMULATION] BUY | Size=0.8 Price=112.4984
2026-01-16 10:21:24,559 [INFO] [LiveTrader] [SIMULATION] HOLD | Size=0.8 Price=112.5059
2026-01-16 10:21:24,762 [INFO] [LiveTrader] [SIMULATION] SELL | Size=0.8 Price=111.5112
2026-01-16 10:21:24,965 [INFO] [LiveTrader] [SIMULATION] HOLD | Size=0.8 Price=111.4215
2026-01-16 10:21:25,167 [INFO] [LiveTrader] [SIMULATION] BUY | Size=0.8 Price=111.9444
2026-01-16 10:21:25,369 [INFO] [LiveTrader] [SIMULATION] BUY | Size=0.8 Price=112.0482
2026-01-16 10:21:25,571 [INFO] [LiveTrader] [SIMULATION] SELL | Size=0.8 Price=110.9704
2026-01-16 10:21:25,774 [INFO] [LiveTrader] [SIMULATION] SELL | Size=0.8 Price=110.6734
2026-01-16 10:21:25,977 [INFO] [LiveTrader] [SIMULATION] BUY | Size=0.8 Price=111.1468
2026-01-16 10:21:26,182 [INFO] [LiveTrader] [SIMULATION] BUY | Size=0.8 Price=111.3117
2026-01-16 10:21:26,385 [INFO] [LiveTrader] [SIMULATION] SELL | Size=0.8 Price=110.8123
2026-01-16 10:21:26,591 [INFO] [LiveTrader] [SIMULATION] HOLD | Size=0.8 Price=110.7509
2026-01-16 10:21:26,803 [INFO] [LiveTrader] [SIMULATION] SELL | Size=0.8 Price=110.052
2026-01-16 10:21:27,031 [INFO] [LiveTrader] [SIMULATION] SELL | Size=0.8 Price=109.9128
2026-01-16 10:21:27,252 [INFO] [LiveTrader] [SIMULATION] BUY | Size=0.8 Price=111.0281
2026-01-16 10:21:27,468 [INFO] [LiveTrader] [SIMULATION] SELL | Size=0.8 Price=110.5789
2026-01-16 10:21:27,690 [INFO] [LiveTrader] [SIMULATION] SELL | Size=0.8 Price=110.02
2026-01-16 10:21:32,379 [INFO] [LiveTrader] [SIMULATION] SELL | Size=0.8 Price=109.3831
2026-01-16 10:21:32,583 [INFO] [LiveTrader] [SIMULATION] SELL | Size=0.8 Price=109.0766
2026-01-16 10:21:32,837 [INFO] [LiveTrader] [SIMULATION] BUY | Size=0.8 Price=109.7161
2026-01-16 10:21:33,165 [INFO] [LiveTrader] [SIMULATION] SELL | Size=0.8 Price=109.5565
2026-01-16 10:21:33,434 [INFO] [LiveTrader] [SIMULATION] SELL | Size=0.8 Price=109.1427
2026-01-16 10:21:33,730 [INFO] [LiveTrader] [SIMULATION] SELL | Size=0.8 Price=108.1298
2026-01-16 10:21:33,979 [INFO] [LiveTrader] [SIMULATION] BUY | Size=0.8 Price=108.5242
2026-01-16 10:21:34,190 [INFO] [LiveTrader] [SIMULATION] BUY | Size=0.8 Price=109.5353
2026-01-16 10:21:34,393 [INFO] [LiveTrader] [SIMULATION] SELL | Size=0.8 Price=109.2641
2026-01-16 10:21:34,597 [INFO] [LiveTrader] [SIMULATION] BUY | Size=0.8 Price=109.4641
2026-01-16 10:21:34,800 [INFO] [LiveTrader] [SIMULATION] HOLD | Size=0.8 Price=109.4555
2026-01-16 10:21:35,002 [INFO] [LiveTrader] [SIMULATION] SELL | Size=0.8 Price=109.2895
2026-01-16 10:21:35,204 [INFO] [LiveTrader] [SIMULATION] SELL | Size=0.8 Price=108.8973
2026-01-16 10:21:35,407 [INFO] [LiveTrader] [SIMULATION] SELL | Size=0.8 Price=108.4725
2026-01-16 10:21:35,610 [INFO] [LiveTrader] [SIMULATION] SELL | Size=0.8 Price=108.3626
2026-01-16 10:21:35,817 [INFO] [LiveTrader] [SIMULATION] BUY | Size=0.8 Price=108.6856
2026-01-16 10:21:36,045 [INFO] [LiveTrader] [SIMULATION] BUY | Size=0.8 Price=109.0553
2026-01-16 10:21:36,255 [INFO] [LiveTrader] [SIMULATION] BUY | Size=0.8 Price=109.4726
2026-01-16 10:21:36,473 [INFO] [LiveTrader] [SIMULATION] BUY | Size=0.8 Price=109.9463
2026-01-16 10:21:36,676 [INFO] [LiveTrader] [SIMULATION] BUY | Size=0.8 Price=110.6228
2026-01-16 10:21:39,982 [INFO] [LiveTrader] [SIMULATION] BUY | Size=0.8 Price=110.7451
2026-01-16 10:21:40,185 [INFO] [LiveTrader] [SIMULATION] BUY | Size=0.8 Price=110.8789
2026-01-16 10:21:40,386 [INFO] [LiveTrader] [SIMULATION] SELL | Size=0.8 Price=110.3186
2026-01-16 10:21:40,589 [INFO] [LiveTrader] [SIMULATION] SELL | Size=0.8 Price=110.2026
2026-01-16 10:21:40,799 [INFO] [LiveTrader] [SIMULATION] SELL | Size=0.8 Price=110.016
2026-01-16 10:21:41,010 [INFO] [LiveTrader] [SIMULATION] BUY | Size=0.8 Price=110.4408
2026-01-16 10:21:41,231 [INFO] [LiveTrader] [SIMULATION] SELL | Size=0.8 Price=110.1997
2026-01-16 10:21:41,451 [INFO] [LiveTrader] [SIMULATION] BUY | Size=0.8 Price=110.7853
2026-01-16 10:21:41,669 [INFO] [LiveTrader] [SIMULATION] BUY | Size=0.8 Price=111.2206
2026-01-16 10:21:41,889 [INFO] [LiveTrader] [SIMULATION] SELL | Size=0.8 Price=110.9224
2026-01-16 10:21:42,108 [INFO] [LiveTrader] [SIMULATION] HOLD | Size=0.8 Price=110.8415
2026-01-16 10:21:42,312 [INFO] [LiveTrader] [SIMULATION] SELL | Size=0.8 Price=110.4608
2026-01-16 10:21:42,516 [INFO] [LiveTrader] [SIMULATION] SELL | Size=0.8 Price=109.7869
2026-01-16 10:21:42,718 [INFO] [LiveTrader] [SIMULATION] SELL | Size=0.8 Price=109.5687
2026-01-16 10:21:42,920 [INFO] [LiveTrader] [SIMULATION] SELL | Size=0.8 Price=109.3933
2026-01-16 10:21:43,124 [INFO] [LiveTrader] [SIMULATION] SELL | Size=0.8 Price=108.4059
2026-01-16 10:21:43,328 [INFO] [LiveTrader] [SIMULATION] SELL | Size=0.8 Price=108.2998
2026-01-16 10:21:43,531 [INFO] [LiveTrader] [SIMULATION] SELL | Size=0.8 Price=108.0998
2026-01-16 10:21:43,735 [INFO] [LiveTrader] [SIMULATION] BUY | Size=0.8 Price=108.2341
2026-01-16 10:21:43,938 [INFO] [LiveTrader] [SIMULATION] BUY | Size=0.8 Price=109.0716
2026-01-16 10:21:46,680 [INFO] [LiveTrader] [SIMULATION] SELL | Size=0.8 Price=108.9029
2026-01-16 10:21:46,882 [INFO] [LiveTrader] [SIMULATION] BUY | Size=0.8 Price=109.049
2026-01-16 10:21:47,084 [INFO] [LiveTrader] [SIMULATION] SELL | Size=0.8 Price=108.4676
2026-01-16 10:21:47,287 [INFO] [LiveTrader] [SIMULATION] SELL | Size=0.8 Price=108.199
2026-01-16 10:21:47,490 [INFO] [LiveTrader] [SIMULATION] SELL | Size=0.8 Price=107.3642
2026-01-16 10:21:47,695 [INFO] [LiveTrader] [SIMULATION] SELL | Size=0.8 Price=106.7356
2026-01-16 10:21:47,899 [INFO] [LiveTrader] [SIMULATION] SELL | Size=0.8 Price=105.8825
2026-01-16 10:21:48,107 [INFO] [LiveTrader] [SIMULATION] HOLD | Size=0.8 Price=105.9184
2026-01-16 10:21:48,311 [INFO] [LiveTrader] [SIMULATION] HOLD | Size=0.8 Price=105.9788
2026-01-16 10:21:48,513 [INFO] [LiveTrader] [SIMULATION] SELL | Size=0.8 Price=105.5801
2026-01-16 10:21:48,715 [INFO] [LiveTrader] [SIMULATION] SELL | Size=0.8 Price=105.2048
2026-01-16 10:21:48,917 [INFO] [LiveTrader] [SIMULATION] BUY | Size=0.8 Price=106.4165
2026-01-16 10:21:49,121 [INFO] [LiveTrader] [SIMULATION] BUY | Size=0.8 Price=106.7431
2026-01-16 10:21:49,325 [INFO] [LiveTrader] [SIMULATION] BUY | Size=0.8 Price=107.3032
2026-01-16 10:21:49,529 [INFO] [LiveTrader] [SIMULATION] SELL | Size=0.8 Price=105.6187
2026-01-16 10:21:49,732 [INFO] [LiveTrader] [SIMULATION] BUY | Size=0.8 Price=105.7219
2026-01-16 10:21:49,934 [INFO] [LiveTrader] [SIMULATION] BUY | Size=0.8 Price=105.8304
2026-01-16 10:21:50,136 [INFO] [LiveTrader] [SIMULATION] HOLD | Size=0.8 Price=105.8947
2026-01-16 10:21:50,338 [INFO] [LiveTrader] [SIMULATION] BUY | Size=0.8 Price=106.5664
2026-01-16 10:21:50,543 [INFO] [LiveTrader] [SIMULATION] SELL | Size=0.8 Price=106.2691
2026-01-16 10:21:53,599 [INFO] [LiveTrader] [SIMULATION] SELL | Size=0.8 Price=105.4175
2026-01-16 10:21:53,812 [INFO] [LiveTrader] [SIMULATION] HOLD | Size=0.8 Price=105.3294
2026-01-16 10:21:54,018 [INFO] [LiveTrader] [SIMULATION] SELL | Size=0.8 Price=104.7894
2026-01-16 10:21:54,223 [INFO] [LiveTrader] [SIMULATION] SELL | Size=0.8 Price=104.1933
2026-01-16 10:21:54,426 [INFO] [LiveTrader] [SIMULATION] SELL | Size=0.8 Price=103.3527
2026-01-16 10:21:54,629 [INFO] [LiveTrader] [SIMULATION] SELL | Size=0.8 Price=102.6997
2026-01-16 10:21:54,832 [INFO] [LiveTrader] [SIMULATION] SELL | Size=0.8 Price=102.4445
2026-01-16 10:21:55,035 [INFO] [LiveTrader] [SIMULATION] BUY | Size=0.8 Price=102.6657
2026-01-16 10:21:55,240 [INFO] [LiveTrader] [SIMULATION] SELL | Size=0.8 Price=101.8241
2026-01-16 10:21:55,471 [INFO] [LiveTrader] [SIMULATION] SELL | Size=0.8 Price=101.3221
2026-01-16 10:21:55,726 [INFO] [LiveTrader] [SIMULATION] SELL | Size=0.8 Price=101.2154
2026-01-16 10:21:55,938 [INFO] [LiveTrader] [SIMULATION] BUY | Size=0.8 Price=101.7879
2026-01-16 10:21:56,202 [INFO] [LiveTrader] [SIMULATION] BUY | Size=0.8 Price=102.2765
2026-01-16 10:21:56,411 [INFO] [LiveTrader] [SIMULATION] SELL | Size=0.8 Price=102.1086
2026-01-16 10:21:56,613 [INFO] [LiveTrader] [SIMULATION] SELL | Size=0.8 Price=101.7062
2026-01-16 10:21:56,815 [INFO] [LiveTrader] [SIMULATION] SELL | Size=0.8 Price=101.5642
2026-01-16 10:21:57,018 [INFO] [LiveTrader] [SIMULATION] BUY | Size=0.8 Price=102.0451
2026-01-16 10:21:57,220 [INFO] [LiveTrader] [SIMULATION] BUY | Size=0.8 Price=102.7616
2026-01-16 10:21:57,432 [INFO] [LiveTrader] [SIMULATION] BUY | Size=0.8 Price=103.8055
2026-01-16 10:21:57,636 [INFO] [LiveTrader] [SIMULATION] BUY | Size=0.8 Price=104.5004
2026-01-16 10:22:01,424 [INFO] [LiveTrader] [SIMULATION] SELL | Size=0.8 Price=103.7422
2026-01-16 10:22:01,626 [INFO] [LiveTrader] [SIMULATION] SELL | Size=0.8 Price=103.399
2026-01-16 10:22:01,836 [INFO] [LiveTrader] [SIMULATION] SELL | Size=0.8 Price=102.7725
2026-01-16 10:22:02,043 [INFO] [LiveTrader] [SIMULATION] BUY | Size=0.8 Price=103.4867
2026-01-16 10:22:02,246 [INFO] [LiveTrader] [SIMULATION] HOLD | Size=0.8 Price=103.5231
2026-01-16 10:22:02,451 [INFO] [LiveTrader] [SIMULATION] BUY | Size=0.8 Price=104.3703
2026-01-16 10:22:02,660 [INFO] [LiveTrader] [SIMULATION] BUY | Size=0.8 Price=104.6706
2026-01-16 10:22:02,916 [INFO] [LiveTrader] [SIMULATION] HOLD | Size=0.8 Price=104.6574
2026-01-16 10:22:03,127 [INFO] [LiveTrader] [SIMULATION] BUY | Size=0.8 Price=106.0955
2026-01-16 10:22:03,361 [INFO] [LiveTrader] [SIMULATION] SELL | Size=0.8 Price=105.676
2026-01-16 10:22:03,589 [INFO] [LiveTrader] [SIMULATION] BUY | Size=0.8 Price=106.1145
2026-01-16 10:22:03,824 [INFO] [LiveTrader] [SIMULATION] BUY | Size=0.8 Price=106.6634
2026-01-16 10:22:04,058 [INFO] [LiveTrader] [SIMULATION] BUY | Size=0.8 Price=107.1204
2026-01-16 10:22:04,262 [INFO] [LiveTrader] [SIMULATION] BUY | Size=0.8 Price=107.3247
2026-01-16 10:22:04,490 [INFO] [LiveTrader] [SIMULATION] HOLD | Size=0.8 Price=107.2567
2026-01-16 10:22:04,735 [INFO] [LiveTrader] [SIMULATION] BUY | Size=0.8 Price=107.8734
2026-01-16 10:22:04,938 [INFO] [LiveTrader] [SIMULATION] BUY | Size=0.8 Price=108.1365
2026-01-16 10:22:05,148 [INFO] [LiveTrader] [SIMULATION] BUY | Size=0.8 Price=108.933
2026-01-16 10:22:05,351 [INFO] [LiveTrader] [SIMULATION] SELL | Size=0.8 Price=108.634
2026-01-16 10:22:05,554 [INFO] [LiveTrader] [SIMULATION] SELL | Size=0.8 Price=108.3863
2026-01-16 10:22:09,738 [INFO] [LiveTrader] [SIMULATION] BUY | Size=0.8 Price=110.4736
2026-01-16 10:22:09,941 [INFO] [LiveTrader] [SIMULATION] BUY | Size=0.8 Price=110.7174
2026-01-16 10:22:10,144 [INFO] [LiveTrader] [SIMULATION] SELL | Size=0.8 Price=110.5776
2026-01-16 10:22:10,349 [INFO] [LiveTrader] [SIMULATION] SELL | Size=0.8 Price=109.7732
2026-01-16 10:22:10,557 [INFO] [LiveTrader] [SIMULATION] SELL | Size=0.8 Price=109.3159
2026-01-16 10:22:10,764 [INFO] [LiveTrader] [SIMULATION] HOLD | Size=0.8 Price=109.3114
2026-01-16 10:22:10,970 [INFO] [LiveTrader] [SIMULATION] SELL | Size=0.8 Price=108.5854
2026-01-16 10:22:11,186 [INFO] [LiveTrader] [SIMULATION] HOLD | Size=0.8 Price=108.6401
2026-01-16 10:22:11,390 [INFO] [LiveTrader] [SIMULATION] SELL | Size=0.8 Price=108.2585
2026-01-16 10:22:11,593 [INFO] [LiveTrader] [SIMULATION] SELL | Size=0.8 Price=107.8809
2026-01-16 10:22:11,796 [INFO] [LiveTrader] [SIMULATION] SELL | Size=0.8 Price=107.5167
2026-01-16 10:22:12,001 [INFO] [LiveTrader] [SIMULATION] BUY | Size=0.8 Price=107.6845
2026-01-16 10:22:12,204 [INFO] [LiveTrader] [SIMULATION] SELL | Size=0.8 Price=106.7094
2026-01-16 10:22:12,412 [INFO] [LiveTrader] [SIMULATION] BUY | Size=0.8 Price=106.8256
2026-01-16 10:22:12,616 [INFO] [LiveTrader] [SIMULATION] HOLD | Size=0.8 Price=106.8123
2026-01-16 10:22:12,841 [INFO] [LiveTrader] [SIMULATION] HOLD | Size=0.8 Price=106.8004
2026-01-16 10:22:13,044 [INFO] [LiveTrader] [SIMULATION] BUY | Size=0.8 Price=107.2422
2026-01-16 10:22:13,260 [INFO] [LiveTrader] [SIMULATION] HOLD | Size=0.8 Price=107.2725
2026-01-16 10:22:13,611 [INFO] [LiveTrader] [SIMULATION] SELL | Size=0.8 Price=106.8203
2026-01-16 10:22:13,814 [INFO] [LiveTrader] [SIMULATION] BUY | Size=0.8 Price=107.0597
2026-01-16 10:22:17,197 [INFO] [LiveTrader] [SIMULATION] BUY | Size=0.8 Price=107.6085
2026-01-16 10:22:17,399 [INFO] [LiveTrader] [SIMULATION] SELL | Size=0.8 Price=107.3341
2026-01-16 10:22:17,622 [INFO] [LiveTrader] [SIMULATION] HOLD | Size=0.8 Price=107.3964
2026-01-16 10:22:17,833 [INFO] [LiveTrader] [SIMULATION] SELL | Size=0.8 Price=106.9259
2026-01-16 10:22:18,036 [INFO] [LiveTrader] [SIMULATION] SELL | Size=0.8 Price=106.113
2026-01-16 10:22:18,239 [INFO] [LiveTrader] [SIMULATION] SELL | Size=0.8 Price=105.8511
2026-01-16 10:22:18,441 [INFO] [LiveTrader] [SIMULATION] HOLD | Size=0.8 Price=105.9384
2026-01-16 10:22:18,643 [INFO] [LiveTrader] [SIMULATION] BUY | Size=0.8 Price=107.165
2026-01-16 10:22:18,846 [INFO] [LiveTrader] [SIMULATION] SELL | Size=0.8 Price=107.0334
2026-01-16 10:22:19,048 [INFO] [LiveTrader] [SIMULATION] BUY | Size=0.8 Price=107.169
2026-01-16 10:22:19,251 [INFO] [LiveTrader] [SIMULATION] SELL | Size=0.8 Price=106.6146
2026-01-16 10:22:19,701 [INFO] [LiveTrader] [SIMULATION] HOLD | Size=0.8 Price=106.6993
2026-01-16 10:22:19,907 [INFO] [LiveTrader] [SIMULATION] BUY | Size=0.8 Price=107.1436
2026-01-16 10:22:20,124 [INFO] [LiveTrader] [SIMULATION] BUY | Size=0.8 Price=107.5947
2026-01-16 10:22:20,339 [INFO] [LiveTrader] [SIMULATION] BUY | Size=0.8 Price=107.7613
2026-01-16 10:22:20,550 [INFO] [LiveTrader] [SIMULATION] SELL | Size=0.8 Price=107.5256
2026-01-16 10:22:20,775 [INFO] [LiveTrader] [SIMULATION] BUY | Size=0.8 Price=107.7689
2026-01-16 10:22:20,996 [INFO] [LiveTrader] [SIMULATION] BUY | Size=0.8 Price=108.024
2026-01-16 10:22:21,199 [INFO] [LiveTrader] [SIMULATION] BUY | Size=0.8 Price=108.1896
2026-01-16 10:22:21,404 [INFO] [LiveTrader] [SIMULATION] HOLD | Size=0.8 Price=108.1113
2026-01-16 10:22:25,361 [INFO] [LiveTrader] [SIMULATION] BUY | Size=0.8 Price=108.78
2026-01-16 10:22:25,565 [INFO] [LiveTrader] [SIMULATION] SELL | Size=0.8 Price=108.4542
2026-01-16 10:22:25,768 [INFO] [LiveTrader] [SIMULATION] SELL | Size=0.8 Price=108.1741
2026-01-16 10:22:25,970 [INFO] [LiveTrader] [SIMULATION] SELL | Size=0.8 Price=107.0151
2026-01-16 10:22:26,173 [INFO] [LiveTrader] [SIMULATION] BUY | Size=0.8 Price=108.6345
2026-01-16 10:22:26,374 [INFO] [LiveTrader] [SIMULATION] BUY | Size=0.8 Price=108.7536
2026-01-16 10:22:26,577 [INFO] [LiveTrader] [SIMULATION] SELL | Size=0.8 Price=107.37
2026-01-16 10:22:26,780 [INFO] [LiveTrader] [SIMULATION] BUY | Size=0.8 Price=107.5857
2026-01-16 10:22:26,988 [INFO] [LiveTrader] [SIMULATION] SELL | Size=0.8 Price=107.0041
2026-01-16 10:22:27,191 [INFO] [LiveTrader] [SIMULATION] BUY | Size=0.8 Price=108.0014
2026-01-16 10:22:27,395 [INFO] [LiveTrader] [SIMULATION] HOLD | Size=0.8 Price=107.9406
2026-01-16 10:22:27,603 [INFO] [LiveTrader] [SIMULATION] SELL | Size=0.8 Price=107.6892
2026-01-16 10:22:27,806 [INFO] [LiveTrader] [SIMULATION] BUY | Size=0.8 Price=107.9186
2026-01-16 10:22:28,008 [INFO] [LiveTrader] [SIMULATION] SELL | Size=0.8 Price=107.7213
2026-01-16 10:22:28,211 [INFO] [LiveTrader] [SIMULATION] BUY | Size=0.8 Price=108.3021
2026-01-16 10:22:28,521 [INFO] [LiveTrader] [SIMULATION] SELL | Size=0.8 Price=107.5132
2026-01-16 10:22:28,813 [INFO] [LiveTrader] [SIMULATION] SELL | Size=0.8 Price=107.1007
2026-01-16 10:22:29,028 [INFO] [LiveTrader] [SIMULATION] SELL | Size=0.8 Price=106.9555
2026-01-16 10:22:29,254 [INFO] [LiveTrader] [SIMULATION] SELL | Size=0.8 Price=106.4352
2026-01-16 10:22:29,538 [INFO] [LiveTrader] [SIMULATION] BUY | Size=0.8 Price=106.5819
2026-01-16 10:22:34,259 [INFO] [LiveTrader] [SIMULATION] BUY | Size=0.8 Price=107.8333
2026-01-16 10:22:34,465 [INFO] [LiveTrader] [SIMULATION] SELL | Size=0.8 Price=107.2742
2026-01-16 10:22:34,680 [INFO] [LiveTrader] [SIMULATION] BUY | Size=0.8 Price=107.447
2026-01-16 10:22:34,883 [INFO] [LiveTrader] [SIMULATION] BUY | Size=0.8 Price=108.95
2026-01-16 10:22:35,086 [INFO] [LiveTrader] [SIMULATION] BUY | Size=0.8 Price=109.5362
2026-01-16 10:22:35,289 [INFO] [LiveTrader] [SIMULATION] SELL | Size=0.8 Price=109.3049
2026-01-16 10:22:35,491 [INFO] [LiveTrader] [SIMULATION] SELL | Size=0.8 Price=107.8857
2026-01-16 10:22:35,693 [INFO] [LiveTrader] [SIMULATION] BUY | Size=0.8 Price=108.5592
2026-01-16 10:22:35,896 [INFO] [LiveTrader] [SIMULATION] SELL | Size=0.8 Price=107.0436
2026-01-16 10:22:36,100 [INFO] [LiveTrader] [SIMULATION] SELL | Size=0.8 Price=106.204
2026-01-16 10:22:36,303 [INFO] [LiveTrader] [SIMULATION] BUY | Size=0.8 Price=107.258
2026-01-16 10:22:36,512 [INFO] [LiveTrader] [SIMULATION] SELL | Size=0.8 Price=105.9248
2026-01-16 10:22:36,732 [INFO] [LiveTrader] [SIMULATION] SELL | Size=0.8 Price=104.1955
2026-01-16 10:22:36,944 [INFO] [LiveTrader] [SIMULATION] HOLD | Size=0.8 Price=104.1822
2026-01-16 10:22:37,161 [INFO] [LiveTrader] [SIMULATION] HOLD | Size=0.8 Price=104.1395
2026-01-16 10:22:37,374 [INFO] [LiveTrader] [SIMULATION] SELL | Size=0.8 Price=103.0291
2026-01-16 10:22:37,582 [INFO] [LiveTrader] [SIMULATION] SELL | Size=0.8 Price=102.5382
2026-01-16 10:22:37,787 [INFO] [LiveTrader] [SIMULATION] HOLD | Size=0.8 Price=102.5816
2026-01-16 10:22:38,000 [INFO] [LiveTrader] [SIMULATION] BUY | Size=0.8 Price=103.2409
2026-01-16 10:22:38,218 [INFO] [LiveTrader] [SIMULATION] SELL | Size=0.8 Price=101.8912
2026-01-16 10:22:42,769 [INFO] [LiveTrader] [SIMULATION] SELL | Size=0.8 Price=101.6667
2026-01-16 10:22:42,977 [INFO] [LiveTrader] [SIMULATION] SELL | Size=0.8 Price=100.9235
2026-01-16 10:22:43,181 [INFO] [LiveTrader] [SIMULATION] SELL | Size=0.8 Price=99.9546
2026-01-16 10:22:43,385 [INFO] [LiveTrader] [SIMULATION] SELL | Size=0.8 Price=99.6475
2026-01-16 10:22:43,588 [INFO] [LiveTrader] [SIMULATION] SELL | Size=0.8 Price=99.2031
2026-01-16 10:22:43,803 [INFO] [LiveTrader] [SIMULATION] BUY | Size=0.8 Price=99.5986
2026-01-16 10:22:44,070 [INFO] [LiveTrader] [SIMULATION] BUY | Size=0.8 Price=99.7242
2026-01-16 10:22:44,279 [INFO] [LiveTrader] [SIMULATION] SELL | Size=0.8 Price=99.5452
2026-01-16 10:22:44,490 [INFO] [LiveTrader] [SIMULATION] SELL | Size=0.8 Price=98.8836
2026-01-16 10:22:44,740 [INFO] [LiveTrader] [SIMULATION] BUY | Size=0.8 Price=99.3296
2026-01-16 10:22:44,989 [INFO] [LiveTrader] [SIMULATION] SELL | Size=0.8 Price=98.9195
2026-01-16 10:22:45,217 [INFO] [LiveTrader] [SIMULATION] SELL | Size=0.8 Price=98.5543
2026-01-16 10:22:45,477 [INFO] [LiveTrader] [SIMULATION] SELL | Size=0.8 Price=97.642
2026-01-16 10:22:45,690 [INFO] [LiveTrader] [SIMULATION] BUY | Size=0.8 Price=97.8817
2026-01-16 10:22:45,898 [INFO] [LiveTrader] [SIMULATION] HOLD | Size=0.8 Price=97.7986
2026-01-16 10:22:46,110 [INFO] [LiveTrader] [SIMULATION] BUY | Size=0.8 Price=98.8186
2026-01-16 10:22:46,314 [INFO] [LiveTrader] [SIMULATION] BUY | Size=0.8 Price=100.2914
2026-01-16 10:22:46,531 [INFO] [LiveTrader] [SIMULATION] SELL | Size=0.8 Price=99.6239
2026-01-16 10:22:46,734 [INFO] [LiveTrader] [SIMULATION] BUY | Size=0.8 Price=100.8606
2026-01-16 10:22:46,937 [INFO] [LiveTrader] [SIMULATION] SELL | Size=0.8 Price=99.2955
2026-01-16 10:22:51,134 [INFO] [LiveTrader] [SIMULATION] BUY | Size=0.8 Price=100.4201
2026-01-16 10:22:51,337 [INFO] [LiveTrader] [SIMULATION] SELL | Size=0.8 Price=100.1254
2026-01-16 10:22:51,546 [INFO] [LiveTrader] [SIMULATION] HOLD | Size=0.8 Price=100.0311
2026-01-16 10:22:51,786 [INFO] [LiveTrader] [SIMULATION] BUY | Size=0.8 Price=100.342
2026-01-16 10:22:52,031 [INFO] [LiveTrader] [SIMULATION] BUY | Size=0.8 Price=100.4635
2026-01-16 10:22:52,273 [INFO] [LiveTrader] [SIMULATION] SELL | Size=0.8 Price=99.9795
2026-01-16 10:22:52,505 [INFO] [LiveTrader] [SIMULATION] SELL | Size=0.8 Price=99.386
2026-01-16 10:22:52,711 [INFO] [LiveTrader] [SIMULATION] BUY | Size=0.8 Price=100.1208
2026-01-16 10:22:52,933 [INFO] [LiveTrader] [SIMULATION] BUY | Size=0.8 Price=101.4367
2026-01-16 10:22:53,138 [INFO] [LiveTrader] [SIMULATION] SELL | Size=0.8 Price=100.9405
2026-01-16 10:22:53,341 [INFO] [LiveTrader] [SIMULATION] HOLD | Size=0.8 Price=100.9147
2026-01-16 10:22:53,545 [INFO] [LiveTrader] [SIMULATION] SELL | Size=0.8 Price=99.8713
2026-01-16 10:22:53,748 [INFO] [LiveTrader] [SIMULATION] BUY | Size=0.8 Price=100.1882
2026-01-16 10:22:53,951 [INFO] [LiveTrader] [SIMULATION] BUY | Size=0.8 Price=100.5144
2026-01-16 10:22:54,156 [INFO] [LiveTrader] [SIMULATION] SELL | Size=0.8 Price=99.8783
2026-01-16 10:22:54,359 [INFO] [LiveTrader] [SIMULATION] HOLD | Size=0.8 Price=99.9213
2026-01-16 10:22:54,675 [INFO] [LiveTrader] [SIMULATION] SELL | Size=0.8 Price=99.6066
2026-01-16 10:22:54,901 [INFO] [LiveTrader] [SIMULATION] BUY | Size=0.8 Price=100.5467
2026-01-16 10:22:55,166 [INFO] [LiveTrader] [SIMULATION] HOLD | Size=0.8 Price=100.611
2026-01-16 10:22:55,457 [INFO] [LiveTrader] [SIMULATION] SELL | Size=0.8 Price=100.3372
2026-01-16 10:23:03,204 [INFO] [LiveTrader] [SIMULATION] SELL | Size=0.8 Price=100.0484
2026-01-16 10:23:03,410 [INFO] [LiveTrader] [SIMULATION] BUY | Size=0.8 Price=100.1901
2026-01-16 10:23:03,612 [INFO] [LiveTrader] [SIMULATION] BUY | Size=0.8 Price=101.0632
2026-01-16 10:23:03,817 [INFO] [LiveTrader] [SIMULATION] BUY | Size=0.8 Price=101.811
2026-01-16 10:23:04,029 [INFO] [LiveTrader] [SIMULATION] SELL | Size=0.8 Price=101.2215
