2026-04-14 11:44:25,911 [INFO] [KnowledgeGraph] KnowledgeGraph initialized (runtime-safe).
2026-04-14 11:44:25,912 [INFO] [LearningEngine] KnowledgeGraph loaded.
2026-04-14 11:44:25,916 [INFO] [MemoryManager] MemoryManager initialized (runtime-safe).
2026-04-14 11:44:25,916 [INFO] [LearningEngine] MemoryManager loaded.
2026-04-14 11:44:26,380 [INFO] [LearningEngine] LearningEngine ready. ai_state_dir=C:\Users\dennis\Power_Trading_System\external_memory\ai_state read_only=True
2026-04-14 11:45:24,613 [INFO] [RegimeClassifier] [REGIME] UNKNOWN → CHOP
2026-04-14 12:02:47,347 [INFO] [KnowledgeGraph] KnowledgeGraph initialized (runtime-safe).
2026-04-14 12:02:47,347 [INFO] [LearningEngine] KnowledgeGraph loaded.
2026-04-14 12:02:47,369 [INFO] [MemoryManager] MemoryManager initialized (runtime-safe).
2026-04-14 12:02:47,369 [INFO] [LearningEngine] MemoryManager loaded.
2026-04-14 12:02:47,644 [INFO] [LearningEngine] LearningEngine ready. ai_state_dir=C:\Users\dennis\Power_Trading_System\external_memory\ai_state read_only=True
2026-04-14 12:03:31,977 [INFO] [RegimeClassifier] [REGIME] UNKNOWN → CHOP
2026-04-14 12:11:08,386 [INFO] [KnowledgeGraph] KnowledgeGraph initialized (runtime-safe).
2026-04-14 12:11:08,391 [INFO] [LearningEngine] KnowledgeGraph loaded.
2026-04-14 12:11:08,423 [INFO] [MemoryManager] MemoryManager initialized (runtime-safe).
2026-04-14 12:11:08,430 [INFO] [LearningEngine] MemoryManager loaded.
2026-04-14 12:11:08,722 [INFO] [LearningEngine] LearningEngine ready. ai_state_dir=C:\Users\dennis\Power_Trading_System\external_memory\ai_state read_only=True
2026-04-14 12:11:38,093 [INFO] [RegimeClassifier] [REGIME] UNKNOWN → CHOP
2026-04-14 12:12:00,537 [INFO] [KnowledgeGraph] KnowledgeGraph initialized (runtime-safe).
2026-04-14 12:12:00,538 [INFO] [LearningEngine] KnowledgeGraph loaded.
2026-04-14 12:12:00,544 [INFO] [MemoryManager] MemoryManager initialized (runtime-safe).
2026-04-14 12:12:00,545 [INFO] [LearningEngine] MemoryManager loaded.
2026-04-14 12:12:00,914 [INFO] [LearningEngine] LearningEngine ready. ai_state_dir=C:\Users\dennis\Power_Trading_System\external_memory\ai_state read_only=True
2026-04-14 12:12:29,245 [INFO] [RegimeClassifier] [REGIME] UNKNOWN → CHOP
2026-04-14 12:15:29,646 [INFO] [KnowledgeGraph] KnowledgeGraph initialized (runtime-safe).
2026-04-14 12:15:29,653 [INFO] [LearningEngine] KnowledgeGraph loaded.
2026-04-14 12:15:29,663 [INFO] [MemoryManager] MemoryManager initialized (runtime-safe).
2026-04-14 12:15:29,677 [INFO] [LearningEngine] MemoryManager loaded.
2026-04-14 12:15:29,771 [INFO] [LearningEngine] LearningEngine ready. ai_state_dir=C:\Users\dennis\Power_Trading_System\external_memory\ai_state read_only=True
2026-04-14 12:15:57,467 [INFO] [RegimeClassifier] [REGIME] UNKNOWN → CHOP
2026-04-14 12:17:48,533 [INFO] [KnowledgeGraph] KnowledgeGraph initialized (runtime-safe).
2026-04-14 12:17:48,535 [INFO] [LearningEngine] KnowledgeGraph loaded.
2026-04-14 12:17:48,545 [INFO] [MemoryManager] MemoryManager initialized (runtime-safe).
2026-04-14 12:17:48,549 [INFO] [LearningEngine] MemoryManager loaded.
2026-04-14 12:17:48,759 [INFO] [LearningEngine] LearningEngine ready. ai_state_dir=C:\Users\dennis\Power_Trading_System\external_memory\ai_state read_only=True
2026-04-14 12:18:16,283 [INFO] [RegimeClassifier] [REGIME] UNKNOWN → CHOP
2026-04-14 12:22:20,062 [INFO] [KnowledgeGraph] KnowledgeGraph initialized (runtime-safe).
2026-04-14 12:22:20,063 [INFO] [LearningEngine] KnowledgeGraph loaded.
2026-04-14 12:22:20,073 [INFO] [MemoryManager] MemoryManager initialized (runtime-safe).
2026-04-14 12:22:20,073 [INFO] [LearningEngine] MemoryManager loaded.
2026-04-14 12:22:20,271 [INFO] [LearningEngine] LearningEngine ready. ai_state_dir=C:\Users\dennis\Power_Trading_System\external_memory\ai_state read_only=True
2026-04-14 12:22:47,911 [INFO] [RegimeClassifier] [REGIME] UNKNOWN → CHOP
2026-04-14 13:19:28,954 [INFO] [KnowledgeGraph] KnowledgeGraph initialized (runtime-safe).
2026-04-14 13:19:28,955 [INFO] [LearningEngine] KnowledgeGraph loaded.
2026-04-14 13:19:28,982 [INFO] [MemoryManager] MemoryManager initialized (runtime-safe).
2026-04-14 13:19:28,983 [INFO] [LearningEngine] MemoryManager loaded.
2026-04-14 13:19:29,065 [INFO] [LearningEngine] LearningEngine ready. ai_state_dir=C:\Users\dennis\Power_Trading_System\external_memory\ai_state read_only=True
2026-04-14 13:20:05,818 [INFO] [RegimeClassifier] [REGIME] UNKNOWN → CHOP
2026-04-14 13:23:59,732 [INFO] [KnowledgeGraph] KnowledgeGraph initialized (runtime-safe).
2026-04-14 13:23:59,732 [INFO] [LearningEngine] KnowledgeGraph loaded.
2026-04-14 13:23:59,742 [INFO] [MemoryManager] MemoryManager initialized (runtime-safe).
2026-04-14 13:23:59,743 [INFO] [LearningEngine] MemoryManager loaded.
2026-04-14 13:23:59,828 [INFO] [LearningEngine] LearningEngine ready. ai_state_dir=C:\Users\dennis\Power_Trading_System\external_memory\ai_state read_only=True
2026-04-14 13:24:29,141 [INFO] [RegimeClassifier] [REGIME] UNKNOWN → CHOP
2026-04-14 13:33:37,486 [INFO] [KnowledgeGraph] KnowledgeGraph initialized (runtime-safe).
2026-04-14 13:33:37,486 [INFO] [LearningEngine] KnowledgeGraph loaded.
2026-04-14 13:33:37,492 [INFO] [MemoryManager] MemoryManager initialized (runtime-safe).
2026-04-14 13:33:37,494 [INFO] [LearningEngine] MemoryManager loaded.
2026-04-14 13:33:37,575 [INFO] [LearningEngine] LearningEngine ready. ai_state_dir=C:\Users\dennis\Power_Trading_System\external_memory\ai_state read_only=True
2026-04-14 13:34:05,049 [INFO] [RegimeClassifier] [REGIME] UNKNOWN → CHOP
2026-04-14 13:35:19,236 [INFO] [KnowledgeGraph] KnowledgeGraph initialized (runtime-safe).
2026-04-14 13:35:19,357 [INFO] [LearningEngine] KnowledgeGraph loaded.
2026-04-14 13:35:19,509 [INFO] [MemoryManager] MemoryManager initialized (runtime-safe).
2026-04-14 13:35:19,582 [INFO] [LearningEngine] MemoryManager loaded.
2026-04-14 13:35:19,711 [INFO] [LearningEngine] LearningEngine ready. ai_state_dir=C:\Users\dennis\Power_Trading_System\external_memory\ai_state read_only=True
2026-04-14 13:35:49,308 [INFO] [RegimeClassifier] [REGIME] UNKNOWN → CHOP
2026-04-14 13:37:41,369 [INFO] [KnowledgeGraph] KnowledgeGraph initialized (runtime-safe).
2026-04-14 13:37:41,372 [INFO] [LearningEngine] KnowledgeGraph loaded.
2026-04-14 13:37:41,389 [INFO] [MemoryManager] MemoryManager initialized (runtime-safe).
2026-04-14 13:37:41,402 [INFO] [LearningEngine] MemoryManager loaded.
2026-04-14 13:37:41,559 [INFO] [LearningEngine] LearningEngine ready. ai_state_dir=C:\Users\dennis\Power_Trading_System\external_memory\ai_state read_only=True
