2026-04-15 11:02:46,780 [INFO] [KnowledgeGraph] KnowledgeGraph initialized (runtime-safe).
2026-04-15 11:02:46,781 [INFO] [LearningEngine] KnowledgeGraph loaded.
2026-04-15 11:02:46,849 [INFO] [MemoryManager] MemoryManager initialized (runtime-safe).
2026-04-15 11:02:46,850 [INFO] [LearningEngine] MemoryManager loaded.
2026-04-15 11:02:47,211 [INFO] [LearningEngine] LearningEngine ready. ai_state_dir=C:\Users\dennis\Power_Trading_System\external_memory\ai_state read_only=True
2026-04-15 11:08:39,918 [INFO] [KnowledgeGraph] KnowledgeGraph initialized (runtime-safe).
2026-04-15 11:08:39,919 [INFO] [LearningEngine] KnowledgeGraph loaded.
2026-04-15 11:08:39,925 [INFO] [MemoryManager] MemoryManager initialized (runtime-safe).
2026-04-15 11:08:39,925 [INFO] [LearningEngine] MemoryManager loaded.
2026-04-15 11:08:40,232 [INFO] [LearningEngine] LearningEngine ready. ai_state_dir=C:\Users\dennis\Power_Trading_System\external_memory\ai_state read_only=True
2026-04-15 11:19:13,721 [INFO] [KnowledgeGraph] KnowledgeGraph initialized (runtime-safe).
2026-04-15 11:19:13,721 [INFO] [LearningEngine] KnowledgeGraph loaded.
2026-04-15 11:19:13,729 [INFO] [MemoryManager] MemoryManager initialized (runtime-safe).
2026-04-15 11:19:13,733 [INFO] [LearningEngine] MemoryManager loaded.
2026-04-15 11:19:13,851 [INFO] [LearningEngine] LearningEngine ready. ai_state_dir=C:\Users\dennis\Power_Trading_System\external_memory\ai_state read_only=True
2026-04-15 11:19:41,544 [INFO] [RegimeClassifier] [REGIME] UNKNOWN → CHOP
2026-04-15 11:24:06,960 [INFO] [KnowledgeGraph] KnowledgeGraph initialized (runtime-safe).
2026-04-15 11:24:06,960 [INFO] [LearningEngine] KnowledgeGraph loaded.
2026-04-15 11:24:06,971 [INFO] [MemoryManager] MemoryManager initialized (runtime-safe).
2026-04-15 11:24:06,972 [INFO] [LearningEngine] MemoryManager loaded.
2026-04-15 11:24:07,062 [INFO] [LearningEngine] LearningEngine ready. ai_state_dir=C:\Users\dennis\Power_Trading_System\external_memory\ai_state read_only=True
2026-04-15 11:24:09,649 [INFO] [RiskGovernor] [RISK] strat=mean_reversion conf=0.64 vol=0.08 regime=CHOP perf=neutral margin=0.00 risk=0.0021
2026-04-15 11:24:23,977 [INFO] [RiskGovernor] [RISK] strat=mean_reversion conf=0.60 vol=0.14 regime=CHOP perf=neutral margin=0.00 risk=0.0019
2026-04-15 11:24:26,396 [INFO] [RiskGovernor] [RISK] strat=mean_reversion conf=0.60 vol=0.14 regime=CHOP perf=neutral margin=0.00 risk=0.0019
2026-04-15 11:24:28,772 [INFO] [RiskGovernor] [RISK] strat=mean_reversion conf=0.60 vol=0.14 regime=CHOP perf=neutral margin=0.00 risk=0.0019
2026-04-15 11:24:34,701 [INFO] [RegimeClassifier] [REGIME] UNKNOWN → CHOP
2026-04-15 11:24:41,833 [INFO] [RiskGovernor] [RISK] strat=mean_reversion conf=0.60 vol=0.11 regime=CHOP perf=neutral margin=0.00 risk=0.0019
2026-04-15 11:24:46,587 [INFO] [RiskGovernor] [RISK] strat=mean_reversion conf=0.60 vol=0.12 regime=CHOP perf=neutral margin=0.00 risk=0.0019
2026-04-15 11:24:49,202 [INFO] [RiskGovernor] [RISK] strat=mean_reversion conf=0.61 vol=0.10 regime=CHOP perf=neutral margin=0.00 risk=0.0020
2026-04-15 11:25:05,997 [INFO] [RiskGovernor] [RISK] strat=mean_reversion conf=0.61 vol=0.10 regime=CHOP perf=neutral margin=0.00 risk=0.0020
2026-04-15 11:25:09,612 [INFO] [RiskGovernor] [RISK] strat=mean_reversion conf=0.60 vol=0.15 regime=CHOP perf=neutral margin=0.00 risk=0.0019
2026-04-15 11:25:18,463 [INFO] [RiskGovernor] [RISK] strat=mean_reversion conf=0.60 vol=0.13 regime=CHOP perf=neutral margin=0.00 risk=0.0019
2026-04-15 11:25:20,845 [INFO] [RiskGovernor] [RISK] strat=mean_reversion conf=0.60 vol=0.10 regime=CHOP perf=neutral margin=0.00 risk=0.0019
2026-04-15 11:25:22,057 [INFO] [RiskGovernor] [RISK] strat=mean_reversion conf=0.60 vol=0.13 regime=CHOP perf=neutral margin=0.00 risk=0.0019
2026-04-15 11:25:35,529 [INFO] [RiskGovernor] [RISK] strat=mean_reversion conf=0.60 vol=0.13 regime=CHOP perf=neutral margin=0.00 risk=0.0019
2026-04-15 11:25:37,960 [INFO] [RiskGovernor] [RISK] strat=mean_reversion conf=0.60 vol=0.13 regime=CHOP perf=neutral margin=0.00 risk=0.0019
2026-04-15 11:25:40,342 [INFO] [RiskGovernor] [RISK] strat=mean_reversion conf=0.60 vol=0.14 regime=CHOP perf=neutral margin=0.00 risk=0.0019
2026-04-15 11:25:52,276 [INFO] [RiskGovernor] [RISK] strat=mean_reversion conf=0.62 vol=0.09 regime=CHOP perf=neutral margin=0.00 risk=0.0020
2026-04-15 11:25:53,467 [INFO] [RiskGovernor] [RISK] strat=mean_reversion conf=0.60 vol=0.15 regime=CHOP perf=neutral margin=0.00 risk=0.0019
2026-04-15 11:25:59,462 [INFO] [RiskGovernor] [RISK] strat=mean_reversion conf=0.60 vol=0.10 regime=CHOP perf=neutral margin=0.00 risk=0.0019
2026-04-15 11:26:00,649 [INFO] [RiskGovernor] [RISK] strat=mean_reversion conf=0.60 vol=0.14 regime=CHOP perf=neutral margin=0.00 risk=0.0019
2026-04-15 11:26:09,082 [INFO] [RiskGovernor] [RISK] strat=mean_reversion conf=0.61 vol=0.10 regime=CHOP perf=neutral margin=0.00 risk=0.0020
2026-04-15 11:26:16,241 [INFO] [RiskGovernor] [RISK] strat=mean_reversion conf=0.60 vol=0.14 regime=CHOP perf=neutral margin=0.00 risk=0.0019
2026-04-15 11:26:22,246 [INFO] [RiskGovernor] [RISK] strat=mean_reversion conf=0.62 vol=0.09 regime=CHOP perf=neutral margin=0.00 risk=0.0020
2026-04-15 11:26:23,436 [INFO] [RiskGovernor] [RISK] strat=mean_reversion conf=0.60 vol=0.13 regime=CHOP perf=neutral margin=0.00 risk=0.0019
2026-04-15 11:26:30,579 [INFO] [RiskGovernor] [RISK] strat=mean_reversion conf=0.62 vol=0.09 regime=CHOP perf=neutral margin=0.00 risk=0.0020
2026-04-15 11:26:36,612 [INFO] [RiskGovernor] [RISK] strat=mean_reversion conf=0.63 vol=0.08 regime=CHOP perf=neutral margin=0.00 risk=0.0020
2026-04-15 11:26:44,921 [INFO] [RiskGovernor] [RISK] strat=mean_reversion conf=0.60 vol=0.13 regime=CHOP perf=neutral margin=0.00 risk=0.0019
2026-04-15 11:26:53,284 [INFO] [RiskGovernor] [RISK] strat=mean_reversion conf=0.60 vol=0.10 regime=CHOP perf=neutral margin=0.00 risk=0.0019
2026-04-15 11:27:04,299 [INFO] [RiskGovernor] [RISK] strat=mean_reversion conf=0.60 vol=0.12 regime=CHOP perf=neutral margin=0.00 risk=0.0019
2026-04-15 11:27:13,802 [INFO] [RiskGovernor] [RISK] strat=mean_reversion conf=0.60 vol=0.14 regime=CHOP perf=neutral margin=0.00 risk=0.0019
2026-04-15 11:27:20,964 [INFO] [RiskGovernor] [RISK] strat=mean_reversion conf=0.62 vol=0.09 regime=CHOP perf=neutral margin=0.00 risk=0.0020
2026-04-15 11:27:25,722 [INFO] [RiskGovernor] [RISK] strat=mean_reversion conf=0.60 vol=0.14 regime=CHOP perf=neutral margin=0.00 risk=0.0019
2026-04-15 11:27:34,072 [INFO] [RiskGovernor] [RISK] strat=mean_reversion conf=0.60 vol=0.10 regime=CHOP perf=neutral margin=0.00 risk=0.0019
2026-04-15 11:27:37,710 [INFO] [RiskGovernor] [RISK] strat=mean_reversion conf=0.60 vol=0.14 regime=CHOP perf=neutral margin=0.00 risk=0.0019
2026-04-15 11:27:38,898 [INFO] [RiskGovernor] [RISK] strat=mean_reversion conf=0.60 vol=0.14 regime=CHOP perf=neutral margin=0.00 risk=0.0019
2026-04-15 11:27:40,094 [INFO] [RiskGovernor] [RISK] strat=mean_reversion conf=0.60 vol=0.15 regime=CHOP perf=neutral margin=0.00 risk=0.0019
2026-04-15 11:27:56,745 [INFO] [RiskGovernor] [RISK] strat=mean_reversion conf=0.64 vol=0.08 regime=CHOP perf=neutral margin=0.00 risk=0.0021
2026-04-15 11:27:57,930 [INFO] [RiskGovernor] [RISK] strat=mean_reversion conf=0.60 vol=0.15 regime=CHOP perf=neutral margin=0.00 risk=0.0019
2026-04-15 11:28:02,734 [INFO] [RiskGovernor] [RISK] strat=mean_reversion conf=0.63 vol=0.09 regime=CHOP perf=neutral margin=0.00 risk=0.0020
2026-04-15 11:28:06,307 [INFO] [RiskGovernor] [RISK] strat=mean_reversion conf=0.63 vol=0.08 regime=CHOP perf=neutral margin=0.00 risk=0.0020
2026-04-15 11:28:09,894 [INFO] [RiskGovernor] [RISK] strat=mean_reversion conf=0.60 vol=0.14 regime=CHOP perf=neutral margin=0.00 risk=0.0019
2026-04-15 11:28:13,504 [INFO] [RiskGovernor] [RISK] strat=mean_reversion conf=0.60 vol=0.11 regime=CHOP perf=neutral margin=0.00 risk=0.0019
2026-04-15 11:28:26,756 [INFO] [RiskGovernor] [RISK] strat=mean_reversion conf=0.60 vol=0.14 regime=CHOP perf=neutral margin=0.00 risk=0.0019
2026-04-15 11:28:27,948 [INFO] [RiskGovernor] [RISK] strat=mean_reversion conf=0.60 vol=0.13 regime=CHOP perf=neutral margin=0.00 risk=0.0019
2026-04-15 11:28:31,551 [INFO] [RiskGovernor] [RISK] strat=mean_reversion conf=0.60 vol=0.12 regime=CHOP perf=neutral margin=0.00 risk=0.0019
2026-04-15 11:28:33,920 [INFO] [RiskGovernor] [RISK] strat=mean_reversion conf=0.60 vol=0.10 regime=CHOP perf=neutral margin=0.00 risk=0.0019
2026-04-15 11:28:36,355 [INFO] [RiskGovernor] [RISK] strat=mean_reversion conf=0.60 vol=0.12 regime=CHOP perf=neutral margin=0.00 risk=0.0019
2026-04-15 11:28:37,539 [INFO] [RiskGovernor] [RISK] strat=mean_reversion conf=0.60 vol=0.14 regime=CHOP perf=neutral margin=0.00 risk=0.0019
2026-04-15 11:28:42,382 [INFO] [RiskGovernor] [RISK] strat=mean_reversion conf=0.61 vol=0.09 regime=CHOP perf=neutral margin=0.00 risk=0.0020
2026-04-15 11:28:44,755 [INFO] [RiskGovernor] [RISK] strat=mean_reversion conf=0.60 vol=0.12 regime=CHOP perf=neutral margin=0.00 risk=0.0019
2026-04-15 11:28:48,338 [INFO] [RiskGovernor] [RISK] strat=mean_reversion conf=0.60 vol=0.12 regime=CHOP perf=neutral margin=0.00 risk=0.0019
2026-04-15 11:28:49,537 [INFO] [RiskGovernor] [RISK] strat=mean_reversion conf=0.60 vol=0.14 regime=CHOP perf=neutral margin=0.00 risk=0.0019
2026-04-15 11:28:54,316 [INFO] [RiskGovernor] [RISK] strat=mean_reversion conf=0.60 vol=0.14 regime=CHOP perf=neutral margin=0.00 risk=0.0019
2026-04-15 11:28:55,511 [INFO] [RiskGovernor] [RISK] strat=mean_reversion conf=0.63 vol=0.09 regime=CHOP perf=neutral margin=0.00 risk=0.0020
2026-04-15 11:28:56,696 [INFO] [RiskGovernor] [RISK] strat=mean_reversion conf=0.60 vol=0.11 regime=CHOP perf=neutral margin=0.00 risk=0.0019
2026-04-15 11:28:57,949 [INFO] [RiskGovernor] [RISK] strat=mean_reversion conf=0.60 vol=0.14 regime=CHOP perf=neutral margin=0.00 risk=0.0019
2026-04-15 11:29:03,276 [INFO] [RiskGovernor] [RISK] strat=mean_reversion conf=0.60 vol=0.12 regime=CHOP perf=neutral margin=0.00 risk=0.0019
2026-04-15 11:29:06,892 [INFO] [RiskGovernor] [RISK] strat=mean_reversion conf=0.60 vol=0.13 regime=CHOP perf=neutral margin=0.00 risk=0.0019
2026-04-15 11:29:18,863 [INFO] [RiskGovernor] [RISK] strat=mean_reversion conf=0.60 vol=0.13 regime=CHOP perf=neutral margin=0.00 risk=0.0019
2026-04-15 11:29:20,047 [INFO] [RiskGovernor] [RISK] strat=mean_reversion conf=0.60 vol=0.12 regime=CHOP perf=neutral margin=0.00 risk=0.0019
2026-04-15 11:29:23,606 [INFO] [RiskGovernor] [RISK] strat=mean_reversion conf=0.60 vol=0.11 regime=CHOP perf=neutral margin=0.00 risk=0.0019
2026-04-15 11:29:24,818 [INFO] [RiskGovernor] [RISK] strat=mean_reversion conf=0.60 vol=0.12 regime=CHOP perf=neutral margin=0.00 risk=0.0019
2026-04-15 11:29:31,991 [INFO] [RiskGovernor] [RISK] strat=mean_reversion conf=0.60 vol=0.11 regime=CHOP perf=neutral margin=0.00 risk=0.0019
2026-04-15 11:29:36,777 [INFO] [RiskGovernor] [RISK] strat=mean_reversion conf=0.64 vol=0.08 regime=CHOP perf=neutral margin=0.00 risk=0.0021
2026-04-15 11:29:42,758 [INFO] [RiskGovernor] [RISK] strat=mean_reversion conf=0.64 vol=0.08 regime=CHOP perf=neutral margin=0.00 risk=0.0021
2026-04-15 11:29:48,726 [INFO] [RiskGovernor] [RISK] strat=mean_reversion conf=0.60 vol=0.11 regime=CHOP perf=neutral margin=0.00 risk=0.0019
2026-04-15 11:29:49,920 [INFO] [RiskGovernor] [RISK] strat=mean_reversion conf=0.60 vol=0.12 regime=CHOP perf=neutral margin=0.00 risk=0.0019
2026-04-15 11:29:54,761 [INFO] [RiskGovernor] [RISK] strat=mean_reversion conf=0.60 vol=0.13 regime=CHOP perf=neutral margin=0.00 risk=0.0019
2026-04-15 11:29:55,953 [INFO] [RiskGovernor] [RISK] strat=mean_reversion conf=0.60 vol=0.12 regime=CHOP perf=neutral margin=0.00 risk=0.0019
2026-04-15 11:30:03,199 [INFO] [RiskGovernor] [RISK] strat=mean_reversion conf=0.60 vol=0.10 regime=CHOP perf=neutral margin=0.00 risk=0.0019
2026-04-15 11:30:06,823 [INFO] [RiskGovernor] [RISK] strat=mean_reversion conf=0.60 vol=0.13 regime=CHOP perf=neutral margin=0.00 risk=0.0019
2026-04-15 11:30:09,248 [INFO] [RiskGovernor] [RISK] strat=mean_reversion conf=0.62 vol=0.09 regime=CHOP perf=neutral margin=0.00 risk=0.0020
2026-04-15 11:30:11,769 [INFO] [RiskGovernor] [RISK] strat=mean_reversion conf=0.60 vol=0.14 regime=CHOP perf=neutral margin=0.00 risk=0.0019
2026-04-15 11:30:15,445 [INFO] [RiskGovernor] [RISK] strat=mean_reversion conf=0.63 vol=0.08 regime=CHOP perf=neutral margin=0.00 risk=0.0020
2026-04-15 11:30:27,450 [INFO] [RiskGovernor] [RISK] strat=mean_reversion conf=0.60 vol=0.11 regime=CHOP perf=neutral margin=0.00 risk=0.0019
2026-04-15 11:30:34,621 [INFO] [RiskGovernor] [RISK] strat=mean_reversion conf=0.60 vol=0.10 regime=CHOP perf=neutral margin=0.00 risk=0.0019
2026-04-15 11:31:14,086 [INFO] [RiskGovernor] [RISK] strat=mean_reversion conf=0.62 vol=0.09 regime=CHOP perf=neutral margin=0.00 risk=0.0020
2026-04-15 11:31:20,114 [INFO] [RiskGovernor] [RISK] strat=mean_reversion conf=0.60 vol=0.10 regime=CHOP perf=neutral margin=0.00 risk=0.0019
2026-04-15 11:31:26,122 [INFO] [RiskGovernor] [RISK] strat=mean_reversion conf=0.60 vol=0.11 regime=CHOP perf=neutral margin=0.00 risk=0.0019
2026-04-15 11:31:27,310 [INFO] [RiskGovernor] [RISK] strat=mean_reversion conf=0.63 vol=0.08 regime=CHOP perf=neutral margin=0.00 risk=0.0020
2026-04-15 11:31:28,550 [INFO] [RiskGovernor] [RISK] strat=mean_reversion conf=0.60 vol=0.12 regime=CHOP perf=neutral margin=0.00 risk=0.0019
2026-04-15 11:31:34,538 [INFO] [RiskGovernor] [RISK] strat=mean_reversion conf=0.60 vol=0.15 regime=CHOP perf=neutral margin=0.00 risk=0.0019
2026-04-15 11:31:35,727 [INFO] [RiskGovernor] [RISK] strat=mean_reversion conf=0.62 vol=0.09 regime=CHOP perf=neutral margin=0.00 risk=0.0020
2026-04-15 11:31:46,516 [INFO] [RiskGovernor] [RISK] strat=mean_reversion conf=0.60 vol=0.12 regime=CHOP perf=neutral margin=0.00 risk=0.0019
2026-04-15 11:31:47,742 [INFO] [RiskGovernor] [RISK] strat=mean_reversion conf=0.63 vol=0.08 regime=CHOP perf=neutral margin=0.00 risk=0.0020
2026-04-15 11:31:50,155 [INFO] [RiskGovernor] [RISK] strat=mean_reversion conf=0.60 vol=0.11 regime=CHOP perf=neutral margin=0.00 risk=0.0019
2026-04-15 11:31:51,345 [INFO] [RiskGovernor] [RISK] strat=mean_reversion conf=0.62 vol=0.09 regime=CHOP perf=neutral margin=0.00 risk=0.0020
2026-04-15 11:32:03,868 [INFO] [RiskGovernor] [RISK] strat=mean_reversion conf=0.60 vol=0.11 regime=CHOP perf=neutral margin=0.00 risk=0.0019
2026-04-15 11:32:09,968 [INFO] [RiskGovernor] [RISK] strat=mean_reversion conf=0.60 vol=0.15 regime=CHOP perf=neutral margin=0.00 risk=0.0019
2026-04-15 11:32:14,741 [INFO] [RiskGovernor] [RISK] strat=mean_reversion conf=0.60 vol=0.14 regime=CHOP perf=neutral margin=0.00 risk=0.0019
2026-04-15 11:32:15,995 [INFO] [RiskGovernor] [RISK] strat=mean_reversion conf=0.60 vol=0.13 regime=CHOP perf=neutral margin=0.00 risk=0.0019
2026-04-15 11:32:17,193 [INFO] [RiskGovernor] [RISK] strat=mean_reversion conf=0.60 vol=0.12 regime=CHOP perf=neutral margin=0.00 risk=0.0019
2026-04-15 11:32:23,139 [INFO] [RiskGovernor] [RISK] strat=mean_reversion conf=0.60 vol=0.12 regime=CHOP perf=neutral margin=0.00 risk=0.0019
2026-04-15 11:32:24,340 [INFO] [RiskGovernor] [RISK] strat=mean_reversion conf=0.60 vol=0.11 regime=CHOP perf=neutral margin=0.00 risk=0.0019
2026-04-15 11:32:26,720 [INFO] [RiskGovernor] [RISK] strat=mean_reversion conf=0.60 vol=0.10 regime=CHOP perf=neutral margin=0.00 risk=0.0019
2026-04-15 11:32:27,968 [INFO] [RiskGovernor] [RISK] strat=mean_reversion conf=0.60 vol=0.11 regime=CHOP perf=neutral margin=0.00 risk=0.0019
2026-04-15 11:32:34,090 [INFO] [RiskGovernor] [RISK] strat=mean_reversion conf=0.60 vol=0.15 regime=CHOP perf=neutral margin=0.00 risk=0.0019
2026-04-15 11:32:51,687 [INFO] [KnowledgeGraph] KnowledgeGraph initialized (runtime-safe).
2026-04-15 11:32:51,688 [INFO] [LearningEngine] KnowledgeGraph loaded.
2026-04-15 11:32:51,697 [INFO] [MemoryManager] MemoryManager initialized (runtime-safe).
2026-04-15 11:32:51,698 [INFO] [LearningEngine] MemoryManager loaded.
2026-04-15 11:32:52,036 [INFO] [LearningEngine] LearningEngine ready. ai_state_dir=C:\Users\dennis\Power_Trading_System\external_memory\ai_state read_only=True
2026-04-15 11:32:54,512 [INFO] [RiskGovernor] [RISK] strat=mean_reversion conf=0.60 vol=0.14 regime=CHOP perf=neutral margin=0.00 risk=0.0019
2026-04-15 11:32:58,228 [INFO] [RiskGovernor] [RISK] strat=mean_reversion conf=0.60 vol=0.14 regime=CHOP perf=neutral margin=0.00 risk=0.0019
2026-04-15 11:33:03,151 [INFO] [RiskGovernor] [RISK] strat=mean_reversion conf=0.60 vol=0.12 regime=CHOP perf=neutral margin=0.00 risk=0.0019
2026-04-15 11:33:10,485 [INFO] [RiskGovernor] [RISK] strat=mean_reversion conf=0.60 vol=0.15 regime=CHOP perf=neutral margin=0.00 risk=0.0019
2026-04-15 11:33:20,146 [INFO] [RegimeClassifier] [REGIME] UNKNOWN → CHOP
2026-04-15 11:33:20,150 [INFO] [RiskGovernor] [RISK] strat=mean_reversion conf=0.60 vol=0.13 regime=CHOP perf=neutral margin=0.00 risk=0.0019
2026-04-15 11:33:22,629 [INFO] [RiskGovernor] [RISK] strat=mean_reversion conf=0.60 vol=0.13 regime=CHOP perf=neutral margin=0.00 risk=0.0019
2026-04-15 11:33:23,980 [INFO] [RiskGovernor] [RISK] strat=mean_reversion conf=0.60 vol=0.10 regime=CHOP perf=neutral margin=0.00 risk=0.0019
2026-04-15 11:33:25,307 [INFO] [RiskGovernor] [RISK] strat=mean_reversion conf=0.60 vol=0.12 regime=CHOP perf=neutral margin=0.00 risk=0.0019
2026-04-15 11:33:29,007 [INFO] [RiskGovernor] [RISK] strat=mean_reversion conf=0.60 vol=0.12 regime=CHOP perf=neutral margin=0.00 risk=0.0019
2026-04-15 11:33:37,557 [INFO] [RiskGovernor] [RISK] strat=mean_reversion conf=0.60 vol=0.12 regime=CHOP perf=neutral margin=0.00 risk=0.0019
2026-04-15 11:33:43,656 [INFO] [RiskGovernor] [RISK] strat=mean_reversion conf=0.60 vol=0.12 regime=CHOP perf=neutral margin=0.00 risk=0.0019
2026-04-15 11:33:44,980 [INFO] [RiskGovernor] [RISK] strat=mean_reversion conf=0.64 vol=0.08 regime=CHOP perf=neutral margin=0.00 risk=0.0021
2026-04-15 11:33:49,851 [INFO] [RiskGovernor] [RISK] strat=mean_reversion conf=0.60 vol=0.11 regime=CHOP perf=neutral margin=0.00 risk=0.0019
2026-04-15 11:33:51,138 [INFO] [RiskGovernor] [RISK] strat=mean_reversion conf=0.60 vol=0.13 regime=CHOP perf=neutral margin=0.00 risk=0.0019
2026-04-15 11:34:03,139 [INFO] [RiskGovernor] [RISK] strat=mean_reversion conf=0.63 vol=0.09 regime=CHOP perf=neutral margin=0.00 risk=0.0020
2026-04-15 11:34:04,518 [INFO] [RiskGovernor] [RISK] strat=mean_reversion conf=0.60 vol=0.12 regime=CHOP perf=neutral margin=0.00 risk=0.0019
2026-04-15 11:34:07,011 [INFO] [RiskGovernor] [RISK] strat=mean_reversion conf=0.60 vol=0.10 regime=CHOP perf=neutral margin=0.00 risk=0.0019
2026-04-15 11:34:10,737 [INFO] [RiskGovernor] [RISK] strat=mean_reversion conf=0.60 vol=0.12 regime=CHOP perf=neutral margin=0.00 risk=0.0019
2026-04-15 11:34:21,636 [INFO] [RiskGovernor] [RISK] strat=mean_reversion conf=0.60 vol=0.12 regime=CHOP perf=neutral margin=0.00 risk=0.0019
2026-04-15 11:34:25,353 [INFO] [RiskGovernor] [RISK] strat=mean_reversion conf=0.61 vol=0.10 regime=CHOP perf=neutral margin=0.00 risk=0.0020
2026-04-15 11:34:27,816 [INFO] [RiskGovernor] [RISK] strat=mean_reversion conf=0.60 vol=0.10 regime=CHOP perf=neutral margin=0.00 risk=0.0019
2026-04-15 11:34:32,755 [INFO] [RiskGovernor] [RISK] strat=mean_reversion conf=0.60 vol=0.11 regime=CHOP perf=neutral margin=0.00 risk=0.0019
2026-04-15 11:34:43,630 [INFO] [RiskGovernor] [RISK] strat=mean_reversion conf=0.60 vol=0.13 regime=CHOP perf=neutral margin=0.00 risk=0.0019
2026-04-15 11:34:50,877 [INFO] [RiskGovernor] [RISK] strat=mean_reversion conf=0.60 vol=0.10 regime=CHOP perf=neutral margin=0.00 risk=0.0019
2026-04-15 11:34:54,693 [INFO] [RiskGovernor] [RISK] strat=mean_reversion conf=0.63 vol=0.08 regime=CHOP perf=neutral margin=0.00 risk=0.0020
2026-04-15 11:34:57,161 [INFO] [RiskGovernor] [RISK] strat=mean_reversion conf=0.61 vol=0.09 regime=CHOP perf=neutral margin=0.00 risk=0.0020
2026-04-15 11:35:03,234 [INFO] [RiskGovernor] [RISK] strat=mean_reversion conf=0.60 vol=0.15 regime=CHOP perf=neutral margin=0.00 risk=0.0019
2026-04-15 11:35:06,928 [INFO] [RiskGovernor] [RISK] strat=mean_reversion conf=0.60 vol=0.11 regime=CHOP perf=neutral margin=0.00 risk=0.0019
2026-04-15 11:35:08,237 [INFO] [RiskGovernor] [RISK] strat=mean_reversion conf=0.63 vol=0.09 regime=CHOP perf=neutral margin=0.00 risk=0.0020
2026-04-15 11:35:16,749 [INFO] [RiskGovernor] [RISK] strat=mean_reversion conf=0.60 vol=0.14 regime=CHOP perf=neutral margin=0.00 risk=0.0019
2026-04-15 11:35:19,276 [INFO] [RiskGovernor] [RISK] strat=mean_reversion conf=0.60 vol=0.10 regime=CHOP perf=neutral margin=0.00 risk=0.0019
2026-04-15 11:35:26,513 [INFO] [RiskGovernor] [RISK] strat=mean_reversion conf=0.60 vol=0.14 regime=CHOP perf=neutral margin=0.00 risk=0.0019
2026-04-15 11:35:33,750 [INFO] [RiskGovernor] [RISK] strat=mean_reversion conf=0.61 vol=0.09 regime=CHOP perf=neutral margin=0.00 risk=0.0020
2026-04-15 11:35:36,229 [INFO] [RiskGovernor] [RISK] strat=mean_reversion conf=0.63 vol=0.08 regime=CHOP perf=neutral margin=0.00 risk=0.0020
2026-04-15 11:35:38,707 [INFO] [RiskGovernor] [RISK] strat=mean_reversion conf=0.60 vol=0.14 regime=CHOP perf=neutral margin=0.00 risk=0.0019
2026-04-15 11:35:42,384 [INFO] [RiskGovernor] [RISK] strat=mean_reversion conf=0.60 vol=0.12 regime=CHOP perf=neutral margin=0.00 risk=0.0019
2026-04-15 11:35:56,811 [INFO] [RiskGovernor] [RISK] strat=mean_reversion conf=0.60 vol=0.12 regime=CHOP perf=neutral margin=0.00 risk=0.0019
2026-04-15 11:36:00,614 [INFO] [RiskGovernor] [RISK] strat=mean_reversion conf=0.60 vol=0.11 regime=CHOP perf=neutral margin=0.00 risk=0.0019
2026-04-15 11:36:01,931 [INFO] [RiskGovernor] [RISK] strat=mean_reversion conf=0.60 vol=0.11 regime=CHOP perf=neutral margin=0.00 risk=0.0019
2026-04-15 11:36:09,205 [INFO] [RiskGovernor] [RISK] strat=mean_reversion conf=0.60 vol=0.15 regime=CHOP perf=neutral margin=0.00 risk=0.0019
2026-04-15 11:36:15,260 [INFO] [RiskGovernor] [RISK] strat=mean_reversion conf=0.60 vol=0.13 regime=CHOP perf=neutral margin=0.00 risk=0.0019
2026-04-15 11:36:28,472 [INFO] [RiskGovernor] [RISK] strat=mean_reversion conf=0.60 vol=0.11 regime=CHOP perf=neutral margin=0.00 risk=0.0019
2026-04-15 11:36:29,767 [INFO] [RiskGovernor] [RISK] strat=mean_reversion conf=0.61 vol=0.10 regime=CHOP perf=neutral margin=0.00 risk=0.0020
2026-04-15 11:36:31,071 [INFO] [RiskGovernor] [RISK] strat=mean_reversion conf=0.61 vol=0.10 regime=CHOP perf=neutral margin=0.00 risk=0.0020
2026-04-15 11:36:39,951 [INFO] [RiskGovernor] [RISK] strat=mean_reversion conf=0.60 vol=0.14 regime=CHOP perf=neutral margin=0.00 risk=0.0019
2026-04-15 11:36:43,630 [INFO] [RiskGovernor] [RISK] strat=mean_reversion conf=0.60 vol=0.11 regime=CHOP perf=neutral margin=0.00 risk=0.0019
2026-04-15 11:36:46,112 [INFO] [RiskGovernor] [RISK] strat=mean_reversion conf=0.60 vol=0.14 regime=CHOP perf=neutral margin=0.00 risk=0.0019
2026-04-15 11:36:48,611 [INFO] [RiskGovernor] [RISK] strat=mean_reversion conf=0.60 vol=0.11 regime=CHOP perf=neutral margin=0.00 risk=0.0019
2026-04-15 11:36:49,940 [INFO] [RiskGovernor] [RISK] strat=mean_reversion conf=0.60 vol=0.10 regime=CHOP perf=neutral margin=0.00 risk=0.0019
2026-04-15 11:36:59,694 [INFO] [RiskGovernor] [RISK] strat=mean_reversion conf=0.60 vol=0.10 regime=CHOP perf=neutral margin=0.00 risk=0.0019
2026-04-15 11:37:03,834 [INFO] [RiskGovernor] [RISK] strat=mean_reversion conf=0.60 vol=0.12 regime=CHOP perf=neutral margin=0.00 risk=0.0019
2026-04-15 11:37:13,567 [INFO] [RiskGovernor] [RISK] strat=mean_reversion conf=0.60 vol=0.10 regime=CHOP perf=neutral margin=0.00 risk=0.0019
2026-04-15 11:37:18,484 [INFO] [RiskGovernor] [RISK] strat=mean_reversion conf=0.60 vol=0.15 regime=CHOP perf=neutral margin=0.00 risk=0.0019
2026-04-15 11:37:24,587 [INFO] [RiskGovernor] [RISK] strat=mean_reversion conf=0.60 vol=0.14 regime=CHOP perf=neutral margin=0.00 risk=0.0019
2026-04-15 11:37:25,873 [INFO] [RiskGovernor] [RISK] strat=mean_reversion conf=0.60 vol=0.14 regime=CHOP perf=neutral margin=0.00 risk=0.0019
2026-04-15 11:37:33,141 [INFO] [RiskGovernor] [RISK] strat=mean_reversion conf=0.60 vol=0.14 regime=CHOP perf=neutral margin=0.00 risk=0.0019
2026-04-15 11:37:36,802 [INFO] [RiskGovernor] [RISK] strat=mean_reversion conf=0.60 vol=0.14 regime=CHOP perf=neutral margin=0.00 risk=0.0019
2026-04-15 11:37:38,092 [INFO] [RiskGovernor] [RISK] strat=mean_reversion conf=0.60 vol=0.11 regime=CHOP perf=neutral margin=0.00 risk=0.0019
2026-04-15 11:37:39,400 [INFO] [RiskGovernor] [RISK] strat=mean_reversion conf=0.60 vol=0.11 regime=CHOP perf=neutral margin=0.00 risk=0.0019
2026-04-15 11:37:41,937 [INFO] [RiskGovernor] [RISK] strat=mean_reversion conf=0.60 vol=0.13 regime=CHOP perf=neutral margin=0.00 risk=0.0019
2026-04-15 11:37:45,642 [INFO] [RiskGovernor] [RISK] strat=mean_reversion conf=0.60 vol=0.12 regime=CHOP perf=neutral margin=0.00 risk=0.0019
2026-04-15 11:37:50,527 [INFO] [RiskGovernor] [RISK] strat=mean_reversion conf=0.64 vol=0.08 regime=CHOP perf=neutral margin=0.00 risk=0.0021
2026-04-15 11:37:59,047 [INFO] [RiskGovernor] [RISK] strat=mean_reversion conf=0.60 vol=0.13 regime=CHOP perf=neutral margin=0.00 risk=0.0019
2026-04-15 11:38:00,327 [INFO] [RiskGovernor] [RISK] strat=mean_reversion conf=0.60 vol=0.12 regime=CHOP perf=neutral margin=0.00 risk=0.0019
2026-04-15 11:38:09,982 [INFO] [RiskGovernor] [RISK] strat=mean_reversion conf=0.60 vol=0.10 regime=CHOP perf=neutral margin=0.00 risk=0.0019
2026-04-15 11:38:13,739 [INFO] [RiskGovernor] [RISK] strat=mean_reversion conf=0.60 vol=0.13 regime=CHOP perf=neutral margin=0.00 risk=0.0019
2026-04-15 11:38:15,029 [INFO] [RiskGovernor] [RISK] strat=mean_reversion conf=0.60 vol=0.14 regime=CHOP perf=neutral margin=0.00 risk=0.0019
2026-04-15 11:38:17,565 [INFO] [RiskGovernor] [RISK] strat=mean_reversion conf=0.61 vol=0.10 regime=CHOP perf=neutral margin=0.00 risk=0.0020
2026-04-15 11:38:18,846 [INFO] [RiskGovernor] [RISK] strat=mean_reversion conf=0.60 vol=0.14 regime=CHOP perf=neutral margin=0.00 risk=0.0019
2026-04-15 11:38:20,216 [INFO] [RiskGovernor] [RISK] strat=mean_reversion conf=0.60 vol=0.15 regime=CHOP perf=neutral margin=0.00 risk=0.0019
2026-04-15 11:38:27,559 [INFO] [RiskGovernor] [RISK] strat=mean_reversion conf=0.60 vol=0.11 regime=CHOP perf=neutral margin=0.00 risk=0.0019
2026-04-15 11:38:30,039 [INFO] [RiskGovernor] [RISK] strat=mean_reversion conf=0.60 vol=0.12 regime=CHOP perf=neutral margin=0.00 risk=0.0019
2026-04-15 11:38:32,519 [INFO] [RiskGovernor] [RISK] strat=mean_reversion conf=0.60 vol=0.13 regime=CHOP perf=neutral margin=0.00 risk=0.0019
2026-04-15 11:38:35,042 [INFO] [RiskGovernor] [RISK] strat=mean_reversion conf=0.60 vol=0.11 regime=CHOP perf=neutral margin=0.00 risk=0.0019
2026-04-15 11:38:38,748 [INFO] [RiskGovernor] [RISK] strat=mean_reversion conf=0.60 vol=0.10 regime=CHOP perf=neutral margin=0.00 risk=0.0019
2026-04-15 11:38:41,249 [INFO] [RiskGovernor] [RISK] strat=mean_reversion conf=0.60 vol=0.12 regime=CHOP perf=neutral margin=0.00 risk=0.0019
2026-04-15 11:38:48,623 [INFO] [RiskGovernor] [RISK] strat=mean_reversion conf=0.63 vol=0.08 regime=CHOP perf=neutral margin=0.00 risk=0.0020
2026-04-15 11:38:49,938 [INFO] [RiskGovernor] [RISK] strat=mean_reversion conf=0.60 vol=0.13 regime=CHOP perf=neutral margin=0.00 risk=0.0019
2026-04-15 11:38:53,663 [INFO] [RiskGovernor] [RISK] strat=mean_reversion conf=0.60 vol=0.10 regime=CHOP perf=neutral margin=0.00 risk=0.0019
2026-04-15 11:38:59,742 [INFO] [RiskGovernor] [RISK] strat=mean_reversion conf=0.60 vol=0.14 regime=CHOP perf=neutral margin=0.00 risk=0.0019
2026-04-15 11:39:10,633 [INFO] [RiskGovernor] [RISK] strat=mean_reversion conf=0.60 vol=0.14 regime=CHOP perf=neutral margin=0.00 risk=0.0019
2026-04-15 11:39:29,038 [INFO] [RiskGovernor] [RISK] strat=mean_reversion conf=0.60 vol=0.15 regime=CHOP perf=neutral margin=0.00 risk=0.0019
2026-04-15 11:39:32,716 [INFO] [RiskGovernor] [RISK] strat=mean_reversion conf=0.60 vol=0.11 regime=CHOP perf=neutral margin=0.00 risk=0.0019
2026-04-15 11:39:35,208 [INFO] [RiskGovernor] [RISK] strat=mean_reversion conf=0.60 vol=0.11 regime=CHOP perf=neutral margin=0.00 risk=0.0019
2026-04-15 11:39:43,829 [INFO] [RiskGovernor] [RISK] strat=mean_reversion conf=0.60 vol=0.15 regime=CHOP perf=neutral margin=0.00 risk=0.0019
2026-04-15 11:39:48,700 [INFO] [RiskGovernor] [RISK] strat=mean_reversion conf=0.60 vol=0.11 regime=CHOP perf=neutral margin=0.00 risk=0.0019
2026-04-15 11:39:51,192 [INFO] [RiskGovernor] [RISK] strat=mean_reversion conf=0.60 vol=0.12 regime=CHOP perf=neutral margin=0.00 risk=0.0019
2026-04-15 11:39:53,693 [INFO] [RiskGovernor] [RISK] strat=mean_reversion conf=0.60 vol=0.10 regime=CHOP perf=neutral margin=0.00 risk=0.0019
2026-04-15 11:39:56,198 [INFO] [RiskGovernor] [RISK] strat=mean_reversion conf=0.60 vol=0.10 regime=CHOP perf=neutral margin=0.00 risk=0.0019
2026-04-15 11:39:58,676 [INFO] [RiskGovernor] [RISK] strat=mean_reversion conf=0.60 vol=0.13 regime=CHOP perf=neutral margin=0.00 risk=0.0019
2026-04-15 11:40:01,159 [INFO] [RiskGovernor] [RISK] strat=mean_reversion conf=0.61 vol=0.09 regime=CHOP perf=neutral margin=0.00 risk=0.0020
2026-04-15 11:40:04,859 [INFO] [RiskGovernor] [RISK] strat=mean_reversion conf=0.60 vol=0.14 regime=CHOP perf=neutral margin=0.00 risk=0.0019
2026-04-15 11:40:10,941 [INFO] [RiskGovernor] [RISK] strat=mean_reversion conf=0.63 vol=0.08 regime=CHOP perf=neutral margin=0.00 risk=0.0020
2026-04-15 11:40:15,812 [INFO] [RiskGovernor] [RISK] strat=mean_reversion conf=0.60 vol=0.12 regime=CHOP perf=neutral margin=0.00 risk=0.0019
2026-04-15 11:40:17,102 [INFO] [RiskGovernor] [RISK] strat=mean_reversion conf=0.60 vol=0.14 regime=CHOP perf=neutral margin=0.00 risk=0.0019
2026-04-15 11:40:18,390 [INFO] [RiskGovernor] [RISK] strat=mean_reversion conf=0.63 vol=0.09 regime=CHOP perf=neutral margin=0.00 risk=0.0020
2026-04-15 11:40:21,177 [INFO] [RiskGovernor] [RISK] strat=mean_reversion conf=0.60 vol=0.10 regime=CHOP perf=neutral margin=0.00 risk=0.0019
2026-04-15 11:40:22,512 [INFO] [RiskGovernor] [RISK] strat=mean_reversion conf=0.63 vol=0.08 regime=CHOP perf=neutral margin=0.00 risk=0.0020
2026-04-15 11:40:39,627 [INFO] [RiskGovernor] [RISK] strat=mean_reversion conf=0.60 vol=0.10 regime=CHOP perf=neutral margin=0.00 risk=0.0019
2026-04-15 11:40:40,919 [INFO] [RiskGovernor] [RISK] strat=mean_reversion conf=0.60 vol=0.11 regime=CHOP perf=neutral margin=0.00 risk=0.0019
2026-04-15 11:40:45,835 [INFO] [RiskGovernor] [RISK] strat=mean_reversion conf=0.60 vol=0.13 regime=CHOP perf=neutral margin=0.00 risk=0.0019
2026-04-15 11:40:48,335 [INFO] [RiskGovernor] [RISK] strat=mean_reversion conf=0.60 vol=0.13 regime=CHOP perf=neutral margin=0.00 risk=0.0019
2026-04-15 11:40:53,276 [INFO] [RiskGovernor] [RISK] strat=mean_reversion conf=0.60 vol=0.14 regime=CHOP perf=neutral margin=0.00 risk=0.0019
2026-04-15 11:40:56,988 [INFO] [RiskGovernor] [RISK] strat=mean_reversion conf=0.60 vol=0.12 regime=CHOP perf=neutral margin=0.00 risk=0.0019
2026-04-15 11:40:58,298 [INFO] [RiskGovernor] [RISK] strat=mean_reversion conf=0.60 vol=0.15 regime=CHOP perf=neutral margin=0.00 risk=0.0019
2026-04-15 11:40:59,612 [INFO] [RiskGovernor] [RISK] strat=mean_reversion conf=0.60 vol=0.12 regime=CHOP perf=neutral margin=0.00 risk=0.0019
2026-04-15 11:41:02,148 [INFO] [RiskGovernor] [RISK] strat=mean_reversion conf=0.60 vol=0.14 regime=CHOP perf=neutral margin=0.00 risk=0.0019
2026-04-15 11:41:22,569 [INFO] [RiskGovernor] [RISK] strat=mean_reversion conf=0.60 vol=0.12 regime=CHOP perf=neutral margin=0.00 risk=0.0019
2026-04-15 11:41:23,858 [INFO] [RiskGovernor] [RISK] strat=mean_reversion conf=0.60 vol=0.10 regime=CHOP perf=neutral margin=0.00 risk=0.0019
2026-04-15 11:41:25,144 [INFO] [RiskGovernor] [RISK] strat=mean_reversion conf=0.61 vol=0.09 regime=CHOP perf=neutral margin=0.00 risk=0.0020
2026-04-15 11:41:32,443 [INFO] [RiskGovernor] [RISK] strat=mean_reversion conf=0.63 vol=0.09 regime=CHOP perf=neutral margin=0.00 risk=0.0020
2026-04-15 11:41:33,858 [INFO] [RiskGovernor] [RISK] strat=mean_reversion conf=0.60 vol=0.12 regime=CHOP perf=neutral margin=0.00 risk=0.0019
2026-04-15 11:41:38,969 [INFO] [RiskGovernor] [RISK] strat=mean_reversion conf=0.63 vol=0.09 regime=CHOP perf=neutral margin=0.00 risk=0.0020
2026-04-15 11:41:41,496 [INFO] [RiskGovernor] [RISK] strat=mean_reversion conf=0.60 vol=0.11 regime=CHOP perf=neutral margin=0.00 risk=0.0019
2026-04-15 11:41:45,174 [INFO] [RiskGovernor] [RISK] strat=mean_reversion conf=0.60 vol=0.10 regime=CHOP perf=neutral margin=0.00 risk=0.0019
2026-04-15 11:41:51,338 [INFO] [RiskGovernor] [RISK] strat=mean_reversion conf=0.60 vol=0.14 regime=CHOP perf=neutral margin=0.00 risk=0.0019
2026-04-15 11:41:57,423 [INFO] [RiskGovernor] [RISK] strat=mean_reversion conf=0.64 vol=0.08 regime=CHOP perf=neutral margin=0.00 risk=0.0021
2026-04-15 11:42:07,987 [INFO] [RiskGovernor] [RISK] strat=mean_reversion conf=0.61 vol=0.09 regime=CHOP perf=neutral margin=0.00 risk=0.0020
2026-04-15 11:42:12,847 [INFO] [RiskGovernor] [RISK] strat=mean_reversion conf=0.60 vol=0.15 regime=CHOP perf=neutral margin=0.00 risk=0.0019
2026-04-15 11:42:28,616 [INFO] [RiskGovernor] [RISK] strat=mean_reversion conf=0.60 vol=0.11 regime=CHOP perf=neutral margin=0.00 risk=0.0019
2026-04-15 11:42:32,278 [INFO] [RiskGovernor] [RISK] strat=mean_reversion conf=0.64 vol=0.08 regime=CHOP perf=neutral margin=0.00 risk=0.0021
2026-04-15 11:42:37,145 [INFO] [RiskGovernor] [RISK] strat=mean_reversion conf=0.62 vol=0.09 regime=CHOP perf=neutral margin=0.00 risk=0.0020
2026-04-15 11:42:43,212 [INFO] [RiskGovernor] [RISK] strat=mean_reversion conf=0.60 vol=0.10 regime=CHOP perf=neutral margin=0.00 risk=0.0019
2026-04-15 11:42:52,884 [INFO] [RiskGovernor] [RISK] strat=mean_reversion conf=0.60 vol=0.14 regime=CHOP perf=neutral margin=0.00 risk=0.0019
2026-04-15 11:42:57,775 [INFO] [RiskGovernor] [RISK] strat=mean_reversion conf=0.61 vol=0.09 regime=CHOP perf=neutral margin=0.00 risk=0.0020
2026-04-15 11:42:59,064 [INFO] [RiskGovernor] [RISK] strat=mean_reversion conf=0.60 vol=0.12 regime=CHOP perf=neutral margin=0.00 risk=0.0019
2026-04-15 11:43:00,362 [INFO] [RiskGovernor] [RISK] strat=mean_reversion conf=0.60 vol=0.14 regime=CHOP perf=neutral margin=0.00 risk=0.0019
2026-04-15 11:43:06,522 [INFO] [RiskGovernor] [RISK] strat=mean_reversion conf=0.60 vol=0.12 regime=CHOP perf=neutral margin=0.00 risk=0.0019
2026-04-15 11:43:11,388 [INFO] [RiskGovernor] [RISK] strat=mean_reversion conf=0.64 vol=0.08 regime=CHOP perf=neutral margin=0.00 risk=0.0021
2026-04-15 11:43:19,918 [INFO] [RiskGovernor] [RISK] strat=mean_reversion conf=0.60 vol=0.10 regime=CHOP perf=neutral margin=0.00 risk=0.0019
2026-04-15 11:43:23,649 [INFO] [RiskGovernor] [RISK] strat=mean_reversion conf=0.60 vol=0.13 regime=CHOP perf=neutral margin=0.00 risk=0.0019
2026-04-15 11:43:26,235 [INFO] [RiskGovernor] [RISK] strat=mean_reversion conf=0.63 vol=0.08 regime=CHOP perf=neutral margin=0.00 risk=0.0020
2026-04-15 11:43:27,527 [INFO] [RiskGovernor] [RISK] strat=mean_reversion conf=0.60 vol=0.11 regime=CHOP perf=neutral margin=0.00 risk=0.0019
2026-04-15 11:43:28,839 [INFO] [RiskGovernor] [RISK] strat=mean_reversion conf=0.63 vol=0.09 regime=CHOP perf=neutral margin=0.00 risk=0.0020
2026-04-15 11:43:31,870 [INFO] [RiskGovernor] [RISK] strat=mean_reversion conf=0.60 vol=0.14 regime=CHOP perf=neutral margin=0.00 risk=0.0019
2026-04-15 11:43:57,486 [INFO] [KnowledgeGraph] KnowledgeGraph initialized (runtime-safe).
2026-04-15 11:43:57,486 [INFO] [LearningEngine] KnowledgeGraph loaded.
2026-04-15 11:43:57,514 [INFO] [MemoryManager] MemoryManager initialized (runtime-safe).
2026-04-15 11:43:57,515 [INFO] [LearningEngine] MemoryManager loaded.
2026-04-15 11:43:57,627 [INFO] [LearningEngine] LearningEngine ready. ai_state_dir=C:\Users\dennis\Power_Trading_System\external_memory\ai_state read_only=True
2026-04-15 11:44:05,884 [INFO] [RiskGovernor] [RISK] strat=mean_reversion conf=0.60 vol=0.12 regime=CHOP perf=neutral margin=0.00 risk=0.0019
2026-04-15 11:44:14,426 [INFO] [RiskGovernor] [RISK] strat=mean_reversion conf=0.62 vol=0.09 regime=CHOP perf=neutral margin=0.00 risk=0.0020
2026-04-15 11:44:16,813 [INFO] [RiskGovernor] [RISK] strat=mean_reversion conf=0.60 vol=0.15 regime=CHOP perf=neutral margin=0.00 risk=0.0019
2026-04-15 11:44:22,914 [INFO] [RiskGovernor] [RISK] strat=mean_reversion conf=0.60 vol=0.15 regime=CHOP perf=neutral margin=0.00 risk=0.0019
2026-04-15 11:44:25,463 [INFO] [RegimeClassifier] [REGIME] UNKNOWN → CHOP
2026-04-15 11:44:27,851 [INFO] [RiskGovernor] [RISK] strat=mean_reversion conf=0.60 vol=0.10 regime=CHOP perf=neutral margin=0.00 risk=0.0019
2026-04-15 11:44:33,910 [INFO] [RiskGovernor] [RISK] strat=mean_reversion conf=0.60 vol=0.14 regime=CHOP perf=neutral margin=0.00 risk=0.0019
2026-04-15 11:44:38,858 [INFO] [RiskGovernor] [RISK] strat=mean_reversion conf=0.60 vol=0.14 regime=CHOP perf=neutral margin=0.00 risk=0.0019
2026-04-15 11:44:42,575 [INFO] [RiskGovernor] [RISK] strat=mean_reversion conf=0.60 vol=0.15 regime=CHOP perf=neutral margin=0.00 risk=0.0019
2026-04-15 11:44:46,448 [INFO] [RiskGovernor] [RISK] strat=mean_reversion conf=0.60 vol=0.11 regime=CHOP perf=neutral margin=0.00 risk=0.0019
2026-04-15 11:44:57,316 [INFO] [RiskGovernor] [RISK] strat=mean_reversion conf=0.61 vol=0.09 regime=CHOP perf=neutral margin=0.00 risk=0.0020
2026-04-15 11:45:02,127 [INFO] [RiskGovernor] [RISK] strat=mean_reversion conf=0.61 vol=0.09 regime=CHOP perf=neutral margin=0.00 risk=0.0020
2026-04-15 11:45:05,978 [INFO] [RiskGovernor] [RISK] strat=mean_reversion conf=0.60 vol=0.11 regime=CHOP perf=neutral margin=0.00 risk=0.0019
2026-04-15 11:45:12,088 [INFO] [RiskGovernor] [RISK] strat=mean_reversion conf=0.60 vol=0.14 regime=CHOP perf=neutral margin=0.00 risk=0.0019
2026-04-15 11:45:15,778 [INFO] [RiskGovernor] [RISK] strat=mean_reversion conf=0.60 vol=0.12 regime=CHOP perf=neutral margin=0.00 risk=0.0019
2026-04-15 11:45:18,189 [INFO] [RiskGovernor] [RISK] strat=mean_reversion conf=0.60 vol=0.12 regime=CHOP perf=neutral margin=0.00 risk=0.0019
2026-04-15 11:45:23,124 [INFO] [RiskGovernor] [RISK] strat=mean_reversion conf=0.60 vol=0.14 regime=CHOP perf=neutral margin=0.00 risk=0.0019
2026-04-15 11:45:41,073 [INFO] [RiskGovernor] [RISK] strat=mean_reversion conf=0.60 vol=0.10 regime=CHOP perf=neutral margin=0.00 risk=0.0019
2026-04-15 11:45:56,847 [INFO] [RiskGovernor] [RISK] strat=mean_reversion conf=0.60 vol=0.14 regime=CHOP perf=neutral margin=0.00 risk=0.0019
2026-04-15 11:45:58,050 [INFO] [RiskGovernor] [RISK] strat=mean_reversion conf=0.60 vol=0.13 regime=CHOP perf=neutral margin=0.00 risk=0.0019
2026-04-15 11:46:04,134 [INFO] [RiskGovernor] [RISK] strat=mean_reversion conf=0.61 vol=0.10 regime=CHOP perf=neutral margin=0.00 risk=0.0020
2026-04-15 11:46:07,774 [INFO] [RiskGovernor] [RISK] strat=mean_reversion conf=0.60 vol=0.14 regime=CHOP perf=neutral margin=0.00 risk=0.0019
2026-04-15 11:46:25,810 [INFO] [RiskGovernor] [RISK] strat=mean_reversion conf=0.60 vol=0.14 regime=CHOP perf=neutral margin=0.00 risk=0.0019
2026-04-15 11:46:30,629 [INFO] [RiskGovernor] [RISK] strat=mean_reversion conf=0.60 vol=0.11 regime=CHOP perf=neutral margin=0.00 risk=0.0019
2026-04-15 11:46:34,277 [INFO] [RiskGovernor] [RISK] strat=mean_reversion conf=0.60 vol=0.14 regime=CHOP perf=neutral margin=0.00 risk=0.0019
2026-04-15 11:46:41,581 [INFO] [RiskGovernor] [RISK] strat=mean_reversion conf=0.61 vol=0.10 regime=CHOP perf=neutral margin=0.00 risk=0.0020
2026-04-15 11:46:51,276 [INFO] [RiskGovernor] [RISK] strat=mean_reversion conf=0.62 vol=0.09 regime=CHOP perf=neutral margin=0.00 risk=0.0020
2026-04-15 11:47:05,689 [INFO] [RiskGovernor] [RISK] strat=mean_reversion conf=0.60 vol=0.12 regime=CHOP perf=neutral margin=0.00 risk=0.0019
2026-04-15 11:47:36,983 [INFO] [RiskGovernor] [RISK] strat=mean_reversion conf=0.60 vol=0.12 regime=CHOP perf=neutral margin=0.00 risk=0.0019
2026-04-15 11:47:44,157 [INFO] [RiskGovernor] [RISK] strat=mean_reversion conf=0.60 vol=0.12 regime=CHOP perf=neutral margin=0.00 risk=0.0019
2026-04-15 11:47:50,227 [INFO] [RiskGovernor] [RISK] strat=mean_reversion conf=0.62 vol=0.09 regime=CHOP perf=neutral margin=0.00 risk=0.0020
2026-04-15 11:47:52,627 [INFO] [RiskGovernor] [RISK] strat=mean_reversion conf=0.60 vol=0.14 regime=CHOP perf=neutral margin=0.00 risk=0.0019
2026-04-15 11:48:02,959 [INFO] [KnowledgeGraph] KnowledgeGraph initialized (runtime-safe).
2026-04-15 11:48:02,962 [INFO] [LearningEngine] KnowledgeGraph loaded.
2026-04-15 11:48:02,969 [INFO] [MemoryManager] MemoryManager initialized (runtime-safe).
2026-04-15 11:48:02,970 [INFO] [LearningEngine] MemoryManager loaded.
2026-04-15 11:48:03,059 [INFO] [LearningEngine] LearningEngine ready. ai_state_dir=C:\Users\dennis\Power_Trading_System\external_memory\ai_state read_only=True
2026-04-15 11:48:06,809 [INFO] [RiskGovernor] [RISK] strat=mean_reversion conf=0.61 vol=0.10 regime=CHOP perf=neutral margin=0.00 risk=0.0020
2026-04-15 11:48:15,304 [INFO] [RiskGovernor] [RISK] strat=mean_reversion conf=0.60 vol=0.13 regime=CHOP perf=neutral margin=0.00 risk=0.0019
2026-04-15 11:48:30,995 [INFO] [RegimeClassifier] [REGIME] UNKNOWN → CHOP
2026-04-15 11:54:41,047 [INFO] [KnowledgeGraph] KnowledgeGraph initialized (runtime-safe).
2026-04-15 11:54:41,047 [INFO] [LearningEngine] KnowledgeGraph loaded.
2026-04-15 11:54:41,055 [INFO] [MemoryManager] MemoryManager initialized (runtime-safe).
2026-04-15 11:54:41,062 [INFO] [LearningEngine] MemoryManager loaded.
2026-04-15 11:54:41,172 [INFO] [LearningEngine] LearningEngine ready. ai_state_dir=C:\Users\dennis\Power_Trading_System\external_memory\ai_state read_only=True
2026-04-15 11:54:43,528 [INFO] [RiskGovernor] [RISK] strat=mean_reversion conf=0.60 vol=0.12 regime=CHOP perf=neutral margin=0.00 risk=0.0019
2026-04-15 11:55:08,978 [INFO] [RegimeClassifier] [REGIME] UNKNOWN → CHOP
2026-04-15 12:13:00,010 [INFO] [KnowledgeGraph] KnowledgeGraph initialized (runtime-safe).
2026-04-15 12:13:00,012 [INFO] [LearningEngine] KnowledgeGraph loaded.
2026-04-15 12:13:00,079 [INFO] [MemoryManager] MemoryManager initialized (runtime-safe).
2026-04-15 12:13:00,129 [INFO] [LearningEngine] MemoryManager loaded.
2026-04-15 12:13:00,273 [INFO] [LearningEngine] LearningEngine ready. ai_state_dir=C:\Users\dennis\Power_Trading_System\external_memory\ai_state read_only=True
2026-04-15 12:13:04,373 [INFO] [RiskGovernor] [RISK] strat=mean_reversion conf=0.60 vol=0.11 regime=CHOP perf=neutral margin=0.00 risk=0.0019
2026-04-15 12:13:10,440 [INFO] [RiskGovernor] [RISK] strat=mean_reversion conf=0.60 vol=0.11 regime=CHOP perf=neutral margin=0.00 risk=0.0019
2026-04-15 12:13:21,317 [INFO] [RiskGovernor] [RISK] strat=mean_reversion conf=0.60 vol=0.13 regime=CHOP perf=neutral margin=0.00 risk=0.0019
2026-04-15 12:13:22,624 [INFO] [RiskGovernor] [RISK] strat=mean_reversion conf=0.60 vol=0.10 regime=CHOP perf=neutral margin=0.00 risk=0.0019
2026-04-15 12:13:29,959 [INFO] [RegimeClassifier] [REGIME] UNKNOWN → CHOP
2026-04-15 12:13:29,962 [INFO] [RiskGovernor] [RISK] strat=mean_reversion conf=0.60 vol=0.11 regime=CHOP perf=neutral margin=0.00 risk=0.0019
2026-04-15 12:13:43,336 [INFO] [RiskGovernor] [RISK] strat=mean_reversion conf=0.61 vol=0.09 regime=CHOP perf=neutral margin=0.00 risk=0.0020
2026-04-15 12:13:55,569 [INFO] [RiskGovernor] [RISK] strat=mean_reversion conf=0.63 vol=0.09 regime=CHOP perf=neutral margin=0.00 risk=0.0020
2026-04-15 12:14:01,653 [INFO] [RiskGovernor] [RISK] strat=mean_reversion conf=0.62 vol=0.09 regime=CHOP perf=neutral margin=0.00 risk=0.0020
2026-04-15 12:14:15,128 [INFO] [RiskGovernor] [RISK] strat=mean_reversion conf=0.60 vol=0.11 regime=CHOP perf=neutral margin=0.00 risk=0.0019
2026-04-15 12:14:33,323 [INFO] [RiskGovernor] [RISK] strat=mean_reversion conf=0.60 vol=0.12 regime=CHOP perf=neutral margin=0.00 risk=0.0019
2026-04-15 12:14:36,994 [INFO] [RiskGovernor] [RISK] strat=mean_reversion conf=0.60 vol=0.12 regime=CHOP perf=neutral margin=0.00 risk=0.0019
2026-04-15 12:14:56,423 [INFO] [RiskGovernor] [RISK] strat=mean_reversion conf=0.60 vol=0.14 regime=CHOP perf=neutral margin=0.00 risk=0.0019
2026-04-15 12:14:57,708 [INFO] [RiskGovernor] [RISK] strat=mean_reversion conf=0.64 vol=0.08 regime=CHOP perf=neutral margin=0.00 risk=0.0021
2026-04-15 12:15:05,033 [INFO] [RiskGovernor] [RISK] strat=mean_reversion conf=0.60 vol=0.13 regime=CHOP perf=neutral margin=0.00 risk=0.0019
2026-04-15 12:15:06,319 [INFO] [RiskGovernor] [RISK] strat=mean_reversion conf=0.60 vol=0.12 regime=CHOP perf=neutral margin=0.00 risk=0.0019
2026-04-15 12:15:18,497 [INFO] [RiskGovernor] [RISK] strat=mean_reversion conf=0.62 vol=0.09 regime=CHOP perf=neutral margin=0.00 risk=0.0020
2026-04-15 12:15:20,967 [INFO] [RiskGovernor] [RISK] strat=mean_reversion conf=0.60 vol=0.14 regime=CHOP perf=neutral margin=0.00 risk=0.0019
2026-04-15 12:15:34,450 [INFO] [RiskGovernor] [RISK] strat=mean_reversion conf=0.60 vol=0.11 regime=CHOP perf=neutral margin=0.00 risk=0.0019
2026-04-15 12:15:45,446 [INFO] [RiskGovernor] [RISK] strat=mean_reversion conf=0.60 vol=0.10 regime=CHOP perf=neutral margin=0.00 risk=0.0019
2026-04-15 12:15:52,711 [INFO] [RiskGovernor] [RISK] strat=mean_reversion conf=0.60 vol=0.12 regime=CHOP perf=neutral margin=0.00 risk=0.0019
2026-04-15 12:16:09,715 [INFO] [RiskGovernor] [RISK] strat=mean_reversion conf=0.61 vol=0.09 regime=CHOP perf=neutral margin=0.00 risk=0.0020
2026-04-15 12:16:24,271 [INFO] [RiskGovernor] [RISK] strat=mean_reversion conf=0.60 vol=0.13 regime=CHOP perf=neutral margin=0.00 risk=0.0019
2026-04-15 12:16:35,277 [INFO] [RiskGovernor] [RISK] strat=mean_reversion conf=0.60 vol=0.14 regime=CHOP perf=neutral margin=0.00 risk=0.0019
2026-04-15 12:16:41,411 [INFO] [RiskGovernor] [RISK] strat=mean_reversion conf=0.62 vol=0.09 regime=CHOP perf=neutral margin=0.00 risk=0.0020
2026-04-15 12:16:56,045 [INFO] [RiskGovernor] [RISK] strat=mean_reversion conf=0.62 vol=0.09 regime=CHOP perf=neutral margin=0.00 risk=0.0020
2026-04-15 12:17:09,808 [INFO] [RiskGovernor] [RISK] strat=mean_reversion conf=0.64 vol=0.08 regime=CHOP perf=neutral margin=0.00 risk=0.0021
2026-04-15 12:17:21,892 [INFO] [RiskGovernor] [RISK] strat=mean_reversion conf=0.64 vol=0.08 regime=CHOP perf=neutral margin=0.00 risk=0.0021
2026-04-15 12:17:24,454 [INFO] [RiskGovernor] [RISK] strat=mean_reversion conf=0.60 vol=0.15 regime=CHOP perf=neutral margin=0.00 risk=0.0019
2026-04-15 12:17:41,364 [INFO] [RiskGovernor] [RISK] strat=mean_reversion conf=0.62 vol=0.09 regime=CHOP perf=neutral margin=0.00 risk=0.0020
2026-04-15 12:17:45,044 [INFO] [RiskGovernor] [RISK] strat=mean_reversion conf=0.60 vol=0.14 regime=CHOP perf=neutral margin=0.00 risk=0.0019
2026-04-15 12:17:53,759 [INFO] [RiskGovernor] [RISK] strat=mean_reversion conf=0.60 vol=0.11 regime=CHOP perf=neutral margin=0.00 risk=0.0019
2026-04-15 12:17:55,064 [INFO] [RiskGovernor] [RISK] strat=mean_reversion conf=0.60 vol=0.14 regime=CHOP perf=neutral margin=0.00 risk=0.0019
2026-04-15 12:18:13,148 [INFO] [RiskGovernor] [RISK] strat=mean_reversion conf=0.62 vol=0.09 regime=CHOP perf=neutral margin=0.00 risk=0.0020
2026-04-15 12:18:25,279 [INFO] [RiskGovernor] [RISK] strat=mean_reversion conf=0.60 vol=0.13 regime=CHOP perf=neutral margin=0.00 risk=0.0019
2026-04-15 12:18:36,187 [INFO] [RiskGovernor] [RISK] strat=mean_reversion conf=0.60 vol=0.13 regime=CHOP perf=neutral margin=0.00 risk=0.0019
2026-04-15 12:18:49,577 [INFO] [RiskGovernor] [RISK] strat=mean_reversion conf=0.60 vol=0.15 regime=CHOP perf=neutral margin=0.00 risk=0.0019
2026-04-15 12:18:53,237 [INFO] [RiskGovernor] [RISK] strat=mean_reversion conf=0.60 vol=0.11 regime=CHOP perf=neutral margin=0.00 risk=0.0019
2026-04-15 12:18:54,514 [INFO] [RiskGovernor] [RISK] strat=mean_reversion conf=0.60 vol=0.10 regime=CHOP perf=neutral margin=0.00 risk=0.0019
2026-04-15 12:19:09,122 [INFO] [RiskGovernor] [RISK] strat=mean_reversion conf=0.60 vol=0.14 regime=CHOP perf=neutral margin=0.00 risk=0.0019
2026-04-15 12:19:26,057 [INFO] [RiskGovernor] [RISK] strat=mean_reversion conf=0.60 vol=0.15 regime=CHOP perf=neutral margin=0.00 risk=0.0019
2026-04-15 12:19:33,312 [INFO] [RiskGovernor] [RISK] strat=mean_reversion conf=0.60 vol=0.11 regime=CHOP perf=neutral margin=0.00 risk=0.0019
2026-04-15 12:19:37,004 [INFO] [RiskGovernor] [RISK] strat=mean_reversion conf=0.60 vol=0.14 regime=CHOP perf=neutral margin=0.00 risk=0.0019
2026-04-15 12:19:39,487 [INFO] [RiskGovernor] [RISK] strat=mean_reversion conf=0.60 vol=0.14 regime=CHOP perf=neutral margin=0.00 risk=0.0019
2026-04-15 12:19:42,003 [INFO] [RiskGovernor] [RISK] strat=mean_reversion conf=0.60 vol=0.13 regime=CHOP perf=neutral margin=0.00 risk=0.0019
2026-04-15 12:19:53,082 [INFO] [RiskGovernor] [RISK] strat=mean_reversion conf=0.60 vol=0.12 regime=CHOP perf=neutral margin=0.00 risk=0.0019
2026-04-15 12:20:13,880 [INFO] [RiskGovernor] [RISK] strat=mean_reversion conf=0.61 vol=0.10 regime=CHOP perf=neutral margin=0.00 risk=0.0020
2026-04-15 12:20:29,653 [INFO] [RiskGovernor] [RISK] strat=mean_reversion conf=0.60 vol=0.13 regime=CHOP perf=neutral margin=0.00 risk=0.0019
2026-04-15 12:20:40,620 [INFO] [RiskGovernor] [RISK] strat=mean_reversion conf=0.60 vol=0.13 regime=CHOP perf=neutral margin=0.00 risk=0.0019
2026-04-15 12:20:52,831 [INFO] [RiskGovernor] [RISK] strat=mean_reversion conf=0.60 vol=0.10 regime=CHOP perf=neutral margin=0.00 risk=0.0019
2026-04-15 12:21:05,088 [INFO] [RiskGovernor] [RISK] strat=mean_reversion conf=0.60 vol=0.13 regime=CHOP perf=neutral margin=0.00 risk=0.0019
2026-04-15 12:21:08,815 [INFO] [RiskGovernor] [RISK] strat=mean_reversion conf=0.60 vol=0.14 regime=CHOP perf=neutral margin=0.00 risk=0.0019
2026-04-15 12:21:20,926 [INFO] [RiskGovernor] [RISK] strat=mean_reversion conf=0.60 vol=0.15 regime=CHOP perf=neutral margin=0.00 risk=0.0019
2026-04-15 12:21:22,206 [INFO] [RiskGovernor] [RISK] strat=mean_reversion conf=0.60 vol=0.14 regime=CHOP perf=neutral margin=0.00 risk=0.0019
2026-04-15 12:21:23,506 [INFO] [RiskGovernor] [RISK] strat=mean_reversion conf=0.60 vol=0.13 regime=CHOP perf=neutral margin=0.00 risk=0.0019
2026-04-15 12:21:28,410 [INFO] [RiskGovernor] [RISK] strat=mean_reversion conf=0.60 vol=0.13 regime=CHOP perf=neutral margin=0.00 risk=0.0019
2026-04-15 12:21:30,944 [INFO] [RiskGovernor] [RISK] strat=mean_reversion conf=0.60 vol=0.14 regime=CHOP perf=neutral margin=0.00 risk=0.0019
2026-04-15 12:21:36,992 [INFO] [RiskGovernor] [RISK] strat=mean_reversion conf=0.60 vol=0.11 regime=CHOP perf=neutral margin=0.00 risk=0.0019
2026-04-15 12:22:05,968 [INFO] [RiskGovernor] [RISK] strat=mean_reversion conf=0.61 vol=0.10 regime=CHOP perf=neutral margin=0.00 risk=0.0020
2026-04-15 12:22:15,603 [INFO] [RiskGovernor] [RISK] strat=mean_reversion conf=0.60 vol=0.12 regime=CHOP perf=neutral margin=0.00 risk=0.0019
2026-04-15 12:22:27,937 [INFO] [RiskGovernor] [RISK] strat=mean_reversion conf=0.60 vol=0.14 regime=CHOP perf=neutral margin=0.00 risk=0.0019
2026-04-15 12:22:32,823 [INFO] [RiskGovernor] [RISK] strat=mean_reversion conf=0.60 vol=0.14 regime=CHOP perf=neutral margin=0.00 risk=0.0019
2026-04-15 12:22:43,815 [INFO] [RiskGovernor] [RISK] strat=mean_reversion conf=0.60 vol=0.14 regime=CHOP perf=neutral margin=0.00 risk=0.0019
2026-04-15 12:22:58,432 [INFO] [RiskGovernor] [RISK] strat=mean_reversion conf=0.60 vol=0.11 regime=CHOP perf=neutral margin=0.00 risk=0.0019
2026-04-15 12:23:10,612 [INFO] [RiskGovernor] [RISK] strat=mean_reversion conf=0.61 vol=0.09 regime=CHOP perf=neutral margin=0.00 risk=0.0020
2026-04-15 12:23:25,151 [INFO] [RiskGovernor] [RISK] strat=mean_reversion conf=0.60 vol=0.11 regime=CHOP perf=neutral margin=0.00 risk=0.0019
2026-04-15 12:23:39,722 [INFO] [RiskGovernor] [RISK] strat=mean_reversion conf=0.60 vol=0.12 regime=CHOP perf=neutral margin=0.00 risk=0.0019
2026-04-15 12:23:53,038 [INFO] [RiskGovernor] [RISK] strat=mean_reversion conf=0.60 vol=0.10 regime=CHOP perf=neutral margin=0.00 risk=0.0019
2026-04-15 12:23:56,731 [INFO] [RiskGovernor] [RISK] strat=mean_reversion conf=0.64 vol=0.08 regime=CHOP perf=neutral margin=0.00 risk=0.0021
2026-04-15 12:24:00,384 [INFO] [RiskGovernor] [RISK] strat=mean_reversion conf=0.62 vol=0.09 regime=CHOP perf=neutral margin=0.00 risk=0.0020
2026-04-15 12:24:14,908 [INFO] [RiskGovernor] [RISK] strat=mean_reversion conf=0.60 vol=0.10 regime=CHOP perf=neutral margin=0.00 risk=0.0019
2026-04-15 12:24:16,214 [INFO] [RiskGovernor] [RISK] strat=mean_reversion conf=0.64 vol=0.08 regime=CHOP perf=neutral margin=0.00 risk=0.0021
2026-04-15 12:24:30,717 [INFO] [RiskGovernor] [RISK] strat=mean_reversion conf=0.61 vol=0.09 regime=CHOP perf=neutral margin=0.00 risk=0.0020
2026-04-15 12:24:42,907 [INFO] [RiskGovernor] [RISK] strat=mean_reversion conf=0.60 vol=0.12 regime=CHOP perf=neutral margin=0.00 risk=0.0019
2026-04-15 12:24:44,186 [INFO] [RiskGovernor] [RISK] strat=mean_reversion conf=0.60 vol=0.14 regime=CHOP perf=neutral margin=0.00 risk=0.0019
2026-04-15 12:25:07,068 [INFO] [RiskGovernor] [RISK] strat=mean_reversion conf=0.62 vol=0.09 regime=CHOP perf=neutral margin=0.00 risk=0.0020
2026-04-15 12:25:10,751 [INFO] [RiskGovernor] [RISK] strat=mean_reversion conf=0.60 vol=0.12 regime=CHOP perf=neutral margin=0.00 risk=0.0019
2026-04-15 12:25:19,203 [INFO] [RiskGovernor] [RISK] strat=mean_reversion conf=0.60 vol=0.14 regime=CHOP perf=neutral margin=0.00 risk=0.0019
2026-04-15 12:25:32,584 [INFO] [RiskGovernor] [RISK] strat=mean_reversion conf=0.60 vol=0.13 regime=CHOP perf=neutral margin=0.00 risk=0.0019
2026-04-15 12:25:46,033 [INFO] [RiskGovernor] [RISK] strat=mean_reversion conf=0.64 vol=0.08 regime=CHOP perf=neutral margin=0.00 risk=0.0021
2026-04-15 12:25:56,976 [INFO] [RiskGovernor] [RISK] strat=mean_reversion conf=0.60 vol=0.11 regime=CHOP perf=neutral margin=0.00 risk=0.0019
2026-04-15 12:25:59,448 [INFO] [RiskGovernor] [RISK] strat=mean_reversion conf=0.60 vol=0.12 regime=CHOP perf=neutral margin=0.00 risk=0.0019
2026-04-15 12:26:01,959 [INFO] [RiskGovernor] [RISK] strat=mean_reversion conf=0.60 vol=0.11 regime=CHOP perf=neutral margin=0.00 risk=0.0019
2026-04-15 12:26:12,894 [INFO] [RiskGovernor] [RISK] strat=mean_reversion conf=0.60 vol=0.13 regime=CHOP perf=neutral margin=0.00 risk=0.0019
2026-04-15 12:26:26,234 [INFO] [RiskGovernor] [RISK] strat=mean_reversion conf=0.60 vol=0.12 regime=CHOP perf=neutral margin=0.00 risk=0.0019
2026-04-15 12:26:28,706 [INFO] [RiskGovernor] [RISK] strat=mean_reversion conf=0.61 vol=0.09 regime=CHOP perf=neutral margin=0.00 risk=0.0020
2026-04-15 12:26:40,814 [INFO] [RiskGovernor] [RISK] strat=mean_reversion conf=0.60 vol=0.15 regime=CHOP perf=neutral margin=0.00 risk=0.0019
2026-04-15 12:26:45,739 [INFO] [RiskGovernor] [RISK] strat=mean_reversion conf=0.60 vol=0.14 regime=CHOP perf=neutral margin=0.00 risk=0.0019
2026-04-15 12:26:53,088 [INFO] [RiskGovernor] [RISK] strat=mean_reversion conf=0.60 vol=0.14 regime=CHOP perf=neutral margin=0.00 risk=0.0019
2026-04-15 12:27:06,414 [INFO] [RiskGovernor] [RISK] strat=mean_reversion conf=0.60 vol=0.13 regime=CHOP perf=neutral margin=0.00 risk=0.0019
2026-04-15 12:27:08,924 [INFO] [RiskGovernor] [RISK] strat=mean_reversion conf=0.60 vol=0.14 regime=CHOP perf=neutral margin=0.00 risk=0.0019
2026-04-15 12:27:19,836 [INFO] [RiskGovernor] [RISK] strat=mean_reversion conf=0.60 vol=0.10 regime=CHOP perf=neutral margin=0.00 risk=0.0019
2026-04-15 12:27:35,589 [INFO] [RiskGovernor] [RISK] strat=mean_reversion conf=0.60 vol=0.14 regime=CHOP perf=neutral margin=0.00 risk=0.0019
2026-04-15 12:27:47,745 [INFO] [RiskGovernor] [RISK] strat=mean_reversion conf=0.60 vol=0.14 regime=CHOP perf=neutral margin=0.00 risk=0.0019
2026-04-15 12:27:58,690 [INFO] [RiskGovernor] [RISK] strat=mean_reversion conf=0.60 vol=0.12 regime=CHOP perf=neutral margin=0.00 risk=0.0019
2026-04-15 12:28:11,920 [INFO] [RiskGovernor] [RISK] strat=mean_reversion conf=0.60 vol=0.10 regime=CHOP perf=neutral margin=0.00 risk=0.0019
2026-04-15 12:28:22,767 [INFO] [RiskGovernor] [RISK] strat=mean_reversion conf=0.60 vol=0.15 regime=CHOP perf=neutral margin=0.00 risk=0.0019
2026-04-15 12:28:26,414 [INFO] [RiskGovernor] [RISK] strat=mean_reversion conf=0.62 vol=0.09 regime=CHOP perf=neutral margin=0.00 risk=0.0020
2026-04-15 12:28:40,913 [INFO] [RiskGovernor] [RISK] strat=mean_reversion conf=0.60 vol=0.13 regime=CHOP perf=neutral margin=0.00 risk=0.0019
2026-04-15 12:28:42,196 [INFO] [RiskGovernor] [RISK] strat=mean_reversion conf=0.60 vol=0.11 regime=CHOP perf=neutral margin=0.00 risk=0.0019
2026-04-15 12:28:48,313 [INFO] [RiskGovernor] [RISK] strat=mean_reversion conf=0.62 vol=0.09 regime=CHOP perf=neutral margin=0.00 risk=0.0020
2026-04-15 12:28:59,723 [INFO] [RiskGovernor] [RISK] strat=mean_reversion conf=0.60 vol=0.14 regime=CHOP perf=neutral margin=0.00 risk=0.0019
2026-04-15 12:29:10,552 [INFO] [RiskGovernor] [RISK] strat=mean_reversion conf=0.64 vol=0.08 regime=CHOP perf=neutral margin=0.00 risk=0.0021
2026-04-15 12:29:11,832 [INFO] [RiskGovernor] [RISK] strat=mean_reversion conf=0.60 vol=0.15 regime=CHOP perf=neutral margin=0.00 risk=0.0019
2026-04-15 12:29:22,709 [INFO] [RiskGovernor] [RISK] strat=mean_reversion conf=0.60 vol=0.13 regime=CHOP perf=neutral margin=0.00 risk=0.0019
2026-04-15 12:29:36,082 [INFO] [RiskGovernor] [RISK] strat=mean_reversion conf=0.60 vol=0.12 regime=CHOP perf=neutral margin=0.00 risk=0.0019
2026-04-15 12:29:42,170 [INFO] [RiskGovernor] [RISK] strat=mean_reversion conf=0.61 vol=0.09 regime=CHOP perf=neutral margin=0.00 risk=0.0020
2026-04-15 12:29:47,048 [INFO] [RiskGovernor] [RISK] strat=mean_reversion conf=0.60 vol=0.12 regime=CHOP perf=neutral margin=0.00 risk=0.0019
2026-04-15 12:29:49,527 [INFO] [RiskGovernor] [RISK] strat=mean_reversion conf=0.62 vol=0.09 regime=CHOP perf=neutral margin=0.00 risk=0.0020
2026-04-15 12:29:57,980 [INFO] [RiskGovernor] [RISK] strat=mean_reversion conf=0.60 vol=0.15 regime=CHOP perf=neutral margin=0.00 risk=0.0019
2026-04-15 12:30:12,524 [INFO] [RiskGovernor] [RISK] strat=mean_reversion conf=0.60 vol=0.11 regime=CHOP perf=neutral margin=0.00 risk=0.0019
2026-04-15 12:30:42,635 [INFO] [RiskGovernor] [RISK] strat=mean_reversion conf=0.60 vol=0.15 regime=CHOP perf=neutral margin=0.00 risk=0.0019
2026-04-15 12:30:43,941 [INFO] [RiskGovernor] [RISK] strat=mean_reversion conf=0.60 vol=0.11 regime=CHOP perf=neutral margin=0.00 risk=0.0019
2026-04-15 12:30:57,286 [INFO] [RiskGovernor] [RISK] strat=mean_reversion conf=0.63 vol=0.09 regime=CHOP perf=neutral margin=0.00 risk=0.0020
2026-04-15 12:31:10,682 [INFO] [RiskGovernor] [RISK] strat=mean_reversion conf=0.60 vol=0.11 regime=CHOP perf=neutral margin=0.00 risk=0.0019
2026-04-15 12:31:22,858 [INFO] [RiskGovernor] [RISK] strat=mean_reversion conf=0.63 vol=0.08 regime=CHOP perf=neutral margin=0.00 risk=0.0020
2026-04-15 12:31:24,161 [INFO] [RiskGovernor] [RISK] strat=mean_reversion conf=0.60 vol=0.12 regime=CHOP perf=neutral margin=0.00 risk=0.0019
2026-04-15 12:31:30,271 [INFO] [RiskGovernor] [RISK] strat=mean_reversion conf=0.60 vol=0.13 regime=CHOP perf=neutral margin=0.00 risk=0.0019
2026-04-15 12:31:41,160 [INFO] [RiskGovernor] [RISK] strat=mean_reversion conf=0.60 vol=0.15 regime=CHOP perf=neutral margin=0.00 risk=0.0019
2026-04-15 12:31:52,447 [INFO] [RiskGovernor] [RISK] strat=mean_reversion conf=0.60 vol=0.13 regime=CHOP perf=neutral margin=0.00 risk=0.0019
2026-04-15 12:31:53,759 [INFO] [RiskGovernor] [RISK] strat=mean_reversion conf=0.60 vol=0.11 regime=CHOP perf=neutral margin=0.00 risk=0.0019
2026-04-15 12:31:58,762 [INFO] [RiskGovernor] [RISK] strat=mean_reversion conf=0.60 vol=0.10 regime=CHOP perf=neutral margin=0.00 risk=0.0019
2026-04-15 12:32:18,909 [INFO] [RiskGovernor] [RISK] strat=mean_reversion conf=0.60 vol=0.11 regime=CHOP perf=neutral margin=0.00 risk=0.0019
2026-04-15 12:32:27,572 [INFO] [RiskGovernor] [RISK] strat=mean_reversion conf=0.62 vol=0.09 regime=CHOP perf=neutral margin=0.00 risk=0.0020
2026-04-15 12:32:58,292 [INFO] [RiskGovernor] [RISK] strat=mean_reversion conf=0.60 vol=0.12 regime=CHOP perf=neutral margin=0.00 risk=0.0019
2026-04-15 12:33:08,139 [INFO] [RiskGovernor] [RISK] strat=mean_reversion conf=0.61 vol=0.10 regime=CHOP perf=neutral margin=0.00 risk=0.0020
2026-04-15 12:33:24,260 [INFO] [RiskGovernor] [RISK] strat=mean_reversion conf=0.60 vol=0.13 regime=CHOP perf=neutral margin=0.00 risk=0.0019
2026-04-15 12:33:48,747 [INFO] [RiskGovernor] [RISK] strat=mean_reversion conf=0.60 vol=0.13 regime=CHOP perf=neutral margin=0.00 risk=0.0019
2026-04-15 12:33:57,355 [INFO] [RiskGovernor] [RISK] strat=mean_reversion conf=0.60 vol=0.10 regime=CHOP perf=neutral margin=0.00 risk=0.0019
2026-04-15 12:33:58,647 [INFO] [RiskGovernor] [RISK] strat=mean_reversion conf=0.60 vol=0.14 regime=CHOP perf=neutral margin=0.00 risk=0.0019
2026-04-15 12:34:09,765 [INFO] [RiskGovernor] [RISK] strat=mean_reversion conf=0.60 vol=0.14 regime=CHOP perf=neutral margin=0.00 risk=0.0019
2026-04-15 12:34:35,364 [INFO] [RiskGovernor] [RISK] strat=mean_reversion conf=0.63 vol=0.08 regime=CHOP perf=neutral margin=0.00 risk=0.0020
2026-04-15 12:34:36,681 [INFO] [RiskGovernor] [RISK] strat=mean_reversion conf=0.60 vol=0.13 regime=CHOP perf=neutral margin=0.00 risk=0.0019
2026-04-15 12:34:42,819 [INFO] [RiskGovernor] [RISK] strat=mean_reversion conf=0.60 vol=0.13 regime=CHOP perf=neutral margin=0.00 risk=0.0019
2026-04-15 12:34:58,939 [INFO] [RiskGovernor] [RISK] strat=mean_reversion conf=0.61 vol=0.10 regime=CHOP perf=neutral margin=0.00 risk=0.0020
2026-04-15 12:35:10,060 [INFO] [RiskGovernor] [RISK] strat=mean_reversion conf=0.60 vol=0.11 regime=CHOP perf=neutral margin=0.00 risk=0.0019
2026-04-15 12:35:24,072 [INFO] [RiskGovernor] [RISK] strat=mean_reversion conf=0.60 vol=0.12 regime=CHOP perf=neutral margin=0.00 risk=0.0019
2026-04-15 12:35:25,377 [INFO] [RiskGovernor] [RISK] strat=mean_reversion conf=0.60 vol=0.14 regime=CHOP perf=neutral margin=0.00 risk=0.0019
2026-04-15 12:35:47,952 [INFO] [RiskGovernor] [RISK] strat=mean_reversion conf=0.64 vol=0.08 regime=CHOP perf=neutral margin=0.00 risk=0.0021
2026-04-15 12:35:57,964 [INFO] [RiskGovernor] [RISK] strat=mean_reversion conf=0.60 vol=0.13 regime=CHOP perf=neutral margin=0.00 risk=0.0019
2026-04-15 12:36:11,606 [INFO] [RiskGovernor] [RISK] strat=mean_reversion conf=0.60 vol=0.15 regime=CHOP perf=neutral margin=0.00 risk=0.0019
2026-04-15 12:36:16,855 [INFO] [RiskGovernor] [RISK] strat=mean_reversion conf=0.62 vol=0.09 regime=CHOP perf=neutral margin=0.00 risk=0.0020
2026-04-15 12:36:26,958 [INFO] [RiskGovernor] [RISK] strat=mean_reversion conf=0.60 vol=0.11 regime=CHOP perf=neutral margin=0.00 risk=0.0019
2026-04-15 12:36:30,774 [INFO] [RiskGovernor] [RISK] strat=mean_reversion conf=0.61 vol=0.09 regime=CHOP perf=neutral margin=0.00 risk=0.0020
2026-04-15 12:36:43,225 [INFO] [RiskGovernor] [RISK] strat=mean_reversion conf=0.60 vol=0.10 regime=CHOP perf=neutral margin=0.00 risk=0.0019
2026-04-15 12:36:54,514 [INFO] [RiskGovernor] [RISK] strat=mean_reversion conf=0.60 vol=0.12 regime=CHOP perf=neutral margin=0.00 risk=0.0019
2026-04-15 12:37:05,934 [INFO] [RiskGovernor] [RISK] strat=mean_reversion conf=0.64 vol=0.08 regime=CHOP perf=neutral margin=0.00 risk=0.0021
2026-04-15 12:37:08,484 [INFO] [RiskGovernor] [RISK] strat=mean_reversion conf=0.61 vol=0.09 regime=CHOP perf=neutral margin=0.00 risk=0.0020
2026-04-15 12:37:24,641 [INFO] [RiskGovernor] [RISK] strat=mean_reversion conf=0.60 vol=0.13 regime=CHOP perf=neutral margin=0.00 risk=0.0019
2026-04-15 12:37:37,102 [INFO] [RiskGovernor] [RISK] strat=mean_reversion conf=0.60 vol=0.12 regime=CHOP perf=neutral margin=0.00 risk=0.0019
2026-04-15 12:37:39,760 [INFO] [RiskGovernor] [RISK] strat=mean_reversion conf=0.60 vol=0.13 regime=CHOP perf=neutral margin=0.00 risk=0.0019
2026-04-15 12:37:58,373 [INFO] [RiskGovernor] [RISK] strat=mean_reversion conf=0.60 vol=0.12 regime=CHOP perf=neutral margin=0.00 risk=0.0019
2026-04-15 12:38:12,036 [INFO] [RiskGovernor] [RISK] strat=mean_reversion conf=0.60 vol=0.13 regime=CHOP perf=neutral margin=0.00 risk=0.0019
2026-04-15 12:38:23,186 [INFO] [RiskGovernor] [RISK] strat=mean_reversion conf=0.60 vol=0.12 regime=CHOP perf=neutral margin=0.00 risk=0.0019
2026-04-15 12:38:43,173 [INFO] [RiskGovernor] [RISK] strat=mean_reversion conf=0.60 vol=0.11 regime=CHOP perf=neutral margin=0.00 risk=0.0019
2026-04-15 12:38:46,893 [INFO] [RiskGovernor] [RISK] strat=mean_reversion conf=0.61 vol=0.09 regime=CHOP perf=neutral margin=0.00 risk=0.0020
2026-04-15 12:38:49,456 [INFO] [RiskGovernor] [RISK] strat=mean_reversion conf=0.62 vol=0.09 regime=CHOP perf=neutral margin=0.00 risk=0.0020
2026-04-15 12:38:58,168 [INFO] [RiskGovernor] [RISK] strat=mean_reversion conf=0.64 vol=0.08 regime=CHOP perf=neutral margin=0.00 risk=0.0021
2026-04-15 12:39:09,483 [INFO] [RiskGovernor] [RISK] strat=mean_reversion conf=0.62 vol=0.09 regime=CHOP perf=neutral margin=0.00 risk=0.0020
2026-04-15 12:39:19,266 [INFO] [RiskGovernor] [RISK] strat=mean_reversion conf=0.60 vol=0.12 regime=CHOP perf=neutral margin=0.00 risk=0.0019
2026-04-15 12:39:20,605 [INFO] [RiskGovernor] [RISK] strat=mean_reversion conf=0.60 vol=0.12 regime=CHOP perf=neutral margin=0.00 risk=0.0019
2026-04-15 12:39:34,135 [INFO] [RiskGovernor] [RISK] strat=mean_reversion conf=0.60 vol=0.14 regime=CHOP perf=neutral margin=0.00 risk=0.0019
2026-04-15 12:39:45,155 [INFO] [RiskGovernor] [RISK] strat=mean_reversion conf=0.60 vol=0.13 regime=CHOP perf=neutral margin=0.00 risk=0.0019
2026-04-15 12:39:50,112 [INFO] [RiskGovernor] [RISK] strat=mean_reversion conf=0.60 vol=0.11 regime=CHOP perf=neutral margin=0.00 risk=0.0019
2026-04-15 12:39:53,875 [INFO] [RiskGovernor] [RISK] strat=mean_reversion conf=0.60 vol=0.11 regime=CHOP perf=neutral margin=0.00 risk=0.0019
2026-04-15 12:40:17,375 [INFO] [RiskGovernor] [RISK] strat=mean_reversion conf=0.60 vol=0.12 regime=CHOP perf=neutral margin=0.00 risk=0.0019
2026-04-15 12:40:34,843 [INFO] [RiskGovernor] [RISK] strat=mean_reversion conf=0.60 vol=0.15 regime=CHOP perf=neutral margin=0.00 risk=0.0019
2026-04-15 12:40:44,837 [INFO] [RiskGovernor] [RISK] strat=mean_reversion conf=0.60 vol=0.14 regime=CHOP perf=neutral margin=0.00 risk=0.0019
2026-04-15 12:40:46,630 [INFO] [RiskGovernor] [RISK] strat=mean_reversion conf=0.60 vol=0.10 regime=CHOP perf=neutral margin=0.00 risk=0.0019
2026-04-15 12:41:07,794 [INFO] [RiskGovernor] [RISK] strat=mean_reversion conf=0.60 vol=0.11 regime=CHOP perf=neutral margin=0.00 risk=0.0019
2026-04-15 12:41:09,244 [INFO] [RiskGovernor] [RISK] strat=mean_reversion conf=0.62 vol=0.09 regime=CHOP perf=neutral margin=0.00 risk=0.0020
2026-04-15 12:41:19,624 [INFO] [RiskGovernor] [RISK] strat=mean_reversion conf=0.60 vol=0.14 regime=CHOP perf=neutral margin=0.00 risk=0.0019
2026-04-15 12:41:30,876 [INFO] [RiskGovernor] [RISK] strat=mean_reversion conf=0.60 vol=0.15 regime=CHOP perf=neutral margin=0.00 risk=0.0019
2026-04-15 12:41:37,056 [INFO] [RiskGovernor] [RISK] strat=mean_reversion conf=0.60 vol=0.13 regime=CHOP perf=neutral margin=0.00 risk=0.0019
2026-04-15 12:41:58,375 [INFO] [RiskGovernor] [RISK] strat=mean_reversion conf=0.60 vol=0.14 regime=CHOP perf=neutral margin=0.00 risk=0.0019
2026-04-15 12:42:02,133 [INFO] [RiskGovernor] [RISK] strat=mean_reversion conf=0.60 vol=0.10 regime=CHOP perf=neutral margin=0.00 risk=0.0019
2026-04-15 12:42:13,437 [INFO] [RiskGovernor] [RISK] strat=mean_reversion conf=0.60 vol=0.13 regime=CHOP perf=neutral margin=0.00 risk=0.0019
2026-04-15 12:42:25,929 [INFO] [RiskGovernor] [RISK] strat=mean_reversion conf=0.60 vol=0.14 regime=CHOP perf=neutral margin=0.00 risk=0.0019
2026-04-15 12:42:29,710 [INFO] [RiskGovernor] [RISK] strat=mean_reversion conf=0.60 vol=0.10 regime=CHOP perf=neutral margin=0.00 risk=0.0019
2026-04-15 12:42:31,011 [INFO] [RiskGovernor] [RISK] strat=mean_reversion conf=0.60 vol=0.12 regime=CHOP perf=neutral margin=0.00 risk=0.0019
2026-04-15 12:42:44,583 [INFO] [RiskGovernor] [RISK] strat=mean_reversion conf=0.63 vol=0.08 regime=CHOP perf=neutral margin=0.00 risk=0.0020
2026-04-15 12:42:45,947 [INFO] [RiskGovernor] [RISK] strat=mean_reversion conf=0.62 vol=0.09 regime=CHOP perf=neutral margin=0.00 risk=0.0020
2026-04-15 12:42:58,385 [INFO] [RiskGovernor] [RISK] strat=mean_reversion conf=0.60 vol=0.14 regime=CHOP perf=neutral margin=0.00 risk=0.0019
2026-04-15 12:42:59,700 [INFO] [RiskGovernor] [RISK] strat=mean_reversion conf=0.60 vol=0.15 regime=CHOP perf=neutral margin=0.00 risk=0.0019
2026-04-15 12:43:12,267 [INFO] [RiskGovernor] [RISK] strat=mean_reversion conf=0.60 vol=0.11 regime=CHOP perf=neutral margin=0.00 risk=0.0019
2026-04-15 12:43:25,599 [INFO] [RiskGovernor] [RISK] strat=mean_reversion conf=0.60 vol=0.13 regime=CHOP perf=neutral margin=0.00 risk=0.0019
2026-04-15 12:43:39,253 [INFO] [RiskGovernor] [RISK] strat=mean_reversion conf=0.63 vol=0.09 regime=CHOP perf=neutral margin=0.00 risk=0.0020
2026-04-15 12:43:41,782 [INFO] [RiskGovernor] [RISK] strat=mean_reversion conf=0.61 vol=0.10 regime=CHOP perf=neutral margin=0.00 risk=0.0020
2026-04-15 12:43:52,885 [INFO] [RiskGovernor] [RISK] strat=mean_reversion conf=0.60 vol=0.12 regime=CHOP perf=neutral margin=0.00 risk=0.0019
2026-04-15 12:44:05,305 [INFO] [RiskGovernor] [RISK] strat=mean_reversion conf=0.60 vol=0.13 regime=CHOP perf=neutral margin=0.00 risk=0.0019
2026-04-15 12:44:06,592 [INFO] [RiskGovernor] [RISK] strat=mean_reversion conf=0.60 vol=0.15 regime=CHOP perf=neutral margin=0.00 risk=0.0019
2026-04-15 12:44:20,086 [INFO] [RiskGovernor] [RISK] strat=mean_reversion conf=0.60 vol=0.12 regime=CHOP perf=neutral margin=0.00 risk=0.0019
2026-04-15 12:44:25,072 [INFO] [RiskGovernor] [RISK] strat=mean_reversion conf=0.60 vol=0.14 regime=CHOP perf=neutral margin=0.00 risk=0.0019
2026-04-15 12:44:38,531 [INFO] [RiskGovernor] [RISK] strat=mean_reversion conf=0.60 vol=0.12 regime=CHOP perf=neutral margin=0.00 risk=0.0019
2026-04-15 12:44:48,346 [INFO] [RiskGovernor] [RISK] strat=mean_reversion conf=0.60 vol=0.14 regime=CHOP perf=neutral margin=0.00 risk=0.0019
2026-04-15 12:44:49,666 [INFO] [RiskGovernor] [RISK] strat=mean_reversion conf=0.60 vol=0.14 regime=CHOP perf=neutral margin=0.00 risk=0.0019
2026-04-15 12:45:20,851 [INFO] [RiskGovernor] [RISK] strat=mean_reversion conf=0.60 vol=0.14 regime=CHOP perf=neutral margin=0.00 risk=0.0019
2026-04-15 12:45:29,422 [INFO] [RiskGovernor] [RISK] strat=mean_reversion conf=0.60 vol=0.12 regime=CHOP perf=neutral margin=0.00 risk=0.0019
2026-04-15 12:45:41,787 [INFO] [RiskGovernor] [RISK] strat=mean_reversion conf=0.60 vol=0.13 regime=CHOP perf=neutral margin=0.00 risk=0.0019
2026-04-15 12:45:45,508 [INFO] [RiskGovernor] [RISK] strat=mean_reversion conf=0.60 vol=0.14 regime=CHOP perf=neutral margin=0.00 risk=0.0019
2026-04-15 12:45:57,936 [INFO] [RiskGovernor] [RISK] strat=mean_reversion conf=0.60 vol=0.10 regime=CHOP perf=neutral margin=0.00 risk=0.0019
2026-04-15 12:46:09,259 [INFO] [RiskGovernor] [RISK] strat=mean_reversion conf=0.60 vol=0.10 regime=CHOP perf=neutral margin=0.00 risk=0.0019
2026-04-15 12:46:16,832 [INFO] [RiskGovernor] [RISK] strat=mean_reversion conf=0.60 vol=0.11 regime=CHOP perf=neutral margin=0.00 risk=0.0019
2026-04-15 12:46:31,499 [INFO] [RiskGovernor] [RISK] strat=mean_reversion conf=0.60 vol=0.12 regime=CHOP perf=neutral margin=0.00 risk=0.0019
2026-04-15 12:46:34,276 [INFO] [RiskGovernor] [RISK] strat=mean_reversion conf=0.60 vol=0.13 regime=CHOP perf=neutral margin=0.00 risk=0.0019
2026-04-15 12:46:49,084 [INFO] [RiskGovernor] [RISK] strat=mean_reversion conf=0.60 vol=0.13 regime=CHOP perf=neutral margin=0.00 risk=0.0019
2026-04-15 12:47:03,025 [INFO] [RiskGovernor] [RISK] strat=mean_reversion conf=0.60 vol=0.13 regime=CHOP perf=neutral margin=0.00 risk=0.0019
2026-04-15 12:47:08,239 [INFO] [RiskGovernor] [RISK] strat=mean_reversion conf=0.60 vol=0.14 regime=CHOP perf=neutral margin=0.00 risk=0.0019
2026-04-15 12:47:09,610 [INFO] [RiskGovernor] [RISK] strat=mean_reversion conf=0.60 vol=0.14 regime=CHOP perf=neutral margin=0.00 risk=0.0019
2026-04-15 12:47:20,968 [INFO] [RiskGovernor] [RISK] strat=mean_reversion conf=0.60 vol=0.15 regime=CHOP perf=neutral margin=0.00 risk=0.0019
2026-04-15 12:47:32,013 [INFO] [RiskGovernor] [RISK] strat=mean_reversion conf=0.60 vol=0.12 regime=CHOP perf=neutral margin=0.00 risk=0.0019
2026-04-15 12:47:36,966 [INFO] [RiskGovernor] [RISK] strat=mean_reversion conf=0.60 vol=0.14 regime=CHOP perf=neutral margin=0.00 risk=0.0019
2026-04-15 12:47:47,168 [INFO] [RiskGovernor] [RISK] strat=mean_reversion conf=0.60 vol=0.14 regime=CHOP perf=neutral margin=0.00 risk=0.0019
2026-04-15 12:47:57,251 [INFO] [RiskGovernor] [RISK] strat=mean_reversion conf=0.61 vol=0.09 regime=CHOP perf=neutral margin=0.00 risk=0.0020
2026-04-15 12:48:11,014 [INFO] [RiskGovernor] [RISK] strat=mean_reversion conf=0.63 vol=0.08 regime=CHOP perf=neutral margin=0.00 risk=0.0020
2026-04-15 12:48:24,703 [INFO] [RiskGovernor] [RISK] strat=mean_reversion conf=0.60 vol=0.15 regime=CHOP perf=neutral margin=0.00 risk=0.0019
2026-04-15 12:48:30,981 [INFO] [RiskGovernor] [RISK] strat=mean_reversion conf=0.60 vol=0.14 regime=CHOP perf=neutral margin=0.00 risk=0.0019
2026-04-15 12:48:36,090 [INFO] [RiskGovernor] [RISK] strat=mean_reversion conf=0.60 vol=0.14 regime=CHOP perf=neutral margin=0.00 risk=0.0019
2026-04-15 12:48:52,131 [INFO] [RiskGovernor] [RISK] strat=mean_reversion conf=0.62 vol=0.09 regime=CHOP perf=neutral margin=0.00 risk=0.0020
2026-04-15 12:49:05,976 [INFO] [RiskGovernor] [RISK] strat=mean_reversion conf=0.62 vol=0.09 regime=CHOP perf=neutral margin=0.00 risk=0.0020
2026-04-15 12:49:22,499 [INFO] [RiskGovernor] [RISK] strat=mean_reversion conf=0.64 vol=0.08 regime=CHOP perf=neutral margin=0.00 risk=0.0021
2026-04-15 12:49:34,789 [INFO] [RiskGovernor] [RISK] strat=mean_reversion conf=0.60 vol=0.12 regime=CHOP perf=neutral margin=0.00 risk=0.0019
2026-04-15 12:49:52,180 [INFO] [RiskGovernor] [RISK] strat=mean_reversion conf=0.60 vol=0.10 regime=CHOP perf=neutral margin=0.00 risk=0.0019
2026-04-15 12:50:10,968 [INFO] [RiskGovernor] [RISK] strat=mean_reversion conf=0.60 vol=0.11 regime=CHOP perf=neutral margin=0.00 risk=0.0019
2026-04-15 12:50:17,205 [INFO] [RiskGovernor] [RISK] strat=mean_reversion conf=0.60 vol=0.13 regime=CHOP perf=neutral margin=0.00 risk=0.0019
2026-04-15 12:50:24,696 [INFO] [RiskGovernor] [RISK] strat=mean_reversion conf=0.60 vol=0.14 regime=CHOP perf=neutral margin=0.00 risk=0.0019
2026-04-15 12:50:34,881 [INFO] [RiskGovernor] [RISK] strat=mean_reversion conf=0.60 vol=0.11 regime=CHOP perf=neutral margin=0.00 risk=0.0019
2026-04-15 12:50:48,702 [INFO] [RiskGovernor] [RISK] strat=mean_reversion conf=0.60 vol=0.12 regime=CHOP perf=neutral margin=0.00 risk=0.0019
2026-04-15 12:50:59,597 [INFO] [RiskGovernor] [RISK] strat=mean_reversion conf=0.62 vol=0.09 regime=CHOP perf=neutral margin=0.00 risk=0.0020
2026-04-15 12:51:17,763 [INFO] [RiskGovernor] [RISK] strat=mean_reversion conf=0.60 vol=0.13 regime=CHOP perf=neutral margin=0.00 risk=0.0019
2026-04-15 12:51:25,062 [INFO] [RiskGovernor] [RISK] strat=mean_reversion conf=0.60 vol=0.14 regime=CHOP perf=neutral margin=0.00 risk=0.0019
2026-04-15 12:51:26,339 [INFO] [RiskGovernor] [RISK] strat=mean_reversion conf=0.60 vol=0.10 regime=CHOP perf=neutral margin=0.00 risk=0.0019
2026-04-15 12:51:46,836 [INFO] [RiskGovernor] [RISK] strat=mean_reversion conf=0.60 vol=0.14 regime=CHOP perf=neutral margin=0.00 risk=0.0019
2026-04-15 12:51:57,851 [INFO] [RiskGovernor] [RISK] strat=mean_reversion conf=0.60 vol=0.10 regime=CHOP perf=neutral margin=0.00 risk=0.0019
2026-04-15 12:52:11,202 [INFO] [RiskGovernor] [RISK] strat=mean_reversion conf=0.60 vol=0.10 regime=CHOP perf=neutral margin=0.00 risk=0.0019
2026-04-15 12:52:23,286 [INFO] [RiskGovernor] [RISK] strat=mean_reversion conf=0.60 vol=0.12 regime=CHOP perf=neutral margin=0.00 risk=0.0019
2026-04-15 12:52:29,357 [INFO] [RiskGovernor] [RISK] strat=mean_reversion conf=0.60 vol=0.10 regime=CHOP perf=neutral margin=0.00 risk=0.0019
2026-04-15 12:52:33,013 [INFO] [RiskGovernor] [RISK] strat=mean_reversion conf=0.60 vol=0.13 regime=CHOP perf=neutral margin=0.00 risk=0.0019
2026-04-15 12:52:52,366 [INFO] [RiskGovernor] [RISK] strat=mean_reversion conf=0.60 vol=0.13 regime=CHOP perf=neutral margin=0.00 risk=0.0019
2026-04-15 12:52:53,641 [INFO] [RiskGovernor] [RISK] strat=mean_reversion conf=0.60 vol=0.12 regime=CHOP perf=neutral margin=0.00 risk=0.0019
2026-04-15 12:53:07,051 [INFO] [RiskGovernor] [RISK] strat=mean_reversion conf=0.60 vol=0.11 regime=CHOP perf=neutral margin=0.00 risk=0.0019
2026-04-15 12:53:09,531 [INFO] [RiskGovernor] [RISK] strat=mean_reversion conf=0.60 vol=0.13 regime=CHOP perf=neutral margin=0.00 risk=0.0019
2026-04-15 12:53:12,015 [INFO] [RiskGovernor] [RISK] strat=mean_reversion conf=0.63 vol=0.09 regime=CHOP perf=neutral margin=0.00 risk=0.0020
2026-04-15 12:53:37,310 [INFO] [RiskGovernor] [RISK] strat=mean_reversion conf=0.60 vol=0.14 regime=CHOP perf=neutral margin=0.00 risk=0.0019
2026-04-15 12:53:38,598 [INFO] [RiskGovernor] [RISK] strat=mean_reversion conf=0.60 vol=0.12 regime=CHOP perf=neutral margin=0.00 risk=0.0019
2026-04-15 12:53:50,830 [INFO] [RiskGovernor] [RISK] strat=mean_reversion conf=0.60 vol=0.10 regime=CHOP perf=neutral margin=0.00 risk=0.0019
2026-04-15 12:54:03,021 [INFO] [RiskGovernor] [RISK] strat=mean_reversion conf=0.60 vol=0.13 regime=CHOP perf=neutral margin=0.00 risk=0.0019
2026-04-15 12:54:15,109 [INFO] [RiskGovernor] [RISK] strat=mean_reversion conf=0.60 vol=0.11 regime=CHOP perf=neutral margin=0.00 risk=0.0019
2026-04-15 12:54:24,765 [INFO] [RiskGovernor] [RISK] strat=mean_reversion conf=0.60 vol=0.11 regime=CHOP perf=neutral margin=0.00 risk=0.0019
2026-04-15 12:54:32,037 [INFO] [RiskGovernor] [RISK] strat=mean_reversion conf=0.62 vol=0.09 regime=CHOP perf=neutral margin=0.00 risk=0.0020
2026-04-15 12:54:45,297 [INFO] [RiskGovernor] [RISK] strat=mean_reversion conf=0.60 vol=0.11 regime=CHOP perf=neutral margin=0.00 risk=0.0019
2026-04-15 12:54:50,133 [INFO] [RiskGovernor] [RISK] strat=mean_reversion conf=0.60 vol=0.10 regime=CHOP perf=neutral margin=0.00 risk=0.0019
2026-04-15 12:55:09,445 [INFO] [RiskGovernor] [RISK] strat=mean_reversion conf=0.61 vol=0.10 regime=CHOP perf=neutral margin=0.00 risk=0.0020
2026-04-15 12:55:11,928 [INFO] [RiskGovernor] [RISK] strat=mean_reversion conf=0.60 vol=0.13 regime=CHOP perf=neutral margin=0.00 risk=0.0019
2026-04-15 12:55:13,312 [INFO] [RiskGovernor] [RISK] strat=mean_reversion conf=0.60 vol=0.11 regime=CHOP perf=neutral margin=0.00 risk=0.0019
2026-04-15 12:55:25,517 [INFO] [RiskGovernor] [RISK] strat=mean_reversion conf=0.60 vol=0.12 regime=CHOP perf=neutral margin=0.00 risk=0.0019
2026-04-15 12:55:37,652 [INFO] [RiskGovernor] [RISK] strat=mean_reversion conf=0.60 vol=0.13 regime=CHOP perf=neutral margin=0.00 risk=0.0019
2026-04-15 12:55:38,995 [INFO] [RiskGovernor] [RISK] strat=mean_reversion conf=0.60 vol=0.11 regime=CHOP perf=neutral margin=0.00 risk=0.0019
2026-04-15 12:55:49,966 [INFO] [RiskGovernor] [RISK] strat=mean_reversion conf=0.60 vol=0.14 regime=CHOP perf=neutral margin=0.00 risk=0.0019
2026-04-15 12:56:04,606 [INFO] [RiskGovernor] [RISK] strat=mean_reversion conf=0.60 vol=0.10 regime=CHOP perf=neutral margin=0.00 risk=0.0019
2026-04-15 12:56:08,310 [INFO] [RiskGovernor] [RISK] strat=mean_reversion conf=0.63 vol=0.08 regime=CHOP perf=neutral margin=0.00 risk=0.0020
2026-04-15 12:56:19,266 [INFO] [RiskGovernor] [RISK] strat=mean_reversion conf=0.60 vol=0.11 regime=CHOP perf=neutral margin=0.00 risk=0.0019
2026-04-15 12:56:22,926 [INFO] [RiskGovernor] [RISK] strat=mean_reversion conf=0.60 vol=0.11 regime=CHOP perf=neutral margin=0.00 risk=0.0019
2026-04-15 12:56:36,264 [INFO] [RiskGovernor] [RISK] strat=mean_reversion conf=0.60 vol=0.11 regime=CHOP perf=neutral margin=0.00 risk=0.0019
2026-04-15 12:56:40,007 [INFO] [RiskGovernor] [RISK] strat=mean_reversion conf=0.60 vol=0.11 regime=CHOP perf=neutral margin=0.00 risk=0.0019
2026-04-15 12:56:43,698 [INFO] [RiskGovernor] [RISK] strat=mean_reversion conf=0.60 vol=0.10 regime=CHOP perf=neutral margin=0.00 risk=0.0019
2026-04-15 12:56:46,184 [INFO] [RiskGovernor] [RISK] strat=mean_reversion conf=0.60 vol=0.14 regime=CHOP perf=neutral margin=0.00 risk=0.0019
2026-04-15 12:56:59,785 [INFO] [RiskGovernor] [RISK] strat=mean_reversion conf=0.60 vol=0.12 regime=CHOP perf=neutral margin=0.00 risk=0.0019
2026-04-15 12:57:03,506 [INFO] [RiskGovernor] [RISK] strat=mean_reversion conf=0.60 vol=0.13 regime=CHOP perf=neutral margin=0.00 risk=0.0019
2026-04-15 12:57:16,880 [INFO] [RiskGovernor] [RISK] strat=mean_reversion conf=0.60 vol=0.12 regime=CHOP perf=neutral margin=0.00 risk=0.0019
2026-04-15 12:57:29,855 [INFO] [RiskGovernor] [RISK] strat=mean_reversion conf=0.61 vol=0.09 regime=CHOP perf=neutral margin=0.00 risk=0.0020
2026-04-15 12:57:31,136 [INFO] [RiskGovernor] [RISK] strat=mean_reversion conf=0.60 vol=0.10 regime=CHOP perf=neutral margin=0.00 risk=0.0019
2026-04-15 12:57:42,095 [INFO] [RiskGovernor] [RISK] strat=mean_reversion conf=0.60 vol=0.14 regime=CHOP perf=neutral margin=0.00 risk=0.0019
2026-04-15 12:57:53,073 [INFO] [RiskGovernor] [RISK] strat=mean_reversion conf=0.60 vol=0.12 regime=CHOP perf=neutral margin=0.00 risk=0.0019
2026-04-15 12:58:06,466 [INFO] [RiskGovernor] [RISK] strat=mean_reversion conf=0.60 vol=0.10 regime=CHOP perf=neutral margin=0.00 risk=0.0019
2026-04-15 12:58:22,293 [INFO] [RiskGovernor] [RISK] strat=mean_reversion conf=0.60 vol=0.15 regime=CHOP perf=neutral margin=0.00 risk=0.0019
2026-04-15 12:58:34,470 [INFO] [RiskGovernor] [RISK] strat=mean_reversion conf=0.60 vol=0.11 regime=CHOP perf=neutral margin=0.00 risk=0.0019
2026-04-15 12:58:52,568 [INFO] [RiskGovernor] [RISK] strat=mean_reversion conf=0.60 vol=0.15 regime=CHOP perf=neutral margin=0.00 risk=0.0019
2026-04-15 12:59:07,090 [INFO] [RiskGovernor] [RISK] strat=mean_reversion conf=0.60 vol=0.14 regime=CHOP perf=neutral margin=0.00 risk=0.0019
2026-04-15 12:59:12,015 [INFO] [RiskGovernor] [RISK] strat=mean_reversion conf=0.60 vol=0.13 regime=CHOP perf=neutral margin=0.00 risk=0.0019
2026-04-15 12:59:15,693 [INFO] [RiskGovernor] [RISK] strat=mean_reversion conf=0.60 vol=0.14 regime=CHOP perf=neutral margin=0.00 risk=0.0019
2026-04-15 12:59:22,992 [INFO] [RiskGovernor] [RISK] strat=mean_reversion conf=0.60 vol=0.10 regime=CHOP perf=neutral margin=0.00 risk=0.0019
2026-04-15 12:59:30,287 [INFO] [RiskGovernor] [RISK] strat=mean_reversion conf=0.62 vol=0.09 regime=CHOP perf=neutral margin=0.00 risk=0.0020
2026-04-15 12:59:42,450 [INFO] [RiskGovernor] [RISK] strat=mean_reversion conf=0.61 vol=0.10 regime=CHOP perf=neutral margin=0.00 risk=0.0020
2026-04-15 12:59:44,918 [INFO] [RiskGovernor] [RISK] strat=mean_reversion conf=0.60 vol=0.15 regime=CHOP perf=neutral margin=0.00 risk=0.0019
2026-04-15 12:59:59,420 [INFO] [RiskGovernor] [RISK] strat=mean_reversion conf=0.60 vol=0.11 regime=CHOP perf=neutral margin=0.00 risk=0.0019
2026-04-15 13:00:05,620 [INFO] [RiskGovernor] [RISK] strat=mean_reversion conf=0.60 vol=0.12 regime=CHOP perf=neutral margin=0.00 risk=0.0019
2026-04-15 13:00:23,717 [INFO] [RiskGovernor] [RISK] strat=mean_reversion conf=0.60 vol=0.10 regime=CHOP perf=neutral margin=0.00 risk=0.0019
2026-04-15 13:00:28,728 [INFO] [RiskGovernor] [RISK] strat=mean_reversion conf=0.64 vol=0.08 regime=CHOP perf=neutral margin=0.00 risk=0.0021
2026-04-15 13:00:50,508 [INFO] [RiskGovernor] [RISK] strat=mean_reversion conf=0.61 vol=0.09 regime=CHOP perf=neutral margin=0.00 risk=0.0020
2026-04-15 13:00:53,026 [INFO] [RiskGovernor] [RISK] strat=mean_reversion conf=0.60 vol=0.10 regime=CHOP perf=neutral margin=0.00 risk=0.0019
2026-04-15 13:01:04,082 [INFO] [RiskGovernor] [RISK] strat=mean_reversion conf=0.63 vol=0.08 regime=CHOP perf=neutral margin=0.00 risk=0.0020
2026-04-15 13:01:17,654 [INFO] [RiskGovernor] [RISK] strat=mean_reversion conf=0.61 vol=0.09 regime=CHOP perf=neutral margin=0.00 risk=0.0020
2026-04-15 13:01:29,814 [INFO] [RiskGovernor] [RISK] strat=mean_reversion conf=0.61 vol=0.09 regime=CHOP perf=neutral margin=0.00 risk=0.0020
2026-04-15 13:01:42,007 [INFO] [RiskGovernor] [RISK] strat=mean_reversion conf=0.60 vol=0.11 regime=CHOP perf=neutral margin=0.00 risk=0.0019
2026-04-15 13:01:44,523 [INFO] [RiskGovernor] [RISK] strat=mean_reversion conf=0.60 vol=0.12 regime=CHOP perf=neutral margin=0.00 risk=0.0019
2026-04-15 13:01:55,498 [INFO] [RiskGovernor] [RISK] strat=mean_reversion conf=0.60 vol=0.10 regime=CHOP perf=neutral margin=0.00 risk=0.0019
2026-04-15 13:02:06,467 [INFO] [RiskGovernor] [RISK] strat=mean_reversion conf=0.60 vol=0.11 regime=CHOP perf=neutral margin=0.00 risk=0.0019
2026-04-15 13:02:07,752 [INFO] [RiskGovernor] [RISK] strat=mean_reversion conf=0.60 vol=0.12 regime=CHOP perf=neutral margin=0.00 risk=0.0019
2026-04-15 13:02:18,682 [INFO] [RiskGovernor] [RISK] strat=mean_reversion conf=0.60 vol=0.10 regime=CHOP perf=neutral margin=0.00 risk=0.0019
2026-04-15 13:02:37,989 [INFO] [RiskGovernor] [RISK] strat=mean_reversion conf=0.60 vol=0.15 regime=CHOP perf=neutral margin=0.00 risk=0.0019
2026-04-15 13:02:39,273 [INFO] [RiskGovernor] [RISK] strat=mean_reversion conf=0.60 vol=0.11 regime=CHOP perf=neutral margin=0.00 risk=0.0019
2026-04-15 13:02:58,650 [INFO] [RiskGovernor] [RISK] strat=mean_reversion conf=0.61 vol=0.09 regime=CHOP perf=neutral margin=0.00 risk=0.0020
2026-04-15 13:03:13,226 [INFO] [RiskGovernor] [RISK] strat=mean_reversion conf=0.60 vol=0.10 regime=CHOP perf=neutral margin=0.00 risk=0.0019
2026-04-15 13:03:27,800 [INFO] [RiskGovernor] [RISK] strat=mean_reversion conf=0.61 vol=0.10 regime=CHOP perf=neutral margin=0.00 risk=0.0020
2026-04-15 13:03:33,871 [INFO] [RiskGovernor] [RISK] strat=mean_reversion conf=0.60 vol=0.12 regime=CHOP perf=neutral margin=0.00 risk=0.0019
2026-04-15 13:03:36,344 [INFO] [RiskGovernor] [RISK] strat=mean_reversion conf=0.60 vol=0.14 regime=CHOP perf=neutral margin=0.00 risk=0.0019
2026-04-15 13:03:40,045 [INFO] [RiskGovernor] [RISK] strat=mean_reversion conf=0.60 vol=0.10 regime=CHOP perf=neutral margin=0.00 risk=0.0019
2026-04-15 13:04:00,491 [INFO] [RiskGovernor] [RISK] strat=mean_reversion conf=0.60 vol=0.13 regime=CHOP perf=neutral margin=0.00 risk=0.0019
2026-04-15 13:04:17,838 [INFO] [RiskGovernor] [RISK] strat=mean_reversion conf=0.60 vol=0.13 regime=CHOP perf=neutral margin=0.00 risk=0.0019
2026-04-15 13:04:33,573 [INFO] [RiskGovernor] [RISK] strat=mean_reversion conf=0.60 vol=0.13 regime=CHOP perf=neutral margin=0.00 risk=0.0019
2026-04-15 13:04:46,938 [INFO] [RiskGovernor] [RISK] strat=mean_reversion conf=0.60 vol=0.10 regime=CHOP perf=neutral margin=0.00 risk=0.0019
2026-04-15 13:05:06,230 [INFO] [RiskGovernor] [RISK] strat=mean_reversion conf=0.61 vol=0.09 regime=CHOP perf=neutral margin=0.00 risk=0.0020
2026-04-15 13:05:17,160 [INFO] [RiskGovernor] [RISK] strat=mean_reversion conf=0.60 vol=0.10 regime=CHOP perf=neutral margin=0.00 risk=0.0019
2026-04-15 13:05:28,154 [INFO] [RiskGovernor] [RISK] strat=mean_reversion conf=0.60 vol=0.14 regime=CHOP perf=neutral margin=0.00 risk=0.0019
2026-04-15 13:05:41,476 [INFO] [RiskGovernor] [RISK] strat=mean_reversion conf=0.60 vol=0.12 regime=CHOP perf=neutral margin=0.00 risk=0.0019
2026-04-15 13:05:43,960 [INFO] [RiskGovernor] [RISK] strat=mean_reversion conf=0.61 vol=0.09 regime=CHOP perf=neutral margin=0.00 risk=0.0020
2026-04-15 13:05:50,002 [INFO] [RiskGovernor] [RISK] strat=mean_reversion conf=0.63 vol=0.09 regime=CHOP perf=neutral margin=0.00 risk=0.0020
2026-04-15 13:06:00,958 [INFO] [RiskGovernor] [RISK] strat=mean_reversion conf=0.60 vol=0.10 regime=CHOP perf=neutral margin=0.00 risk=0.0019
2026-04-15 13:06:13,090 [INFO] [RiskGovernor] [RISK] strat=mean_reversion conf=0.60 vol=0.11 regime=CHOP perf=neutral margin=0.00 risk=0.0019
2026-04-15 13:06:16,771 [INFO] [RiskGovernor] [RISK] strat=mean_reversion conf=0.60 vol=0.10 regime=CHOP perf=neutral margin=0.00 risk=0.0019
2026-04-15 13:06:27,687 [INFO] [RiskGovernor] [RISK] strat=mean_reversion conf=0.60 vol=0.11 regime=CHOP perf=neutral margin=0.00 risk=0.0019
2026-04-15 13:06:30,165 [INFO] [RiskGovernor] [RISK] strat=mean_reversion conf=0.60 vol=0.12 regime=CHOP perf=neutral margin=0.00 risk=0.0019
2026-04-15 13:06:32,642 [INFO] [RiskGovernor] [RISK] strat=mean_reversion conf=0.60 vol=0.13 regime=CHOP perf=neutral margin=0.00 risk=0.0019
2026-04-15 13:06:43,668 [INFO] [RiskGovernor] [RISK] strat=mean_reversion conf=0.63 vol=0.09 regime=CHOP perf=neutral margin=0.00 risk=0.0020
2026-04-15 13:06:55,843 [INFO] [RiskGovernor] [RISK] strat=mean_reversion conf=0.60 vol=0.11 regime=CHOP perf=neutral margin=0.00 risk=0.0019
2026-04-15 13:06:57,123 [INFO] [RiskGovernor] [RISK] strat=mean_reversion conf=0.60 vol=0.11 regime=CHOP perf=neutral margin=0.00 risk=0.0019
2026-04-15 13:06:58,408 [INFO] [RiskGovernor] [RISK] strat=mean_reversion conf=0.60 vol=0.12 regime=CHOP perf=neutral margin=0.00 risk=0.0019
2026-04-15 13:07:11,735 [INFO] [RiskGovernor] [RISK] strat=mean_reversion conf=0.60 vol=0.14 regime=CHOP perf=neutral margin=0.00 risk=0.0019
2026-04-15 13:07:26,461 [INFO] [RiskGovernor] [RISK] strat=mean_reversion conf=0.60 vol=0.11 regime=CHOP perf=neutral margin=0.00 risk=0.0019
2026-04-15 13:07:37,555 [INFO] [RiskGovernor] [RISK] strat=mean_reversion conf=0.60 vol=0.15 regime=CHOP perf=neutral margin=0.00 risk=0.0019
2026-04-15 13:07:47,667 [INFO] [RiskGovernor] [RISK] strat=mean_reversion conf=0.60 vol=0.13 regime=CHOP perf=neutral margin=0.00 risk=0.0019
2026-04-15 13:08:00,060 [INFO] [RiskGovernor] [RISK] strat=mean_reversion conf=0.60 vol=0.13 regime=CHOP perf=neutral margin=0.00 risk=0.0019
2026-04-15 13:08:02,573 [INFO] [RiskGovernor] [RISK] strat=mean_reversion conf=0.60 vol=0.10 regime=CHOP perf=neutral margin=0.00 risk=0.0019
2026-04-15 13:08:14,797 [INFO] [RiskGovernor] [RISK] strat=mean_reversion conf=0.61 vol=0.09 regime=CHOP perf=neutral margin=0.00 risk=0.0020
2026-04-15 13:08:31,950 [INFO] [RiskGovernor] [RISK] strat=mean_reversion conf=0.60 vol=0.10 regime=CHOP perf=neutral margin=0.00 risk=0.0019
2026-04-15 13:08:39,698 [INFO] [KnowledgeGraph] KnowledgeGraph initialized (runtime-safe).
2026-04-15 13:08:39,700 [INFO] [LearningEngine] KnowledgeGraph loaded.
2026-04-15 13:08:39,718 [INFO] [MemoryManager] MemoryManager initialized (runtime-safe).
2026-04-15 13:08:39,719 [INFO] [LearningEngine] MemoryManager loaded.
2026-04-15 13:08:39,877 [INFO] [LearningEngine] LearningEngine ready. ai_state_dir=C:\Users\dennis\Power_Trading_System\external_memory\ai_state read_only=True
2026-04-15 13:08:44,486 [INFO] [RiskGovernor] [RISK] strat=mean_reversion conf=0.60 vol=0.14 regime=CHOP perf=neutral margin=0.00 risk=0.0019
2026-04-15 13:09:10,255 [INFO] [RegimeClassifier] [REGIME] UNKNOWN → CHOP
2026-04-15 13:24:50,949 [INFO] [KnowledgeGraph] KnowledgeGraph initialized (runtime-safe).
2026-04-15 13:24:50,950 [INFO] [LearningEngine] KnowledgeGraph loaded.
2026-04-15 13:24:50,966 [INFO] [MemoryManager] MemoryManager initialized (runtime-safe).
2026-04-15 13:24:50,967 [INFO] [LearningEngine] MemoryManager loaded.
2026-04-15 13:24:51,118 [INFO] [LearningEngine] LearningEngine ready. ai_state_dir=C:\Users\dennis\Power_Trading_System\external_memory\ai_state read_only=True
2026-04-15 13:25:20,610 [INFO] [RegimeClassifier] [REGIME] UNKNOWN → CHOP
